[0.553s] DEBUG:colcon:Command line arguments: ['/usr/bin/colcon', 'list', '-p', '--base-paths', '/home/vboxuser/github/semester_1/programming/enpm702_group3/rwa4_3/rwa4_ws']
[0.576s] DEBUG:colcon:Parsed command line arguments: Namespace(log_base=None, log_level=None, verb_name='list', build_base='build', ignore_user_meta=False, metas=['./colcon.meta'], base_paths=['/home/vboxuser/github/semester_1/programming/enpm702_group3/rwa4_3/rwa4_ws'], packages_ignore=None, packages_ignore_regex=None, paths=None, packages_up_to=None, packages_up_to_regex=None, packages_above=None, packages_above_and_dependencies=None, packages_above_depth=None, packages_select_by_dep=None, packages_skip_by_dep=None, packages_skip_up_to=None, packages_select_build_failed=False, packages_skip_build_finished=False, packages_select_test_failures=False, packages_skip_test_passed=False, packages_select=None, packages_skip=None, packages_select_regex=None, packages_skip_regex=None, packages_start=None, packages_end=None, allow_overriding=[], topological_order=False, names_only=False, paths_only=True, topological_graph=False, topological_graph_dot=False, topological_graph_density=False, topological_graph_legend=False, topological_graph_dot_cluster=False, topological_graph_dot_include_skipped=False, verb_parser=<colcon_defaults.argument_parser.defaults.DefaultArgumentsDecorator object at 0x71b793753550>, verb_extension=<colcon_package_information.verb.list.ListVerb object at 0x71b7937519f0>, main=<bound method ListVerb.main of <colcon_package_information.verb.list.ListVerb object at 0x71b7937519f0>>)
[2.138s] Level 1:colcon.colcon_core.package_discovery:discover_packages(colcon_meta) check parameters
[2.138s] Level 1:colcon.colcon_core.package_discovery:discover_packages(recursive) check parameters
[2.140s] Level 1:colcon.colcon_core.package_discovery:discover_packages(ignore) check parameters
[2.140s] Level 1:colcon.colcon_core.package_discovery:discover_packages(path) check parameters
[2.140s] Level 1:colcon.colcon_core.package_discovery:discover_packages(recursive) discover
[2.140s] INFO:colcon.colcon_core.package_discovery:Crawling recursively for packages in '/home/vboxuser/github/semester_1/programming/enpm702_group3/rwa4_3/rwa4_ws'
[2.140s] Level 1:colcon.colcon_core.package_identification:_identify(/home/vboxuser/github/semester_1/programming/enpm702_group3/rwa4_3/rwa4_ws) by extensions ['ignore', 'ignore_ament_install']
[2.144s] Level 1:colcon.colcon_core.package_identification:_identify(/home/vboxuser/github/semester_1/programming/enpm702_group3/rwa4_3/rwa4_ws) by extension 'ignore'
[2.144s] Level 1:colcon.colcon_core.package_identification:_identify(/home/vboxuser/github/semester_1/programming/enpm702_group3/rwa4_3/rwa4_ws) by extension 'ignore_ament_install'
[2.145s] Level 1:colcon.colcon_core.package_identification:_identify(/home/vboxuser/github/semester_1/programming/enpm702_group3/rwa4_3/rwa4_ws) by extensions ['colcon_pkg']
[2.145s] Level 1:colcon.colcon_core.package_identification:_identify(/home/vboxuser/github/semester_1/programming/enpm702_group3/rwa4_3/rwa4_ws) by extension 'colcon_pkg'
[2.145s] Level 1:colcon.colcon_core.package_identification:_identify(/home/vboxuser/github/semester_1/programming/enpm702_group3/rwa4_3/rwa4_ws) by extensions ['colcon_meta']
[2.145s] Level 1:colcon.colcon_core.package_identification:_identify(/home/vboxuser/github/semester_1/programming/enpm702_group3/rwa4_3/rwa4_ws) by extension 'colcon_meta'
[2.145s] Level 1:colcon.colcon_core.package_identification:_identify(/home/vboxuser/github/semester_1/programming/enpm702_group3/rwa4_3/rwa4_ws) by extensions ['ros']
[2.145s] Level 1:colcon.colcon_core.package_identification:_identify(/home/vboxuser/github/semester_1/programming/enpm702_group3/rwa4_3/rwa4_ws) by extension 'ros'
[2.356s] Level 1:colcon.colcon_core.package_identification:_identify(/home/vboxuser/github/semester_1/programming/enpm702_group3/rwa4_3/rwa4_ws) by extensions ['cmake', 'python']
[2.356s] Level 1:colcon.colcon_core.package_identification:_identify(/home/vboxuser/github/semester_1/programming/enpm702_group3/rwa4_3/rwa4_ws) by extension 'cmake'
[2.367s] Level 1:colcon.colcon_core.package_identification:_identify(/home/vboxuser/github/semester_1/programming/enpm702_group3/rwa4_3/rwa4_ws) by extension 'python'
[2.367s] Level 1:colcon.colcon_core.package_identification:_identify(/home/vboxuser/github/semester_1/programming/enpm702_group3/rwa4_3/rwa4_ws) by extensions ['python_setup_py']
[2.367s] Level 1:colcon.colcon_core.package_identification:_identify(/home/vboxuser/github/semester_1/programming/enpm702_group3/rwa4_3/rwa4_ws) by extension 'python_setup_py'
[2.368s] Level 1:colcon.colcon_core.package_identification:_identify(/home/vboxuser/github/semester_1/programming/enpm702_group3/rwa4_3/rwa4_ws/build) by extensions ['ignore', 'ignore_ament_install']
[2.386s] Level 1:colcon.colcon_core.package_identification:_identify(/home/vboxuser/github/semester_1/programming/enpm702_group3/rwa4_3/rwa4_ws/build) by extension 'ignore'
[2.386s] Level 1:colcon.colcon_core.package_identification:_identify(/home/vboxuser/github/semester_1/programming/enpm702_group3/rwa4_3/rwa4_ws/build) ignored
[2.414s] Level 1:colcon.colcon_core.package_identification:_identify(/home/vboxuser/github/semester_1/programming/enpm702_group3/rwa4_3/rwa4_ws/install) by extensions ['ignore', 'ignore_ament_install']
[2.415s] Level 1:colcon.colcon_core.package_identification:_identify(/home/vboxuser/github/semester_1/programming/enpm702_group3/rwa4_3/rwa4_ws/install) by extension 'ignore'
[2.415s] Level 1:colcon.colcon_core.package_identification:_identify(/home/vboxuser/github/semester_1/programming/enpm702_group3/rwa4_3/rwa4_ws/install) ignored
[2.423s] Level 1:colcon.colcon_core.package_identification:_identify(/home/vboxuser/github/semester_1/programming/enpm702_group3/rwa4_3/rwa4_ws/log) by extensions ['ignore', 'ignore_ament_install']
[2.424s] Level 1:colcon.colcon_core.package_identification:_identify(/home/vboxuser/github/semester_1/programming/enpm702_group3/rwa4_3/rwa4_ws/log) by extension 'ignore'
[2.429s] Level 1:colcon.colcon_core.package_identification:_identify(/home/vboxuser/github/semester_1/programming/enpm702_group3/rwa4_3/rwa4_ws/log) ignored
[2.431s] Level 1:colcon.colcon_core.package_identification:_identify(/home/vboxuser/github/semester_1/programming/enpm702_group3/rwa4_3/rwa4_ws/src) by extensions ['ignore', 'ignore_ament_install']
[2.433s] Level 1:colcon.colcon_core.package_identification:_identify(/home/vboxuser/github/semester_1/programming/enpm702_group3/rwa4_3/rwa4_ws/src) by extension 'ignore'
[2.436s] Level 1:colcon.colcon_core.package_identification:_identify(/home/vboxuser/github/semester_1/programming/enpm702_group3/rwa4_3/rwa4_ws/src) by extension 'ignore_ament_install'
[2.437s] Level 1:colcon.colcon_core.package_identification:_identify(/home/vboxuser/github/semester_1/programming/enpm702_group3/rwa4_3/rwa4_ws/src) by extensions ['colcon_pkg']
[2.437s] Level 1:colcon.colcon_core.package_identification:_identify(/home/vboxuser/github/semester_1/programming/enpm702_group3/rwa4_3/rwa4_ws/src) by extension 'colcon_pkg'
[2.443s] Level 1:colcon.colcon_core.package_identification:_identify(/home/vboxuser/github/semester_1/programming/enpm702_group3/rwa4_3/rwa4_ws/src) by extensions ['colcon_meta']
[2.447s] Level 1:colcon.colcon_core.package_identification:_identify(/home/vboxuser/github/semester_1/programming/enpm702_group3/rwa4_3/rwa4_ws/src) by extension 'colcon_meta'
[2.448s] Level 1:colcon.colcon_core.package_identification:_identify(/home/vboxuser/github/semester_1/programming/enpm702_group3/rwa4_3/rwa4_ws/src) by extensions ['ros']
[2.448s] Level 1:colcon.colcon_core.package_identification:_identify(/home/vboxuser/github/semester_1/programming/enpm702_group3/rwa4_3/rwa4_ws/src) by extension 'ros'
[2.448s] Level 1:colcon.colcon_core.package_identification:_identify(/home/vboxuser/github/semester_1/programming/enpm702_group3/rwa4_3/rwa4_ws/src) by extensions ['cmake', 'python']
[2.448s] Level 1:colcon.colcon_core.package_identification:_identify(/home/vboxuser/github/semester_1/programming/enpm702_group3/rwa4_3/rwa4_ws/src) by extension 'cmake'
[2.448s] Level 1:colcon.colcon_core.package_identification:_identify(/home/vboxuser/github/semester_1/programming/enpm702_group3/rwa4_3/rwa4_ws/src) by extension 'python'
[2.448s] Level 1:colcon.colcon_core.package_identification:_identify(/home/vboxuser/github/semester_1/programming/enpm702_group3/rwa4_3/rwa4_ws/src) by extensions ['python_setup_py']
[2.448s] Level 1:colcon.colcon_core.package_identification:_identify(/home/vboxuser/github/semester_1/programming/enpm702_group3/rwa4_3/rwa4_ws/src) by extension 'python_setup_py'
[2.448s] Level 1:colcon.colcon_core.package_identification:_identify(/home/vboxuser/github/semester_1/programming/enpm702_group3/rwa4_3/rwa4_ws/src/build) by extensions ['ignore', 'ignore_ament_install']
[2.448s] Level 1:colcon.colcon_core.package_identification:_identify(/home/vboxuser/github/semester_1/programming/enpm702_group3/rwa4_3/rwa4_ws/src/build) by extension 'ignore'
[2.448s] Level 1:colcon.colcon_core.package_identification:_identify(/home/vboxuser/github/semester_1/programming/enpm702_group3/rwa4_3/rwa4_ws/src/build) ignored
[2.448s] Level 1:colcon.colcon_core.package_identification:_identify(/home/vboxuser/github/semester_1/programming/enpm702_group3/rwa4_3/rwa4_ws/src/group3_rwa4) by extensions ['ignore', 'ignore_ament_install']
[2.448s] Level 1:colcon.colcon_core.package_identification:_identify(/home/vboxuser/github/semester_1/programming/enpm702_group3/rwa4_3/rwa4_ws/src/group3_rwa4) by extension 'ignore'
[2.449s] Level 1:colcon.colcon_core.package_identification:_identify(/home/vboxuser/github/semester_1/programming/enpm702_group3/rwa4_3/rwa4_ws/src/group3_rwa4) by extension 'ignore_ament_install'
[2.456s] Level 1:colcon.colcon_core.package_identification:_identify(/home/vboxuser/github/semester_1/programming/enpm702_group3/rwa4_3/rwa4_ws/src/group3_rwa4) by extensions ['colcon_pkg']
[2.456s] Level 1:colcon.colcon_core.package_identification:_identify(/home/vboxuser/github/semester_1/programming/enpm702_group3/rwa4_3/rwa4_ws/src/group3_rwa4) by extension 'colcon_pkg'
[2.456s] Level 1:colcon.colcon_core.package_identification:_identify(/home/vboxuser/github/semester_1/programming/enpm702_group3/rwa4_3/rwa4_ws/src/group3_rwa4) by extensions ['colcon_meta']
[2.464s] Level 1:colcon.colcon_core.package_identification:_identify(/home/vboxuser/github/semester_1/programming/enpm702_group3/rwa4_3/rwa4_ws/src/group3_rwa4) by extension 'colcon_meta'
[2.468s] Level 1:colcon.colcon_core.package_identification:_identify(/home/vboxuser/github/semester_1/programming/enpm702_group3/rwa4_3/rwa4_ws/src/group3_rwa4) by extensions ['ros']
[2.468s] Level 1:colcon.colcon_core.package_identification:_identify(/home/vboxuser/github/semester_1/programming/enpm702_group3/rwa4_3/rwa4_ws/src/group3_rwa4) by extension 'ros'
[2.473s] DEBUG:colcon.colcon_core.package_identification:Package '/home/vboxuser/github/semester_1/programming/enpm702_group3/rwa4_3/rwa4_ws/src/group3_rwa4' with type 'ros.ament_cmake' and name 'group3_rwa4'
[2.474s] Level 1:colcon.colcon_core.package_identification:_identify(/home/vboxuser/github/semester_1/programming/enpm702_group3/rwa4_3/rwa4_ws/src/install) by extensions ['ignore', 'ignore_ament_install']
[2.474s] Level 1:colcon.colcon_core.package_identification:_identify(/home/vboxuser/github/semester_1/programming/enpm702_group3/rwa4_3/rwa4_ws/src/install) by extension 'ignore'
[2.474s] Level 1:colcon.colcon_core.package_identification:_identify(/home/vboxuser/github/semester_1/programming/enpm702_group3/rwa4_3/rwa4_ws/src/install) ignored
[2.475s] Level 1:colcon.colcon_core.package_identification:_identify(/home/vboxuser/github/semester_1/programming/enpm702_group3/rwa4_3/rwa4_ws/src/log) by extensions ['ignore', 'ignore_ament_install']
[2.480s] Level 1:colcon.colcon_core.package_identification:_identify(/home/vboxuser/github/semester_1/programming/enpm702_group3/rwa4_3/rwa4_ws/src/log) by extension 'ignore'
[2.480s] Level 1:colcon.colcon_core.package_identification:_identify(/home/vboxuser/github/semester_1/programming/enpm702_group3/rwa4_3/rwa4_ws/src/log) ignored
[2.480s] Level 1:colcon.colcon_core.package_discovery:discover_packages(recursive) using defaults
