[0.086s] Invoking command in '/home/vboxuser/github/semester_1/programming/enpm702_group3/group3_rwa4/build/group3_rwa4': CMAKE_PREFIX_PATH=${CMAKE_PREFIX_PATH}:/home/vboxuser/ros2_ws2/install/turtlebot3_teleop:/home/vboxuser/ros2_ws2/install/turtlebot3_example:/opt/ros/humble /usr/bin/cmake /home/vboxuser/github/semester_1/programming/enpm702_group3/group3_rwa4 -DCMAKE_INSTALL_PREFIX=/home/vboxuser/github/semester_1/programming/enpm702_group3/group3_rwa4/install/group3_rwa4
[0.560s] -- The C compiler identification is GNU 11.4.0
[0.831s] -- The CXX compiler identification is GNU 11.4.0
[0.877s] -- Detecting C compiler ABI info
[1.104s] -- Detecting C compiler ABI info - done
[1.117s] -- Check for working C compiler: /usr/bin/cc - skipped
[1.124s] -- Detecting C compile features
[1.127s] -- Detecting C compile features - done
[1.138s] -- Detecting CXX compiler ABI info
[1.349s] -- Detecting CXX compiler ABI info - done
[1.366s] -- Check for working CXX compiler: /usr/bin/c++ - skipped
[1.368s] -- Detecting CXX compile features
[1.369s] -- Detecting CXX compile features - done
[1.411s] -- Found ament_cmake: 1.3.10 (/opt/ros/humble/share/ament_cmake/cmake)
[1.734s] -- Found Python3: /usr/bin/python3 (found version "3.10.12") found components: Interpreter 
[2.180s] -- Found rclcpp: 16.0.10 (/opt/ros/humble/share/rclcpp/cmake)
[2.415s] -- Found rosidl_generator_c: 3.1.5 (/opt/ros/humble/share/rosidl_generator_c/cmake)
[2.443s] -- Found rosidl_adapter: 3.1.5 (/opt/ros/humble/share/rosidl_adapter/cmake)
[2.482s] -- Found rosidl_generator_cpp: 3.1.5 (/opt/ros/humble/share/rosidl_generator_cpp/cmake)
[2.559s] -- Using all available rosidl_typesupport_c: rosidl_typesupport_fastrtps_c;rosidl_typesupport_introspection_c
[2.628s] -- Using all available rosidl_typesupport_cpp: rosidl_typesupport_fastrtps_cpp;rosidl_typesupport_introspection_cpp
[2.856s] -- Found rmw_implementation_cmake: 6.1.2 (/opt/ros/humble/share/rmw_implementation_cmake/cmake)
[2.877s] -- Found rmw_fastrtps_cpp: 6.2.7 (/opt/ros/humble/share/rmw_fastrtps_cpp/cmake)
[3.237s] -- Found OpenSSL: /usr/lib/x86_64-linux-gnu/libcrypto.so (found version "3.0.2")  
[3.307s] -- Found FastRTPS: /opt/ros/humble/include  
[3.388s] -- Using RMW implementation 'rmw_fastrtps_cpp' as default
[3.440s] -- Looking for pthread.h
[3.675s] -- Looking for pthread.h - found
[3.676s] -- Performing Test CMAKE_HAVE_LIBC_PTHREAD
[3.889s] -- Performing Test CMAKE_HAVE_LIBC_PTHREAD - Success
[3.889s] -- Found Threads: TRUE  
[4.126s] -- Found geometry_msgs: 4.2.4 (/opt/ros/humble/share/geometry_msgs/cmake)
[4.184s] -- Found nav_msgs: 4.2.4 (/opt/ros/humble/share/nav_msgs/cmake)
[4.300s] -- Found gazebo_ros: 3.7.0 (/opt/ros/humble/share/gazebo_ros/cmake)
[4.367s] -- Found PkgConfig: /usr/bin/pkg-config (found version "0.29.2") 
[4.370s] -- Checking for module 'bullet>=2.82'
[4.411s] --   Found bullet, version 3.05
[4.733s] -- Found fcl: /usr/include (found suitable version "0.7.0", minimum required is "0.5.0") 
[4.875s] -- Found assimp: /usr/include (found version "5.2.0") 
[4.953s] -- Found DART: /usr/include (Required is at least version "6.6") found components: dart 
[5.053s] -- Found Boost: /usr/lib/x86_64-linux-gnu/cmake/Boost-1.74.0/BoostConfig.cmake (found suitable version "1.74.0", minimum required is "1.40.0") found components: thread system filesystem program_options regex iostreams date_time 
[5.132s] -- Found Protobuf: /usr/lib/x86_64-linux-gnu/libprotobuf.so (found version "3.12.4") 
[5.149s] -- Looking for ignition-math6 -- found version 6.15.1
[5.187s] -- Searching for dependencies of ignition-math6
[5.205s] -- Looking for OGRE...
[5.206s] -- OGRE_PREFIX_WATCH changed.
[5.221s] -- Checking for module 'OGRE'
[5.264s] --   Found OGRE, version 1.9.0
[5.370s] -- Found Ogre Ghadamon (1.9.0)
[5.390s] -- Found OGRE: optimized;/usr/lib/x86_64-linux-gnu/libOgreMain.so;debug;/usr/lib/x86_64-linux-gnu/libOgreMain.so
[5.484s] -- Looking for OGRE_Paging...
[5.484s] -- Found OGRE_Paging: optimized;/usr/lib/x86_64-linux-gnu/libOgrePaging.so;debug;/usr/lib/x86_64-linux-gnu/libOgrePaging.so
[5.487s] -- Looking for OGRE_Terrain...
[5.487s] -- Found OGRE_Terrain: optimized;/usr/lib/x86_64-linux-gnu/libOgreTerrain.so;debug;/usr/lib/x86_64-linux-gnu/libOgreTerrain.so
[5.487s] -- Looking for OGRE_Property...
[5.487s] -- Found OGRE_Property: optimized;/usr/lib/x86_64-linux-gnu/libOgreProperty.so;debug;/usr/lib/x86_64-linux-gnu/libOgreProperty.so
[5.487s] -- Looking for OGRE_RTShaderSystem...
[5.487s] -- Found OGRE_RTShaderSystem: optimized;/usr/lib/x86_64-linux-gnu/libOgreRTShaderSystem.so;debug;/usr/lib/x86_64-linux-gnu/libOgreRTShaderSystem.so
[5.487s] -- Looking for OGRE_Volume...
[5.487s] -- Found OGRE_Volume: optimized;/usr/lib/x86_64-linux-gnu/libOgreVolume.so;debug;/usr/lib/x86_64-linux-gnu/libOgreVolume.so
[5.488s] -- Looking for OGRE_Overlay...
[5.488s] -- Found OGRE_Overlay: optimized;/usr/lib/x86_64-linux-gnu/libOgreOverlay.so;debug;/usr/lib/x86_64-linux-gnu/libOgreOverlay.so
[5.673s] -- Looking for ignition-math6 -- found version 6.15.1
[5.698s] -- Looking for ignition-transport8 -- found version 8.2.1
[5.700s] -- Searching for dependencies of ignition-transport8
[5.739s] -- Found Protobuf: /usr/lib/x86_64-linux-gnu/libprotobuf.so (found suitable version "3.12.4", minimum required is "3") 
[5.761s] -- Config-file not installed for ZeroMQ -- checking for pkg-config
[5.780s] -- Checking for module 'libzmq >= 4'
[5.847s] --   Found libzmq , version 4.3.4
[5.966s] -- Found ZeroMQ: TRUE (Required is at least version "4") 
[5.991s] -- Checking for module 'uuid'
[6.032s] --   Found uuid, version 2.37.2
[6.116s] -- Found UUID: TRUE  
[6.156s] -- Looking for ignition-msgs5 -- found version 5.8.1
[6.156s] -- Searching for dependencies of ignition-msgs5
[6.168s] -- Looking for ignition-math6 -- found version 6.15.1
[6.184s] -- Checking for module 'tinyxml2'
[6.231s] --   Found tinyxml2, version 9.0.0
[6.346s] -- Looking for ignition-msgs5 -- found version 5.8.1
[6.358s] -- Looking for ignition-common3 -- found version 3.14.0
[6.360s] -- Searching for dependencies of ignition-common3
[6.363s] -- Looking for dlfcn.h - found
[6.366s] -- Looking for libdl - found
[6.377s] -- Found DL: TRUE  
[6.427s] -- Found tinyobjloader: /usr/lib/x86_64-linux-gnu/cmake/tinyobjloader/tinyobjloader-config.cmake (found version "2.0.0") 
[6.428s] -- Searching for <ignition-common3> component [graphics]
[6.437s] -- Looking for ignition-common3-graphics -- found version 3.14.0
[6.438s] -- Searching for dependencies of ignition-common3-graphics
[6.439s] -- Looking for ignition-math6 -- found version 6.15.1
[6.452s] -- Looking for ignition-fuel_tools4 -- found version 4.4.0
[6.453s] -- Searching for dependencies of ignition-fuel_tools4
[6.683s] -- Found CURL: /usr/lib/x86_64-linux-gnu/libcurl.so (found version "7.81.0")  
[6.720s] -- Checking for module 'jsoncpp'
[6.769s] --   Found jsoncpp, version 1.9.5
[6.867s] -- Found JSONCPP: TRUE  
[6.885s] -- Checking for module 'libzip'
[6.932s] --   Found libzip, version 1.7.3
[7.045s] -- Found ZIP: TRUE  
[7.046s] -- Looking for ignition-common3 -- found version 3.14.0
[7.047s] -- Looking for ignition-math6 -- found version 6.15.1
[7.048s] -- Looking for ignition-msgs5 -- found version 5.8.1
[7.073s] -- Gazebo version: 11.10
[7.079s] -- Checking for module 'tbb'
[7.121s] --   Found tbb, version 2021.5.0
[7.252s] -- Found ament_lint_auto: 0.12.11 (/opt/ros/humble/share/ament_lint_auto/cmake)
[7.510s] -- Added test 'copyright' to check source files copyright and LICENSE
[7.516s] -- Added test 'cppcheck' to perform static code analysis on C / C++ code
[7.517s] -- Configured cppcheck include dirs: 
[7.517s] -- Configured cppcheck exclude dirs and/or files: 
[7.524s] -- Added test 'cpplint' to check C / C++ code against the Google style
[7.524s] -- Configured cpplint exclude dirs and/or files: 
[7.528s] -- Added test 'lint_cmake' to check CMake code style
[7.536s] -- Added test 'uncrustify' to check C / C++ code style
[7.536s] -- Configured uncrustify additional arguments: 
[7.540s] -- Added test 'xmllint' to check XML markup files
[7.553s] -- Configuring done
[7.568s] -- Generating done
[7.577s] -- Build files have been written to: /home/vboxuser/github/semester_1/programming/enpm702_group3/group3_rwa4/build/group3_rwa4
[7.615s] Invoked command in '/home/vboxuser/github/semester_1/programming/enpm702_group3/group3_rwa4/build/group3_rwa4' returned '0': CMAKE_PREFIX_PATH=${CMAKE_PREFIX_PATH}:/home/vboxuser/ros2_ws2/install/turtlebot3_teleop:/home/vboxuser/ros2_ws2/install/turtlebot3_example:/opt/ros/humble /usr/bin/cmake /home/vboxuser/github/semester_1/programming/enpm702_group3/group3_rwa4 -DCMAKE_INSTALL_PREFIX=/home/vboxuser/github/semester_1/programming/enpm702_group3/group3_rwa4/install/group3_rwa4
[7.621s] Invoking command in '/home/vboxuser/github/semester_1/programming/enpm702_group3/group3_rwa4/build/group3_rwa4': CMAKE_PREFIX_PATH=${CMAKE_PREFIX_PATH}:/home/vboxuser/ros2_ws2/install/turtlebot3_teleop:/home/vboxuser/ros2_ws2/install/turtlebot3_example:/opt/ros/humble /usr/bin/cmake --build /home/vboxuser/github/semester_1/programming/enpm702_group3/group3_rwa4/build/group3_rwa4 -- -j3 -l3
[7.728s] Invoked command in '/home/vboxuser/github/semester_1/programming/enpm702_group3/group3_rwa4/build/group3_rwa4' returned '0': CMAKE_PREFIX_PATH=${CMAKE_PREFIX_PATH}:/home/vboxuser/ros2_ws2/install/turtlebot3_teleop:/home/vboxuser/ros2_ws2/install/turtlebot3_example:/opt/ros/humble /usr/bin/cmake --build /home/vboxuser/github/semester_1/programming/enpm702_group3/group3_rwa4/build/group3_rwa4 -- -j3 -l3
[7.860s] Invoking command in '/home/vboxuser/github/semester_1/programming/enpm702_group3/group3_rwa4/build/group3_rwa4': CMAKE_PREFIX_PATH=${CMAKE_PREFIX_PATH}:/home/vboxuser/ros2_ws2/install/turtlebot3_teleop:/home/vboxuser/ros2_ws2/install/turtlebot3_example:/opt/ros/humble /usr/bin/cmake --install /home/vboxuser/github/semester_1/programming/enpm702_group3/group3_rwa4/build/group3_rwa4
[7.877s] -- Install configuration: ""
[7.878s] -- Installing: /home/vboxuser/github/semester_1/programming/enpm702_group3/group3_rwa4/install/group3_rwa4/share/ament_index/resource_index/package_run_dependencies/group3_rwa4
[7.878s] -- Installing: /home/vboxuser/github/semester_1/programming/enpm702_group3/group3_rwa4/install/group3_rwa4/share/ament_index/resource_index/parent_prefix_path/group3_rwa4
[7.881s] -- Installing: /home/vboxuser/github/semester_1/programming/enpm702_group3/group3_rwa4/install/group3_rwa4/share/group3_rwa4/environment/ament_prefix_path.sh
[7.881s] -- Installing: /home/vboxuser/github/semester_1/programming/enpm702_group3/group3_rwa4/install/group3_rwa4/share/group3_rwa4/environment/ament_prefix_path.dsv
[7.881s] -- Installing: /home/vboxuser/github/semester_1/programming/enpm702_group3/group3_rwa4/install/group3_rwa4/share/group3_rwa4/environment/path.sh
[7.881s] -- Installing: /home/vboxuser/github/semester_1/programming/enpm702_group3/group3_rwa4/install/group3_rwa4/share/group3_rwa4/environment/path.dsv
[7.881s] -- Installing: /home/vboxuser/github/semester_1/programming/enpm702_group3/group3_rwa4/install/group3_rwa4/share/group3_rwa4/local_setup.bash
[7.882s] -- Installing: /home/vboxuser/github/semester_1/programming/enpm702_group3/group3_rwa4/install/group3_rwa4/share/group3_rwa4/local_setup.sh
[7.882s] -- Installing: /home/vboxuser/github/semester_1/programming/enpm702_group3/group3_rwa4/install/group3_rwa4/share/group3_rwa4/local_setup.zsh
[7.883s] -- Installing: /home/vboxuser/github/semester_1/programming/enpm702_group3/group3_rwa4/install/group3_rwa4/share/group3_rwa4/local_setup.dsv
[7.884s] -- Installing: /home/vboxuser/github/semester_1/programming/enpm702_group3/group3_rwa4/install/group3_rwa4/share/group3_rwa4/package.dsv
[7.884s] -- Installing: /home/vboxuser/github/semester_1/programming/enpm702_group3/group3_rwa4/install/group3_rwa4/share/ament_index/resource_index/packages/group3_rwa4
[7.884s] -- Installing: /home/vboxuser/github/semester_1/programming/enpm702_group3/group3_rwa4/install/group3_rwa4/share/group3_rwa4/cmake/group3_rwa4Config.cmake
[7.885s] -- Installing: /home/vboxuser/github/semester_1/programming/enpm702_group3/group3_rwa4/install/group3_rwa4/share/group3_rwa4/cmake/group3_rwa4Config-version.cmake
[7.885s] -- Installing: /home/vboxuser/github/semester_1/programming/enpm702_group3/group3_rwa4/install/group3_rwa4/share/group3_rwa4/package.xml
[7.889s] Invoked command in '/home/vboxuser/github/semester_1/programming/enpm702_group3/group3_rwa4/build/group3_rwa4' returned '0': CMAKE_PREFIX_PATH=${CMAKE_PREFIX_PATH}:/home/vboxuser/ros2_ws2/install/turtlebot3_teleop:/home/vboxuser/ros2_ws2/install/turtlebot3_example:/opt/ros/humble /usr/bin/cmake --install /home/vboxuser/github/semester_1/programming/enpm702_group3/group3_rwa4/build/group3_rwa4
