[0.073s] Invoking command in '/home/vboxuser/github/semester_1/programming/enpm702_group3/rwa5_3/rwa5_ws/build/group3_rwa5': CMAKE_PREFIX_PATH=/home/vboxuser/github/semester_1/programming/enpm702_group3/rwa5_3/rwa5_ws/install/bot_waypoint_msgs:/home/vboxuser/ros2_ws2/install/turtlebot3:/home/vboxuser/ros2_ws2/install/turtlebot3_simulations:/home/vboxuser/ros2_ws2/install/turtlebot3_bringup:/home/vboxuser/ros2_ws2/install/turtlebot3_node:/home/vboxuser/ros2_ws2/install/turtlebot3_navigation2:/home/vboxuser/ros2_ws2/install/turtlebot3_fake_node:/home/vboxuser/ros2_ws2/install/turtlebot3_msgs:/home/vboxuser/ros2_ws2/install/turtlebot3_gazebo:/home/vboxuser/ros2_ws2/install/turtlebot3_description:/home/vboxuser/ros2_ws2/install/turtlebot3_cartographer:/home/vboxuser/ros2_ws2/install/ld08_driver:/home/vboxuser/ros2_ws2/install/hls_lfcd_lds_driver:/home/vboxuser/ros2_ws2/install/first_package:/home/vboxuser/ros2_ws2/install/dynamixel_sdk_examples:/home/vboxuser/ros2_ws2/install/dynamixel_sdk_custom_interfaces:/home/vboxuser/ros2_ws2/install/dynamixel_sdk:/home/vboxuser/Desktop/practice_ws/install/practice_package:/home/vboxuser/Desktop/practice_ws/install/first_package:/home/vboxuser/Desktop/practice_ws/install/bot_pub_practice:/home/vboxuser/ros2_ws/enpm702_fall2024_ros/install/qos_subscriber_demo:/home/vboxuser/ros2_ws/enpm702_fall2024_ros/install/qos_publisher_demo:/home/vboxuser/ros2_ws/install/launch_file_demo:/home/vboxuser/ros2_ws2/install/turtlebot3_teleop:/home/vboxuser/ros2_ws2/install/turtlebot3_example:/opt/ros/humble LD_LIBRARY_PATH=/home/vboxuser/github/semester_1/programming/enpm702_group3/rwa5_3/rwa5_ws/install/bot_waypoint_msgs/lib:/home/vboxuser/ros2_ws2/install/turtlebot3_msgs/lib:/home/vboxuser/ros2_ws2/install/dynamixel_sdk_custom_interfaces/lib:/home/vboxuser/ros2_ws2/install/dynamixel_sdk/lib:/usr/lib/x86_64-linux-gnu/gazebo-11/plugins:/opt/ros/humble/opt/rviz_ogre_vendor/lib:/opt/ros/humble/lib/x86_64-linux-gnu:/opt/ros/humble/lib /usr/bin/cmake /home/vboxuser/github/semester_1/programming/enpm702_group3/rwa5_3/rwa5_ws/src/group3_rwa5 -DCMAKE_INSTALL_PREFIX=/home/vboxuser/github/semester_1/programming/enpm702_group3/rwa5_3/rwa5_ws/install/group3_rwa5
[0.095s] -- Found ament_cmake: 1.3.10 (/opt/ros/humble/share/ament_cmake/cmake)
[0.390s] -- Found rclcpp: 16.0.10 (/opt/ros/humble/share/rclcpp/cmake)
[0.432s] -- Found rosidl_generator_c: 3.1.5 (/opt/ros/humble/share/rosidl_generator_c/cmake)
[0.439s] -- Found rosidl_adapter: 3.1.5 (/opt/ros/humble/share/rosidl_adapter/cmake)
[0.466s] -- Found rosidl_generator_cpp: 3.1.5 (/opt/ros/humble/share/rosidl_generator_cpp/cmake)
[0.503s] -- Using all available rosidl_typesupport_c: rosidl_typesupport_fastrtps_c;rosidl_typesupport_introspection_c
[0.505s] -- Using all available rosidl_typesupport_cpp: rosidl_typesupport_fastrtps_cpp;rosidl_typesupport_introspection_cpp
[0.564s] -- Found rmw_implementation_cmake: 6.1.2 (/opt/ros/humble/share/rmw_implementation_cmake/cmake)
[0.566s] -- Found rmw_fastrtps_cpp: 6.2.7 (/opt/ros/humble/share/rmw_fastrtps_cpp/cmake)
[0.685s] -- Using RMW implementation 'rmw_fastrtps_cpp' as default
[0.727s] -- Found bot_waypoint_msgs: 0.0.0 (/home/vboxuser/github/semester_1/programming/enpm702_group3/rwa5_3/rwa5_ws/install/bot_waypoint_msgs/share/bot_waypoint_msgs/cmake)
[0.792s] [31mCMake Error at /opt/ros/humble/share/ament_cmake_target_dependencies/cmake/ament_target_dependencies.cmake:42 (message):
[0.793s]   ament_target_dependencies() the first argument must be a valid target name
[0.793s] Call Stack (most recent call first):
[0.793s]   CMakeLists.txt:17 (ament_target_dependencies)
[0.793s] 
[0.793s] [0m
[0.793s] -- Configuring incomplete, errors occurred!
[0.793s] See also "/home/vboxuser/github/semester_1/programming/enpm702_group3/rwa5_3/rwa5_ws/build/group3_rwa5/CMakeFiles/CMakeOutput.log".
[0.804s] Invoked command in '/home/vboxuser/github/semester_1/programming/enpm702_group3/rwa5_3/rwa5_ws/build/group3_rwa5' returned '1': CMAKE_PREFIX_PATH=/home/vboxuser/github/semester_1/programming/enpm702_group3/rwa5_3/rwa5_ws/install/bot_waypoint_msgs:/home/vboxuser/ros2_ws2/install/turtlebot3:/home/vboxuser/ros2_ws2/install/turtlebot3_simulations:/home/vboxuser/ros2_ws2/install/turtlebot3_bringup:/home/vboxuser/ros2_ws2/install/turtlebot3_node:/home/vboxuser/ros2_ws2/install/turtlebot3_navigation2:/home/vboxuser/ros2_ws2/install/turtlebot3_fake_node:/home/vboxuser/ros2_ws2/install/turtlebot3_msgs:/home/vboxuser/ros2_ws2/install/turtlebot3_gazebo:/home/vboxuser/ros2_ws2/install/turtlebot3_description:/home/vboxuser/ros2_ws2/install/turtlebot3_cartographer:/home/vboxuser/ros2_ws2/install/ld08_driver:/home/vboxuser/ros2_ws2/install/hls_lfcd_lds_driver:/home/vboxuser/ros2_ws2/install/first_package:/home/vboxuser/ros2_ws2/install/dynamixel_sdk_examples:/home/vboxuser/ros2_ws2/install/dynamixel_sdk_custom_interfaces:/home/vboxuser/ros2_ws2/install/dynamixel_sdk:/home/vboxuser/Desktop/practice_ws/install/practice_package:/home/vboxuser/Desktop/practice_ws/install/first_package:/home/vboxuser/Desktop/practice_ws/install/bot_pub_practice:/home/vboxuser/ros2_ws/enpm702_fall2024_ros/install/qos_subscriber_demo:/home/vboxuser/ros2_ws/enpm702_fall2024_ros/install/qos_publisher_demo:/home/vboxuser/ros2_ws/install/launch_file_demo:/home/vboxuser/ros2_ws2/install/turtlebot3_teleop:/home/vboxuser/ros2_ws2/install/turtlebot3_example:/opt/ros/humble LD_LIBRARY_PATH=/home/vboxuser/github/semester_1/programming/enpm702_group3/rwa5_3/rwa5_ws/install/bot_waypoint_msgs/lib:/home/vboxuser/ros2_ws2/install/turtlebot3_msgs/lib:/home/vboxuser/ros2_ws2/install/dynamixel_sdk_custom_interfaces/lib:/home/vboxuser/ros2_ws2/install/dynamixel_sdk/lib:/usr/lib/x86_64-linux-gnu/gazebo-11/plugins:/opt/ros/humble/opt/rviz_ogre_vendor/lib:/opt/ros/humble/lib/x86_64-linux-gnu:/opt/ros/humble/lib /usr/bin/cmake /home/vboxuser/github/semester_1/programming/enpm702_group3/rwa5_3/rwa5_ws/src/group3_rwa5 -DCMAKE_INSTALL_PREFIX=/home/vboxuser/github/semester_1/programming/enpm702_group3/rwa5_3/rwa5_ws/install/group3_rwa5
