[0.047s] Invoking command in '/home/vboxuser/github/semester_1/programming/enpm702_group3/rwa4_3/rwa4_ws/src/build/group3_rwa4': CMAKE_PREFIX_PATH=${CMAKE_PREFIX_PATH}:/home/vboxuser/ros2_ws2/install/turtlebot3_teleop:/home/vboxuser/ros2_ws2/install/turtlebot3_example:/opt/ros/humble /usr/bin/cmake /home/vboxuser/github/semester_1/programming/enpm702_group3/rwa4_3/rwa4_ws/src/group3_rwa4 -DCMAKE_INSTALL_PREFIX=/home/vboxuser/github/semester_1/programming/enpm702_group3/rwa4_3/rwa4_ws/src/install/group3_rwa4
[0.504s] -- The C compiler identification is GNU 11.4.0
[0.819s] -- The CXX compiler identification is GNU 11.4.0
[0.843s] -- Detecting C compiler ABI info
[1.011s] -- Detecting C compiler ABI info - done
[1.044s] -- Check for working C compiler: /usr/bin/cc - skipped
[1.110s] -- Detecting C compile features
[1.110s] -- Detecting C compile features - done
[1.118s] -- Detecting CXX compiler ABI info
[1.368s] -- Detecting CXX compiler ABI info - done
[1.401s] -- Check for working CXX compiler: /usr/bin/c++ - skipped
[1.401s] -- Detecting CXX compile features
[1.403s] -- Detecting CXX compile features - done
[1.482s] -- Found ament_cmake: 1.3.10 (/opt/ros/humble/share/ament_cmake/cmake)
[1.799s] -- Found Python3: /usr/bin/python3 (found version "3.10.12") found components: Interpreter 
[2.162s] -- Found rclcpp: 16.0.10 (/opt/ros/humble/share/rclcpp/cmake)
[2.455s] -- Found rosidl_generator_c: 3.1.5 (/opt/ros/humble/share/rosidl_generator_c/cmake)
[2.490s] -- Found rosidl_adapter: 3.1.5 (/opt/ros/humble/share/rosidl_adapter/cmake)
[2.565s] -- Found rosidl_generator_cpp: 3.1.5 (/opt/ros/humble/share/rosidl_generator_cpp/cmake)
[2.654s] -- Using all available rosidl_typesupport_c: rosidl_typesupport_fastrtps_c;rosidl_typesupport_introspection_c
[2.734s] -- Using all available rosidl_typesupport_cpp: rosidl_typesupport_fastrtps_cpp;rosidl_typesupport_introspection_cpp
[2.984s] -- Found rmw_implementation_cmake: 6.1.2 (/opt/ros/humble/share/rmw_implementation_cmake/cmake)
[3.000s] -- Found rmw_fastrtps_cpp: 6.2.7 (/opt/ros/humble/share/rmw_fastrtps_cpp/cmake)
[3.545s] -- Found OpenSSL: /usr/lib/x86_64-linux-gnu/libcrypto.so (found version "3.0.2")  
[3.595s] -- Found FastRTPS: /opt/ros/humble/include  
[3.695s] -- Using RMW implementation 'rmw_fastrtps_cpp' as default
[3.749s] -- Looking for pthread.h
[4.002s] -- Looking for pthread.h - found
[4.003s] -- Performing Test CMAKE_HAVE_LIBC_PTHREAD
[4.236s] -- Performing Test CMAKE_HAVE_LIBC_PTHREAD - Success
[4.236s] -- Found Threads: TRUE  
[4.518s] -- Found ament_lint_auto: 0.12.11 (/opt/ros/humble/share/ament_lint_auto/cmake)
[4.771s] -- Added test 'cppcheck' to perform static code analysis on C / C++ code
[4.771s] -- Configured cppcheck include dirs: /home/vboxuser/github/semester_1/programming/enpm702_group3/rwa4_3/rwa4_ws/src/group3_rwa4/src/group3_rwa4/include
[4.771s] -- Configured cppcheck exclude dirs and/or files: 
[4.775s] -- Added test 'lint_cmake' to check CMake code style
[4.792s] -- Added test 'uncrustify' to check C / C++ code style
[4.792s] -- Configured uncrustify additional arguments: 
[4.808s] -- Added test 'xmllint' to check XML markup files
[4.815s] -- Configuring done
[4.825s] -- Generating done
[4.827s] -- Build files have been written to: /home/vboxuser/github/semester_1/programming/enpm702_group3/rwa4_3/rwa4_ws/src/build/group3_rwa4
[4.856s] Invoked command in '/home/vboxuser/github/semester_1/programming/enpm702_group3/rwa4_3/rwa4_ws/src/build/group3_rwa4' returned '0': CMAKE_PREFIX_PATH=${CMAKE_PREFIX_PATH}:/home/vboxuser/ros2_ws2/install/turtlebot3_teleop:/home/vboxuser/ros2_ws2/install/turtlebot3_example:/opt/ros/humble /usr/bin/cmake /home/vboxuser/github/semester_1/programming/enpm702_group3/rwa4_3/rwa4_ws/src/group3_rwa4 -DCMAKE_INSTALL_PREFIX=/home/vboxuser/github/semester_1/programming/enpm702_group3/rwa4_3/rwa4_ws/src/install/group3_rwa4
[4.860s] Invoking command in '/home/vboxuser/github/semester_1/programming/enpm702_group3/rwa4_3/rwa4_ws/src/build/group3_rwa4': CMAKE_PREFIX_PATH=${CMAKE_PREFIX_PATH}:/home/vboxuser/ros2_ws2/install/turtlebot3_teleop:/home/vboxuser/ros2_ws2/install/turtlebot3_example:/opt/ros/humble /usr/bin/cmake --build /home/vboxuser/github/semester_1/programming/enpm702_group3/rwa4_3/rwa4_ws/src/build/group3_rwa4 -- -j4 -l4
[4.956s] Invoked command in '/home/vboxuser/github/semester_1/programming/enpm702_group3/rwa4_3/rwa4_ws/src/build/group3_rwa4' returned '0': CMAKE_PREFIX_PATH=${CMAKE_PREFIX_PATH}:/home/vboxuser/ros2_ws2/install/turtlebot3_teleop:/home/vboxuser/ros2_ws2/install/turtlebot3_example:/opt/ros/humble /usr/bin/cmake --build /home/vboxuser/github/semester_1/programming/enpm702_group3/rwa4_3/rwa4_ws/src/build/group3_rwa4 -- -j4 -l4
[5.149s] Invoking command in '/home/vboxuser/github/semester_1/programming/enpm702_group3/rwa4_3/rwa4_ws/src/build/group3_rwa4': CMAKE_PREFIX_PATH=${CMAKE_PREFIX_PATH}:/home/vboxuser/ros2_ws2/install/turtlebot3_teleop:/home/vboxuser/ros2_ws2/install/turtlebot3_example:/opt/ros/humble /usr/bin/cmake --install /home/vboxuser/github/semester_1/programming/enpm702_group3/rwa4_3/rwa4_ws/src/build/group3_rwa4
[5.162s] -- Install configuration: ""
[5.162s] -- Installing: /home/vboxuser/github/semester_1/programming/enpm702_group3/rwa4_3/rwa4_ws/src/install/group3_rwa4/share/ament_index/resource_index/package_run_dependencies/group3_rwa4
[5.164s] -- Installing: /home/vboxuser/github/semester_1/programming/enpm702_group3/rwa4_3/rwa4_ws/src/install/group3_rwa4/share/ament_index/resource_index/parent_prefix_path/group3_rwa4
[5.164s] -- Installing: /home/vboxuser/github/semester_1/programming/enpm702_group3/rwa4_3/rwa4_ws/src/install/group3_rwa4/share/group3_rwa4/environment/ament_prefix_path.sh
[5.164s] -- Installing: /home/vboxuser/github/semester_1/programming/enpm702_group3/rwa4_3/rwa4_ws/src/install/group3_rwa4/share/group3_rwa4/environment/ament_prefix_path.dsv
[5.164s] -- Installing: /home/vboxuser/github/semester_1/programming/enpm702_group3/rwa4_3/rwa4_ws/src/install/group3_rwa4/share/group3_rwa4/environment/path.sh
[5.165s] -- Installing: /home/vboxuser/github/semester_1/programming/enpm702_group3/rwa4_3/rwa4_ws/src/install/group3_rwa4/share/group3_rwa4/environment/path.dsv
[5.165s] -- Installing: /home/vboxuser/github/semester_1/programming/enpm702_group3/rwa4_3/rwa4_ws/src/install/group3_rwa4/share/group3_rwa4/local_setup.bash
[5.165s] -- Installing: /home/vboxuser/github/semester_1/programming/enpm702_group3/rwa4_3/rwa4_ws/src/install/group3_rwa4/share/group3_rwa4/local_setup.sh
[5.165s] -- Installing: /home/vboxuser/github/semester_1/programming/enpm702_group3/rwa4_3/rwa4_ws/src/install/group3_rwa4/share/group3_rwa4/local_setup.zsh
[5.166s] -- Installing: /home/vboxuser/github/semester_1/programming/enpm702_group3/rwa4_3/rwa4_ws/src/install/group3_rwa4/share/group3_rwa4/local_setup.dsv
[5.167s] -- Installing: /home/vboxuser/github/semester_1/programming/enpm702_group3/rwa4_3/rwa4_ws/src/install/group3_rwa4/share/group3_rwa4/package.dsv
[5.168s] -- Installing: /home/vboxuser/github/semester_1/programming/enpm702_group3/rwa4_3/rwa4_ws/src/install/group3_rwa4/share/ament_index/resource_index/packages/group3_rwa4
[5.168s] -- Installing: /home/vboxuser/github/semester_1/programming/enpm702_group3/rwa4_3/rwa4_ws/src/install/group3_rwa4/share/group3_rwa4/cmake/group3_rwa4Config.cmake
[5.168s] -- Installing: /home/vboxuser/github/semester_1/programming/enpm702_group3/rwa4_3/rwa4_ws/src/install/group3_rwa4/share/group3_rwa4/cmake/group3_rwa4Config-version.cmake
[5.172s] -- Installing: /home/vboxuser/github/semester_1/programming/enpm702_group3/rwa4_3/rwa4_ws/src/install/group3_rwa4/share/group3_rwa4/package.xml
[5.198s] Invoked command in '/home/vboxuser/github/semester_1/programming/enpm702_group3/rwa4_3/rwa4_ws/src/build/group3_rwa4' returned '0': CMAKE_PREFIX_PATH=${CMAKE_PREFIX_PATH}:/home/vboxuser/ros2_ws2/install/turtlebot3_teleop:/home/vboxuser/ros2_ws2/install/turtlebot3_example:/opt/ros/humble /usr/bin/cmake --install /home/vboxuser/github/semester_1/programming/enpm702_group3/rwa4_3/rwa4_ws/src/build/group3_rwa4
