-- Found ament_cmake: 1.3.10 (/opt/ros/humble/share/ament_cmake/cmake)
-- Found rclcpp: 16.0.10 (/opt/ros/humble/share/rclcpp/cmake)
-- Found rosidl_generator_c: 3.1.5 (/opt/ros/humble/share/rosidl_generator_c/cmake)
-- Found rosidl_adapter: 3.1.5 (/opt/ros/humble/share/rosidl_adapter/cmake)
-- Found rosidl_generator_cpp: 3.1.5 (/opt/ros/humble/share/rosidl_generator_cpp/cmake)
-- Using all available rosidl_typesupport_c: rosidl_typesupport_fastrtps_c;rosidl_typesupport_introspection_c
-- Using all available rosidl_typesupport_cpp: rosidl_typesupport_fastrtps_cpp;rosidl_typesupport_introspection_cpp
-- Found rmw_implementation_cmake: 6.1.2 (/opt/ros/humble/share/rmw_implementation_cmake/cmake)
-- Found rmw_fastrtps_cpp: 6.2.7 (/opt/ros/humble/share/rmw_fastrtps_cpp/cmake)
-- Using RMW implementation 'rmw_fastrtps_cpp' as default
-- Found ament_lint_auto: 0.12.11 (/opt/ros/humble/share/ament_lint_auto/cmake)
-- Added test 'cppcheck' to perform static code analysis on C / C++ code
-- Configured cppcheck include dirs: /home/vboxuser/github/semester_1/programming/enpm702_group3/rwa4_3/rwa4_ws/src/group3_rwa4/src/group3_rwa4/include
-- Configured cppcheck exclude dirs and/or files: 
-- Added test 'lint_cmake' to check CMake code style
-- Added test 'uncrustify' to check C / C++ code style
-- Configured uncrustify additional arguments: 
-- Added test 'xmllint' to check XML markup files
-- Configuring done
-- Generating done
-- Build files have been written to: /home/vboxuser/github/semester_1/programming/enpm702_group3/rwa4_3/rwa4_ws/build/group3_rwa4
-- Install configuration: ""
-- Up-to-date: /home/vboxuser/github/semester_1/programming/enpm702_group3/rwa4_3/rwa4_ws/install/group3_rwa4/share/ament_index/resource_index/package_run_dependencies/group3_rwa4
-- Installing: /home/vboxuser/github/semester_1/programming/enpm702_group3/rwa4_3/rwa4_ws/install/group3_rwa4/share/ament_index/resource_index/parent_prefix_path/group3_rwa4
-- Installing: /home/vboxuser/github/semester_1/programming/enpm702_group3/rwa4_3/rwa4_ws/install/group3_rwa4/share/group3_rwa4/environment/ament_prefix_path.sh
-- Installing: /home/vboxuser/github/semester_1/programming/enpm702_group3/rwa4_3/rwa4_ws/install/group3_rwa4/share/group3_rwa4/environment/ament_prefix_path.dsv
-- Installing: /home/vboxuser/github/semester_1/programming/enpm702_group3/rwa4_3/rwa4_ws/install/group3_rwa4/share/group3_rwa4/environment/path.sh
-- Installing: /home/vboxuser/github/semester_1/programming/enpm702_group3/rwa4_3/rwa4_ws/install/group3_rwa4/share/group3_rwa4/environment/path.dsv
-- Up-to-date: /home/vboxuser/github/semester_1/programming/enpm702_group3/rwa4_3/rwa4_ws/install/group3_rwa4/share/group3_rwa4/local_setup.bash
-- Up-to-date: /home/vboxuser/github/semester_1/programming/enpm702_group3/rwa4_3/rwa4_ws/install/group3_rwa4/share/group3_rwa4/local_setup.sh
-- Up-to-date: /home/vboxuser/github/semester_1/programming/enpm702_group3/rwa4_3/rwa4_ws/install/group3_rwa4/share/group3_rwa4/local_setup.zsh
-- Installing: /home/vboxuser/github/semester_1/programming/enpm702_group3/rwa4_3/rwa4_ws/install/group3_rwa4/share/group3_rwa4/local_setup.dsv
-- Installing: /home/vboxuser/github/semester_1/programming/enpm702_group3/rwa4_3/rwa4_ws/install/group3_rwa4/share/group3_rwa4/package.dsv
-- Up-to-date: /home/vboxuser/github/semester_1/programming/enpm702_group3/rwa4_3/rwa4_ws/install/group3_rwa4/share/ament_index/resource_index/packages/group3_rwa4
-- Up-to-date: /home/vboxuser/github/semester_1/programming/enpm702_group3/rwa4_3/rwa4_ws/install/group3_rwa4/share/group3_rwa4/cmake/group3_rwa4Config.cmake
-- Up-to-date: /home/vboxuser/github/semester_1/programming/enpm702_group3/rwa4_3/rwa4_ws/install/group3_rwa4/share/group3_rwa4/cmake/group3_rwa4Config-version.cmake
-- Up-to-date: /home/vboxuser/github/semester_1/programming/enpm702_group3/rwa4_3/rwa4_ws/install/group3_rwa4/share/group3_rwa4/package.xml
