[0.025s] Invoking command in '/home/vboxuser/github/semester_1/programming/enpm702_group3/rwa4_3/rwa4_ws/build/group3_rwa4': CMAKE_PREFIX_PATH=${CMAKE_PREFIX_PATH}:/home/vboxuser/ros2_ws2/install/turtlebot3_teleop:/home/vboxuser/ros2_ws2/install/turtlebot3_example:/opt/ros/humble /usr/bin/cmake --build /home/vboxuser/github/semester_1/programming/enpm702_group3/rwa4_3/rwa4_ws/build/group3_rwa4 -- -j4 -l4
[0.079s] -- Found ament_cmake: 1.3.10 (/opt/ros/humble/share/ament_cmake/cmake)
[0.250s] -- Found rclcpp: 16.0.10 (/opt/ros/humble/share/rclcpp/cmake)
[0.298s] -- Found rosidl_generator_c: 3.1.5 (/opt/ros/humble/share/rosidl_generator_c/cmake)
[0.300s] -- Found rosidl_adapter: 3.1.5 (/opt/ros/humble/share/rosidl_adapter/cmake)
[0.306s] -- Found rosidl_generator_cpp: 3.1.5 (/opt/ros/humble/share/rosidl_generator_cpp/cmake)
[0.319s] -- Using all available rosidl_typesupport_c: rosidl_typesupport_fastrtps_c;rosidl_typesupport_introspection_c
[0.336s] -- Using all available rosidl_typesupport_cpp: rosidl_typesupport_fastrtps_cpp;rosidl_typesupport_introspection_cpp
[0.388s] -- Found rmw_implementation_cmake: 6.1.2 (/opt/ros/humble/share/rmw_implementation_cmake/cmake)
[0.390s] -- Found rmw_fastrtps_cpp: 6.2.7 (/opt/ros/humble/share/rmw_fastrtps_cpp/cmake)
[0.542s] -- Using RMW implementation 'rmw_fastrtps_cpp' as default
[0.610s] -- Found ament_lint_auto: 0.12.11 (/opt/ros/humble/share/ament_lint_auto/cmake)
[0.746s] -- Added test 'cppcheck' to perform static code analysis on C / C++ code
[0.746s] -- Configured cppcheck include dirs: /home/vboxuser/github/semester_1/programming/enpm702_group3/rwa4_3/rwa4_ws/src/group3_rwa4/src/group3_rwa4/include
[0.746s] -- Configured cppcheck exclude dirs and/or files: 
[0.757s] -- Added test 'lint_cmake' to check CMake code style
[0.757s] -- Added test 'uncrustify' to check C / C++ code style
[0.757s] -- Configured uncrustify additional arguments: 
[0.757s] -- Added test 'xmllint' to check XML markup files
[0.758s] -- Configuring done
[0.766s] -- Generating done
[0.769s] -- Build files have been written to: /home/vboxuser/github/semester_1/programming/enpm702_group3/rwa4_3/rwa4_ws/build/group3_rwa4
[0.808s] Invoked command in '/home/vboxuser/github/semester_1/programming/enpm702_group3/rwa4_3/rwa4_ws/build/group3_rwa4' returned '0': CMAKE_PREFIX_PATH=${CMAKE_PREFIX_PATH}:/home/vboxuser/ros2_ws2/install/turtlebot3_teleop:/home/vboxuser/ros2_ws2/install/turtlebot3_example:/opt/ros/humble /usr/bin/cmake --build /home/vboxuser/github/semester_1/programming/enpm702_group3/rwa4_3/rwa4_ws/build/group3_rwa4 -- -j4 -l4
[0.911s] Invoking command in '/home/vboxuser/github/semester_1/programming/enpm702_group3/rwa4_3/rwa4_ws/build/group3_rwa4': CMAKE_PREFIX_PATH=${CMAKE_PREFIX_PATH}:/home/vboxuser/ros2_ws2/install/turtlebot3_teleop:/home/vboxuser/ros2_ws2/install/turtlebot3_example:/opt/ros/humble /usr/bin/cmake --install /home/vboxuser/github/semester_1/programming/enpm702_group3/rwa4_3/rwa4_ws/build/group3_rwa4
[0.924s] -- Install configuration: ""
[0.927s] -- Up-to-date: /home/vboxuser/github/semester_1/programming/enpm702_group3/rwa4_3/rwa4_ws/install/group3_rwa4/share/ament_index/resource_index/package_run_dependencies/group3_rwa4
[0.927s] -- Installing: /home/vboxuser/github/semester_1/programming/enpm702_group3/rwa4_3/rwa4_ws/install/group3_rwa4/share/ament_index/resource_index/parent_prefix_path/group3_rwa4
[0.927s] -- Installing: /home/vboxuser/github/semester_1/programming/enpm702_group3/rwa4_3/rwa4_ws/install/group3_rwa4/share/group3_rwa4/environment/ament_prefix_path.sh
[0.927s] -- Installing: /home/vboxuser/github/semester_1/programming/enpm702_group3/rwa4_3/rwa4_ws/install/group3_rwa4/share/group3_rwa4/environment/ament_prefix_path.dsv
[0.927s] -- Installing: /home/vboxuser/github/semester_1/programming/enpm702_group3/rwa4_3/rwa4_ws/install/group3_rwa4/share/group3_rwa4/environment/path.sh
[0.927s] -- Installing: /home/vboxuser/github/semester_1/programming/enpm702_group3/rwa4_3/rwa4_ws/install/group3_rwa4/share/group3_rwa4/environment/path.dsv
[0.927s] -- Up-to-date: /home/vboxuser/github/semester_1/programming/enpm702_group3/rwa4_3/rwa4_ws/install/group3_rwa4/share/group3_rwa4/local_setup.bash
[0.927s] -- Up-to-date: /home/vboxuser/github/semester_1/programming/enpm702_group3/rwa4_3/rwa4_ws/install/group3_rwa4/share/group3_rwa4/local_setup.sh
[0.927s] -- Up-to-date: /home/vboxuser/github/semester_1/programming/enpm702_group3/rwa4_3/rwa4_ws/install/group3_rwa4/share/group3_rwa4/local_setup.zsh
[0.927s] -- Installing: /home/vboxuser/github/semester_1/programming/enpm702_group3/rwa4_3/rwa4_ws/install/group3_rwa4/share/group3_rwa4/local_setup.dsv
[0.927s] -- Installing: /home/vboxuser/github/semester_1/programming/enpm702_group3/rwa4_3/rwa4_ws/install/group3_rwa4/share/group3_rwa4/package.dsv
[0.927s] -- Up-to-date: /home/vboxuser/github/semester_1/programming/enpm702_group3/rwa4_3/rwa4_ws/install/group3_rwa4/share/ament_index/resource_index/packages/group3_rwa4
[0.928s] -- Up-to-date: /home/vboxuser/github/semester_1/programming/enpm702_group3/rwa4_3/rwa4_ws/install/group3_rwa4/share/group3_rwa4/cmake/group3_rwa4Config.cmake
[0.928s] -- Up-to-date: /home/vboxuser/github/semester_1/programming/enpm702_group3/rwa4_3/rwa4_ws/install/group3_rwa4/share/group3_rwa4/cmake/group3_rwa4Config-version.cmake
[0.928s] -- Up-to-date: /home/vboxuser/github/semester_1/programming/enpm702_group3/rwa4_3/rwa4_ws/install/group3_rwa4/share/group3_rwa4/package.xml
[0.941s] Invoked command in '/home/vboxuser/github/semester_1/programming/enpm702_group3/rwa4_3/rwa4_ws/build/group3_rwa4' returned '0': CMAKE_PREFIX_PATH=${CMAKE_PREFIX_PATH}:/home/vboxuser/ros2_ws2/install/turtlebot3_teleop:/home/vboxuser/ros2_ws2/install/turtlebot3_example:/opt/ros/humble /usr/bin/cmake --install /home/vboxuser/github/semester_1/programming/enpm702_group3/rwa4_3/rwa4_ws/build/group3_rwa4
