[01m[K/home/vboxuser/github/semester_1/programming/enpm702_group3/rwa5_3/rwa5_ws/src/group3_rwa5/src/waypoint_publisher.cpp:[m[K In constructor ‘[01m[KWaypointPublisher::WaypointPublisher()[m[K’:
[01m[K/home/vboxuser/github/semester_1/programming/enpm702_group3/rwa5_3/rwa5_ws/src/group3_rwa5/src/waypoint_publisher.cpp:21:117:[m[K [01;31m[Kerror: [m[Kno matching function for call to ‘[01m[Kbot_waypoint_msgs::msg::BotWaypoint_<std::allocator<void> >::BotWaypoint_(<brace-enclosed initializer list>)[m[K’
   21 | Waypoint{{4.0, 4.0, 1.57}, bot_waypoint_msgs::msg::BotWaypoint::SMALL[01;31m[K}[m[K;
      |                                                                      [01;31m[K^[m[K

In file included from [01m[K/home/vboxuser/github/semester_1/programming/enpm702_group3/rwa5_3/rwa5_ws/install/bot_waypoint_msgs/include/bot_waypoint_msgs/bot_waypoint_msgs/msg/bot_waypoint.hpp:7[m[K,
                 from [01m[K/home/vboxuser/github/semester_1/programming/enpm702_group3/rwa5_3/rwa5_ws/src/group3_rwa5/include/group3_rwa5/waypoint_publisher.hpp:7[m[K,
                 from [01m[K/home/vboxuser/github/semester_1/programming/enpm702_group3/rwa5_3/rwa5_ws/src/group3_rwa5/src/waypoint_publisher.cpp:4[m[K:
[01m[K/home/vboxuser/github/semester_1/programming/enpm702_group3/rwa5_3/rwa5_ws/install/bot_waypoint_msgs/include/bot_waypoint_msgs/bot_waypoint_msgs/msg/detail/bot_waypoint__struct.hpp:50:12:[m[K [01;36m[Knote: [m[Kcandidate: ‘[01m[Kbot_waypoint_msgs::msg::BotWaypoint_<ContainerAllocator>::BotWaypoint_(const ContainerAllocator&, rosidl_runtime_cpp::MessageInitialization) [with ContainerAllocator = std::allocator<void>][m[K’
   50 |   explicit [01;36m[KBotWaypoint_[m[K(const ContainerAllocator & _alloc, rosidl_runtime_cpp::MessageInitialization _init = rosidl_runtime_cpp::MessageInitialization::ALL)
      |            [01;36m[K^~~~~~~~~~~~[m[K
[01m[K/home/vboxuser/github/semester_1/programming/enpm702_group3/rwa5_3/rwa5_ws/install/bot_waypoint_msgs/include/bot_waypoint_msgs/bot_waypoint_msgs/msg/detail/bot_waypoint__struct.hpp:50:52:[m[K [01;36m[Knote: [m[K  no known conversion for argument 1 from ‘[01m[K<brace-enclosed initializer list>[m[K’ to ‘[01m[Kconst std::allocator<void>&[m[K’
   50 |   explicit BotWaypoint_([01;36m[Kconst ContainerAllocator & _alloc[m[K, rosidl_runtime_cpp::MessageInitialization _init = rosidl_runtime_cpp::MessageInitialization::ALL)
      |                         [01;36m[K~~~~~~~~~~~~~~~~~~~~~~~~~~~^~~~~~[m[K
[01m[K/home/vboxuser/github/semester_1/programming/enpm702_group3/rwa5_3/rwa5_ws/install/bot_waypoint_msgs/include/bot_waypoint_msgs/bot_waypoint_msgs/msg/detail/bot_waypoint__struct.hpp:40:12:[m[K [01;36m[Knote: [m[Kcandidate: ‘[01m[Kbot_waypoint_msgs::msg::BotWaypoint_<ContainerAllocator>::BotWaypoint_(rosidl_runtime_cpp::MessageInitialization) [with ContainerAllocator = std::allocator<void>][m[K’
   40 |   explicit [01;36m[KBotWaypoint_[m[K(rosidl_runtime_cpp::MessageInitialization _init = rosidl_runtime_cpp::MessageInitialization::ALL)
      |            [01;36m[K^~~~~~~~~~~~[m[K
[01m[K/home/vboxuser/github/semester_1/programming/enpm702_group3/rwa5_3/rwa5_ws/install/bot_waypoint_msgs/include/bot_waypoint_msgs/bot_waypoint_msgs/msg/detail/bot_waypoint__struct.hpp:40:12:[m[K [01;36m[Knote: [m[K  candidate expects 1 argument, 2 provided
[01m[K/home/vboxuser/github/semester_1/programming/enpm702_group3/rwa5_3/rwa5_ws/install/bot_waypoint_msgs/include/bot_waypoint_msgs/bot_waypoint_msgs/msg/detail/bot_waypoint__struct.hpp:36:8:[m[K [01;36m[Knote: [m[Kcandidate: ‘[01m[Kconstexpr bot_waypoint_msgs::msg::BotWaypoint_<std::allocator<void> >::BotWaypoint_(const bot_waypoint_msgs::msg::BotWaypoint_<std::allocator<void> >&)[m[K’
   36 | struct [01;36m[KBotWaypoint_[m[K
      |        [01;36m[K^~~~~~~~~~~~[m[K
[01m[K/home/vboxuser/github/semester_1/programming/enpm702_group3/rwa5_3/rwa5_ws/install/bot_waypoint_msgs/include/bot_waypoint_msgs/bot_waypoint_msgs/msg/detail/bot_waypoint__struct.hpp:36:8:[m[K [01;36m[Knote: [m[K  candidate expects 1 argument, 2 provided
[01m[K/home/vboxuser/github/semester_1/programming/enpm702_group3/rwa5_3/rwa5_ws/install/bot_waypoint_msgs/include/bot_waypoint_msgs/bot_waypoint_msgs/msg/detail/bot_waypoint__struct.hpp:36:8:[m[K [01;36m[Knote: [m[Kcandidate: ‘[01m[Kconstexpr bot_waypoint_msgs::msg::BotWaypoint_<std::allocator<void> >::BotWaypoint_(bot_waypoint_msgs::msg::BotWaypoint_<std::allocator<void> >&&)[m[K’
[01m[K/home/vboxuser/github/semester_1/programming/enpm702_group3/rwa5_3/rwa5_ws/install/bot_waypoint_msgs/include/bot_waypoint_msgs/bot_waypoint_msgs/msg/detail/bot_waypoint__struct.hpp:36:8:[m[K [01;36m[Knote: [m[K  candidate expects 1 argument, 2 provided
[01m[K/home/vboxuser/github/semester_1/programming/enpm702_group3/rwa5_3/rwa5_ws/src/group3_rwa5/src/waypoint_publisher.cpp:22:119:[m[K [01;31m[Kerror: [m[Kno matching function for call to ‘[01m[Kbot_waypoint_msgs::msg::BotWaypoint_<std::allocator<void> >::BotWaypoint_(<brace-enclosed initializer list>)[m[K’
   22 | ypoint{{4.0, -4.0, 3.14}, bot_waypoint_msgs::msg::BotWaypoint::MEDIUM[01;31m[K}[m[K;
      |                                                                      [01;31m[K^[m[K

In file included from [01m[K/home/vboxuser/github/semester_1/programming/enpm702_group3/rwa5_3/rwa5_ws/install/bot_waypoint_msgs/include/bot_waypoint_msgs/bot_waypoint_msgs/msg/bot_waypoint.hpp:7[m[K,
                 from [01m[K/home/vboxuser/github/semester_1/programming/enpm702_group3/rwa5_3/rwa5_ws/src/group3_rwa5/include/group3_rwa5/waypoint_publisher.hpp:7[m[K,
                 from [01m[K/home/vboxuser/github/semester_1/programming/enpm702_group3/rwa5_3/rwa5_ws/src/group3_rwa5/src/waypoint_publisher.cpp:4[m[K:
[01m[K/home/vboxuser/github/semester_1/programming/enpm702_group3/rwa5_3/rwa5_ws/install/bot_waypoint_msgs/include/bot_waypoint_msgs/bot_waypoint_msgs/msg/detail/bot_waypoint__struct.hpp:50:12:[m[K [01;36m[Knote: [m[Kcandidate: ‘[01m[Kbot_waypoint_msgs::msg::BotWaypoint_<ContainerAllocator>::BotWaypoint_(const ContainerAllocator&, rosidl_runtime_cpp::MessageInitialization) [with ContainerAllocator = std::allocator<void>][m[K’
   50 |   explicit [01;36m[KBotWaypoint_[m[K(const ContainerAllocator & _alloc, rosidl_runtime_cpp::MessageInitialization _init = rosidl_runtime_cpp::MessageInitialization::ALL)
      |            [01;36m[K^~~~~~~~~~~~[m[K
[01m[K/home/vboxuser/github/semester_1/programming/enpm702_group3/rwa5_3/rwa5_ws/install/bot_waypoint_msgs/include/bot_waypoint_msgs/bot_waypoint_msgs/msg/detail/bot_waypoint__struct.hpp:50:52:[m[K [01;36m[Knote: [m[K  no known conversion for argument 1 from ‘[01m[K<brace-enclosed initializer list>[m[K’ to ‘[01m[Kconst std::allocator<void>&[m[K’
   50 |   explicit BotWaypoint_([01;36m[Kconst ContainerAllocator & _alloc[m[K, rosidl_runtime_cpp::MessageInitialization _init = rosidl_runtime_cpp::MessageInitialization::ALL)
      |                         [01;36m[K~~~~~~~~~~~~~~~~~~~~~~~~~~~^~~~~~[m[K
[01m[K/home/vboxuser/github/semester_1/programming/enpm702_group3/rwa5_3/rwa5_ws/install/bot_waypoint_msgs/include/bot_waypoint_msgs/bot_waypoint_msgs/msg/detail/bot_waypoint__struct.hpp:40:12:[m[K [01;36m[Knote: [m[Kcandidate: ‘[01m[Kbot_waypoint_msgs::msg::BotWaypoint_<ContainerAllocator>::BotWaypoint_(rosidl_runtime_cpp::MessageInitialization) [with ContainerAllocator = std::allocator<void>][m[K’
   40 |   explicit [01;36m[KBotWaypoint_[m[K(rosidl_runtime_cpp::MessageInitialization _init = rosidl_runtime_cpp::MessageInitialization::ALL)
      |            [01;36m[K^~~~~~~~~~~~[m[K
[01m[K/home/vboxuser/github/semester_1/programming/enpm702_group3/rwa5_3/rwa5_ws/install/bot_waypoint_msgs/include/bot_waypoint_msgs/bot_waypoint_msgs/msg/detail/bot_waypoint__struct.hpp:40:12:[m[K [01;36m[Knote: [m[K  candidate expects 1 argument, 2 provided
[01m[K/home/vboxuser/github/semester_1/programming/enpm702_group3/rwa5_3/rwa5_ws/install/bot_waypoint_msgs/include/bot_waypoint_msgs/bot_waypoint_msgs/msg/detail/bot_waypoint__struct.hpp:36:8:[m[K [01;36m[Knote: [m[Kcandidate: ‘[01m[Kconstexpr bot_waypoint_msgs::msg::BotWaypoint_<std::allocator<void> >::BotWaypoint_(const bot_waypoint_msgs::msg::BotWaypoint_<std::allocator<void> >&)[m[K’
   36 | struct [01;36m[KBotWaypoint_[m[K
      |        [01;36m[K^~~~~~~~~~~~[m[K
[01m[K/home/vboxuser/github/semester_1/programming/enpm702_group3/rwa5_3/rwa5_ws/install/bot_waypoint_msgs/include/bot_waypoint_msgs/bot_waypoint_msgs/msg/detail/bot_waypoint__struct.hpp:36:8:[m[K [01;36m[Knote: [m[K  candidate expects 1 argument, 2 provided
[01m[K/home/vboxuser/github/semester_1/programming/enpm702_group3/rwa5_3/rwa5_ws/install/bot_waypoint_msgs/include/bot_waypoint_msgs/bot_waypoint_msgs/msg/detail/bot_waypoint__struct.hpp:36:8:[m[K [01;36m[Knote: [m[Kcandidate: ‘[01m[Kconstexpr bot_waypoint_msgs::msg::BotWaypoint_<std::allocator<void> >::BotWaypoint_(bot_waypoint_msgs::msg::BotWaypoint_<std::allocator<void> >&&)[m[K’
[01m[K/home/vboxuser/github/semester_1/programming/enpm702_group3/rwa5_3/rwa5_ws/install/bot_waypoint_msgs/include/bot_waypoint_msgs/bot_waypoint_msgs/msg/detail/bot_waypoint__struct.hpp:36:8:[m[K [01;36m[Knote: [m[K  candidate expects 1 argument, 2 provided
[01m[K/home/vboxuser/github/semester_1/programming/enpm702_group3/rwa5_3/rwa5_ws/src/group3_rwa5/src/waypoint_publisher.cpp:23:119:[m[K [01;31m[Kerror: [m[Kno matching function for call to ‘[01m[Kbot_waypoint_msgs::msg::BotWaypoint_<std::allocator<void> >::BotWaypoint_(<brace-enclosed initializer list>)[m[K’
   23 | ypoint{{-4.0, 4.0, -3.14}, bot_waypoint_msgs::msg::BotWaypoint::LARGE[01;31m[K}[m[K;
      |                                                                      [01;31m[K^[m[K

In file included from [01m[K/home/vboxuser/github/semester_1/programming/enpm702_group3/rwa5_3/rwa5_ws/install/bot_waypoint_msgs/include/bot_waypoint_msgs/bot_waypoint_msgs/msg/bot_waypoint.hpp:7[m[K,
                 from [01m[K/home/vboxuser/github/semester_1/programming/enpm702_group3/rwa5_3/rwa5_ws/src/group3_rwa5/include/group3_rwa5/waypoint_publisher.hpp:7[m[K,
                 from [01m[K/home/vboxuser/github/semester_1/programming/enpm702_group3/rwa5_3/rwa5_ws/src/group3_rwa5/src/waypoint_publisher.cpp:4[m[K:
[01m[K/home/vboxuser/github/semester_1/programming/enpm702_group3/rwa5_3/rwa5_ws/install/bot_waypoint_msgs/include/bot_waypoint_msgs/bot_waypoint_msgs/msg/detail/bot_waypoint__struct.hpp:50:12:[m[K [01;36m[Knote: [m[Kcandidate: ‘[01m[Kbot_waypoint_msgs::msg::BotWaypoint_<ContainerAllocator>::BotWaypoint_(const ContainerAllocator&, rosidl_runtime_cpp::MessageInitialization) [with ContainerAllocator = std::allocator<void>][m[K’
   50 |   explicit [01;36m[KBotWaypoint_[m[K(const ContainerAllocator & _alloc, rosidl_runtime_cpp::MessageInitialization _init = rosidl_runtime_cpp::MessageInitialization::ALL)
      |            [01;36m[K^~~~~~~~~~~~[m[K
[01m[K/home/vboxuser/github/semester_1/programming/enpm702_group3/rwa5_3/rwa5_ws/install/bot_waypoint_msgs/include/bot_waypoint_msgs/bot_waypoint_msgs/msg/detail/bot_waypoint__struct.hpp:50:52:[m[K [01;36m[Knote: [m[K  no known conversion for argument 1 from ‘[01m[K<brace-enclosed initializer list>[m[K’ to ‘[01m[Kconst std::allocator<void>&[m[K’
   50 |   explicit BotWaypoint_([01;36m[Kconst ContainerAllocator & _alloc[m[K, rosidl_runtime_cpp::MessageInitialization _init = rosidl_runtime_cpp::MessageInitialization::ALL)
      |                         [01;36m[K~~~~~~~~~~~~~~~~~~~~~~~~~~~^~~~~~[m[K
[01m[K/home/vboxuser/github/semester_1/programming/enpm702_group3/rwa5_3/rwa5_ws/install/bot_waypoint_msgs/include/bot_waypoint_msgs/bot_waypoint_msgs/msg/detail/bot_waypoint__struct.hpp:40:12:[m[K [01;36m[Knote: [m[Kcandidate: ‘[01m[Kbot_waypoint_msgs::msg::BotWaypoint_<ContainerAllocator>::BotWaypoint_(rosidl_runtime_cpp::MessageInitialization) [with ContainerAllocator = std::allocator<void>][m[K’
   40 |   explicit [01;36m[KBotWaypoint_[m[K(rosidl_runtime_cpp::MessageInitialization _init = rosidl_runtime_cpp::MessageInitialization::ALL)
      |            [01;36m[K^~~~~~~~~~~~[m[K
[01m[K/home/vboxuser/github/semester_1/programming/enpm702_group3/rwa5_3/rwa5_ws/install/bot_waypoint_msgs/include/bot_waypoint_msgs/bot_waypoint_msgs/msg/detail/bot_waypoint__struct.hpp:40:12:[m[K [01;36m[Knote: [m[K  candidate expects 1 argument, 2 provided
[01m[K/home/vboxuser/github/semester_1/programming/enpm702_group3/rwa5_3/rwa5_ws/install/bot_waypoint_msgs/include/bot_waypoint_msgs/bot_waypoint_msgs/msg/detail/bot_waypoint__struct.hpp:36:8:[m[K [01;36m[Knote: [m[Kcandidate: ‘[01m[Kconstexpr bot_waypoint_msgs::msg::BotWaypoint_<std::allocator<void> >::BotWaypoint_(const bot_waypoint_msgs::msg::BotWaypoint_<std::allocator<void> >&)[m[K’
   36 | struct [01;36m[KBotWaypoint_[m[K
      |        [01;36m[K^~~~~~~~~~~~[m[K
[01m[K/home/vboxuser/github/semester_1/programming/enpm702_group3/rwa5_3/rwa5_ws/install/bot_waypoint_msgs/include/bot_waypoint_msgs/bot_waypoint_msgs/msg/detail/bot_waypoint__struct.hpp:36:8:[m[K [01;36m[Knote: [m[K  candidate expects 1 argument, 2 provided
[01m[K/home/vboxuser/github/semester_1/programming/enpm702_group3/rwa5_3/rwa5_ws/install/bot_waypoint_msgs/include/bot_waypoint_msgs/bot_waypoint_msgs/msg/detail/bot_waypoint__struct.hpp:36:8:[m[K [01;36m[Knote: [m[Kcandidate: ‘[01m[Kconstexpr bot_waypoint_msgs::msg::BotWaypoint_<std::allocator<void> >::BotWaypoint_(bot_waypoint_msgs::msg::BotWaypoint_<std::allocator<void> >&&)[m[K’
[01m[K/home/vboxuser/github/semester_1/programming/enpm702_group3/rwa5_3/rwa5_ws/install/bot_waypoint_msgs/include/bot_waypoint_msgs/bot_waypoint_msgs/msg/detail/bot_waypoint__struct.hpp:36:8:[m[K [01;36m[Knote: [m[K  candidate expects 1 argument, 2 provided
In file included from [01m[K/opt/ros/humble/include/rclcpp/rclcpp/client.hpp:40[m[K,
                 from [01m[K/opt/ros/humble/include/rclcpp/rclcpp/callback_group.hpp:24[m[K,
                 from [01m[K/opt/ros/humble/include/rclcpp/rclcpp/any_executable.hpp:20[m[K,
                 from [01m[K/opt/ros/humble/include/rclcpp/rclcpp/memory_strategy.hpp:25[m[K,
                 from [01m[K/opt/ros/humble/include/rclcpp/rclcpp/memory_strategies.hpp:18[m[K,
                 from [01m[K/opt/ros/humble/include/rclcpp/rclcpp/executor_options.hpp:20[m[K,
                 from [01m[K/opt/ros/humble/include/rclcpp/rclcpp/executor.hpp:37[m[K,
                 from [01m[K/opt/ros/humble/include/rclcpp/rclcpp/executors/multi_threaded_executor.hpp:25[m[K,
                 from [01m[K/opt/ros/humble/include/rclcpp/rclcpp/executors.hpp:21[m[K,
                 from [01m[K/opt/ros/humble/include/rclcpp/rclcpp/rclcpp.hpp:155[m[K,
                 from [01m[K/home/vboxuser/github/semester_1/programming/enpm702_group3/rwa5_3/rwa5_ws/src/group3_rwa5/include/group3_rwa5/waypoint_publisher.hpp:6[m[K,
                 from [01m[K/home/vboxuser/github/semester_1/programming/enpm702_group3/rwa5_3/rwa5_ws/src/group3_rwa5/src/waypoint_publisher.cpp:4[m[K:
[01m[K/home/vboxuser/github/semester_1/programming/enpm702_group3/rwa5_3/rwa5_ws/src/group3_rwa5/src/waypoint_publisher.cpp:[m[K In member function ‘[01m[Kvoid WaypointPublisher::publish_int()[m[K’:
[01m[K/home/vboxuser/github/semester_1/programming/enpm702_group3/rwa5_3/rwa5_ws/src/group3_rwa5/src/waypoint_publisher.cpp:39:24:[m[K [01;31m[Kerror: [m[K‘[01m[Kstruct bot_waypoint_msgs::msg::BotWaypoint_<std::allocator<void> >[m[K’ has no member named ‘[01m[Kpose[m[K’
   39 |             << message.[01;31m[Kpose[m[K.x << ", " << message.pose.y << ", " << message.pose.theta
      |                        [01;31m[K^~~~[m[K
[01m[K/home/vboxuser/github/semester_1/programming/enpm702_group3/rwa5_3/rwa5_ws/src/group3_rwa5/src/waypoint_publisher.cpp:39:50:[m[K [01;31m[Kerror: [m[K‘[01m[Kstruct bot_waypoint_msgs::msg::BotWaypoint_<std::allocator<void> >[m[K’ has no member named ‘[01m[Kpose[m[K’
   39 |             << message.pose.x << ", " << message.[01;31m[Kpose[m[K.y << ", " << message.pose.theta
      |                                                  [01;31m[K^~~~[m[K
[01m[K/home/vboxuser/github/semester_1/programming/enpm702_group3/rwa5_3/rwa5_ws/src/group3_rwa5/src/waypoint_publisher.cpp:39:76:[m[K [01;31m[Kerror: [m[K‘[01m[Kstruct bot_waypoint_msgs::msg::BotWaypoint_<std::allocator<void> >[m[K’ has no member named ‘[01m[Kpose[m[K’
   39 |  message.pose.x << ", " << message.pose.y << ", " << message.[01;31m[Kpose[m[K.theta
      |                                                              [01;31m[K^~~~[m[K

gmake[2]: *** [CMakeFiles/project_5.dir/build.make:90: CMakeFiles/project_5.dir/src/waypoint_publisher.cpp.o] Error 1
gmake[1]: *** [CMakeFiles/Makefile2:137: CMakeFiles/project_5.dir/all] Error 2
gmake: *** [Makefile:146: all] Error 2
