[0.019s] Invoking command in '/home/vboxuser/github/semester_1/programming/enpm702_group3/rwa5_3/rwa5_ws/build/bot_waypoint_msgs': CMAKE_PREFIX_PATH=${CMAKE_PREFIX_PATH}:/home/vboxuser/ros2_ws2/install/turtlebot3_teleop:/home/vboxuser/ros2_ws2/install/turtlebot3_example:/opt/ros/humble /usr/bin/cmake --build /home/vboxuser/github/semester_1/programming/enpm702_group3/rwa5_3/rwa5_ws/build/bot_waypoint_msgs -- -j2 -l2
[0.073s] [ 12%] Built target bot_waypoint_msgs__cpp
[0.073s] [ 12%] Built target bot_waypoint_msgs__rosidl_generator_c
[0.093s] [ 22%] Built target bot_waypoint_msgs__rosidl_typesupport_introspection_cpp
[0.102s] [ 22%] Built target ament_cmake_python_copy_bot_waypoint_msgs
[0.126s] [ 41%] Built target bot_waypoint_msgs__rosidl_typesupport_fastrtps_c
[0.129s] [ 41%] Built target bot_waypoint_msgs__rosidl_typesupport_cpp
[0.153s] [ 61%] Built target bot_waypoint_msgs__rosidl_typesupport_introspection_c
[0.153s] [ 58%] Built target bot_waypoint_msgs__rosidl_typesupport_fastrtps_cpp
[0.174s] [ 70%] Built target bot_waypoint_msgs__rosidl_typesupport_c
[0.193s] [ 70%] Built target bot_waypoint_msgs
[0.216s] [ 74%] Built target bot_waypoint_msgs__py
[0.242s] [ 80%] Built target bot_waypoint_msgs__rosidl_generator_py
[0.263s] [ 87%] Built target bot_waypoint_msgs__rosidl_typesupport_fastrtps_c__pyext
[0.284s] [ 93%] Built target bot_waypoint_msgs__rosidl_typesupport_introspection_c__pyext
[0.304s] [100%] Built target bot_waypoint_msgs__rosidl_typesupport_c__pyext
[0.331s] running egg_info
[0.331s] writing bot_waypoint_msgs.egg-info/PKG-INFO
[0.332s] writing dependency_links to bot_waypoint_msgs.egg-info/dependency_links.txt
[0.333s] writing top-level names to bot_waypoint_msgs.egg-info/top_level.txt
[0.334s] reading manifest file 'bot_waypoint_msgs.egg-info/SOURCES.txt'
[0.336s] writing manifest file 'bot_waypoint_msgs.egg-info/SOURCES.txt'
[0.360s] [100%] Built target ament_cmake_python_build_bot_waypoint_msgs_egg
[0.369s] Invoked command in '/home/vboxuser/github/semester_1/programming/enpm702_group3/rwa5_3/rwa5_ws/build/bot_waypoint_msgs' returned '0': CMAKE_PREFIX_PATH=${CMAKE_PREFIX_PATH}:/home/vboxuser/ros2_ws2/install/turtlebot3_teleop:/home/vboxuser/ros2_ws2/install/turtlebot3_example:/opt/ros/humble /usr/bin/cmake --build /home/vboxuser/github/semester_1/programming/enpm702_group3/rwa5_3/rwa5_ws/build/bot_waypoint_msgs -- -j2 -l2
[0.386s] Invoking command in '/home/vboxuser/github/semester_1/programming/enpm702_group3/rwa5_3/rwa5_ws/build/bot_waypoint_msgs': CMAKE_PREFIX_PATH=${CMAKE_PREFIX_PATH}:/home/vboxuser/ros2_ws2/install/turtlebot3_teleop:/home/vboxuser/ros2_ws2/install/turtlebot3_example:/opt/ros/humble /usr/bin/cmake --install /home/vboxuser/github/semester_1/programming/enpm702_group3/rwa5_3/rwa5_ws/build/bot_waypoint_msgs
[0.393s] -- Install configuration: ""
[0.393s] -- Up-to-date: /home/vboxuser/github/semester_1/programming/enpm702_group3/rwa5_3/rwa5_ws/install/bot_waypoint_msgs/share/ament_index/resource_index/rosidl_interfaces/bot_waypoint_msgs
[0.393s] -- Up-to-date: /home/vboxuser/github/semester_1/programming/enpm702_group3/rwa5_3/rwa5_ws/install/bot_waypoint_msgs/include/bot_waypoint_msgs/bot_waypoint_msgs
[0.394s] -- Up-to-date: /home/vboxuser/github/semester_1/programming/enpm702_group3/rwa5_3/rwa5_ws/install/bot_waypoint_msgs/include/bot_waypoint_msgs/bot_waypoint_msgs/msg
[0.394s] -- Up-to-date: /home/vboxuser/github/semester_1/programming/enpm702_group3/rwa5_3/rwa5_ws/install/bot_waypoint_msgs/include/bot_waypoint_msgs/bot_waypoint_msgs/msg/bot_waypoint.h
[0.394s] -- Up-to-date: /home/vboxuser/github/semester_1/programming/enpm702_group3/rwa5_3/rwa5_ws/install/bot_waypoint_msgs/include/bot_waypoint_msgs/bot_waypoint_msgs/msg/rosidl_generator_c__visibility_control.h
[0.395s] -- Up-to-date: /home/vboxuser/github/semester_1/programming/enpm702_group3/rwa5_3/rwa5_ws/install/bot_waypoint_msgs/include/bot_waypoint_msgs/bot_waypoint_msgs/msg/detail
[0.395s] -- Up-to-date: /home/vboxuser/github/semester_1/programming/enpm702_group3/rwa5_3/rwa5_ws/install/bot_waypoint_msgs/include/bot_waypoint_msgs/bot_waypoint_msgs/msg/detail/bot_waypoint__functions.c
[0.395s] -- Up-to-date: /home/vboxuser/github/semester_1/programming/enpm702_group3/rwa5_3/rwa5_ws/install/bot_waypoint_msgs/include/bot_waypoint_msgs/bot_waypoint_msgs/msg/detail/bot_waypoint__type_support.h
[0.395s] -- Up-to-date: /home/vboxuser/github/semester_1/programming/enpm702_group3/rwa5_3/rwa5_ws/install/bot_waypoint_msgs/include/bot_waypoint_msgs/bot_waypoint_msgs/msg/detail/bot_waypoint__functions.h
[0.395s] -- Up-to-date: /home/vboxuser/github/semester_1/programming/enpm702_group3/rwa5_3/rwa5_ws/install/bot_waypoint_msgs/include/bot_waypoint_msgs/bot_waypoint_msgs/msg/detail/bot_waypoint__struct.h
[0.395s] -- Up-to-date: /home/vboxuser/github/semester_1/programming/enpm702_group3/rwa5_3/rwa5_ws/install/bot_waypoint_msgs/share/bot_waypoint_msgs/environment/library_path.sh
[0.395s] -- Up-to-date: /home/vboxuser/github/semester_1/programming/enpm702_group3/rwa5_3/rwa5_ws/install/bot_waypoint_msgs/share/bot_waypoint_msgs/environment/library_path.dsv
[0.395s] -- Up-to-date: /home/vboxuser/github/semester_1/programming/enpm702_group3/rwa5_3/rwa5_ws/install/bot_waypoint_msgs/lib/libbot_waypoint_msgs__rosidl_generator_c.so
[0.395s] -- Up-to-date: /home/vboxuser/github/semester_1/programming/enpm702_group3/rwa5_3/rwa5_ws/install/bot_waypoint_msgs/include/bot_waypoint_msgs/bot_waypoint_msgs
[0.395s] -- Up-to-date: /home/vboxuser/github/semester_1/programming/enpm702_group3/rwa5_3/rwa5_ws/install/bot_waypoint_msgs/include/bot_waypoint_msgs/bot_waypoint_msgs/msg
[0.395s] -- Up-to-date: /home/vboxuser/github/semester_1/programming/enpm702_group3/rwa5_3/rwa5_ws/install/bot_waypoint_msgs/include/bot_waypoint_msgs/bot_waypoint_msgs/msg/rosidl_typesupport_fastrtps_c__visibility_control.h
[0.395s] -- Up-to-date: /home/vboxuser/github/semester_1/programming/enpm702_group3/rwa5_3/rwa5_ws/install/bot_waypoint_msgs/include/bot_waypoint_msgs/bot_waypoint_msgs/msg/detail
[0.396s] -- Up-to-date: /home/vboxuser/github/semester_1/programming/enpm702_group3/rwa5_3/rwa5_ws/install/bot_waypoint_msgs/include/bot_waypoint_msgs/bot_waypoint_msgs/msg/detail/bot_waypoint__rosidl_typesupport_fastrtps_c.h
[0.396s] -- Up-to-date: /home/vboxuser/github/semester_1/programming/enpm702_group3/rwa5_3/rwa5_ws/install/bot_waypoint_msgs/lib/libbot_waypoint_msgs__rosidl_typesupport_fastrtps_c.so
[0.396s] -- Up-to-date: /home/vboxuser/github/semester_1/programming/enpm702_group3/rwa5_3/rwa5_ws/install/bot_waypoint_msgs/include/bot_waypoint_msgs/bot_waypoint_msgs
[0.396s] -- Up-to-date: /home/vboxuser/github/semester_1/programming/enpm702_group3/rwa5_3/rwa5_ws/install/bot_waypoint_msgs/include/bot_waypoint_msgs/bot_waypoint_msgs/msg
[0.396s] -- Up-to-date: /home/vboxuser/github/semester_1/programming/enpm702_group3/rwa5_3/rwa5_ws/install/bot_waypoint_msgs/include/bot_waypoint_msgs/bot_waypoint_msgs/msg/bot_waypoint.hpp
[0.396s] -- Up-to-date: /home/vboxuser/github/semester_1/programming/enpm702_group3/rwa5_3/rwa5_ws/install/bot_waypoint_msgs/include/bot_waypoint_msgs/bot_waypoint_msgs/msg/detail
[0.396s] -- Up-to-date: /home/vboxuser/github/semester_1/programming/enpm702_group3/rwa5_3/rwa5_ws/install/bot_waypoint_msgs/include/bot_waypoint_msgs/bot_waypoint_msgs/msg/detail/bot_waypoint__struct.hpp
[0.396s] -- Up-to-date: /home/vboxuser/github/semester_1/programming/enpm702_group3/rwa5_3/rwa5_ws/install/bot_waypoint_msgs/include/bot_waypoint_msgs/bot_waypoint_msgs/msg/detail/bot_waypoint__traits.hpp
[0.396s] -- Up-to-date: /home/vboxuser/github/semester_1/programming/enpm702_group3/rwa5_3/rwa5_ws/install/bot_waypoint_msgs/include/bot_waypoint_msgs/bot_waypoint_msgs/msg/detail/bot_waypoint__builder.hpp
[0.396s] -- Up-to-date: /home/vboxuser/github/semester_1/programming/enpm702_group3/rwa5_3/rwa5_ws/install/bot_waypoint_msgs/include/bot_waypoint_msgs/bot_waypoint_msgs
[0.396s] -- Up-to-date: /home/vboxuser/github/semester_1/programming/enpm702_group3/rwa5_3/rwa5_ws/install/bot_waypoint_msgs/include/bot_waypoint_msgs/bot_waypoint_msgs/msg
[0.396s] -- Up-to-date: /home/vboxuser/github/semester_1/programming/enpm702_group3/rwa5_3/rwa5_ws/install/bot_waypoint_msgs/include/bot_waypoint_msgs/bot_waypoint_msgs/msg/rosidl_typesupport_fastrtps_cpp__visibility_control.h
[0.397s] -- Up-to-date: /home/vboxuser/github/semester_1/programming/enpm702_group3/rwa5_3/rwa5_ws/install/bot_waypoint_msgs/include/bot_waypoint_msgs/bot_waypoint_msgs/msg/detail
[0.397s] -- Up-to-date: /home/vboxuser/github/semester_1/programming/enpm702_group3/rwa5_3/rwa5_ws/install/bot_waypoint_msgs/include/bot_waypoint_msgs/bot_waypoint_msgs/msg/detail/dds_fastrtps
[0.397s] -- Up-to-date: /home/vboxuser/github/semester_1/programming/enpm702_group3/rwa5_3/rwa5_ws/install/bot_waypoint_msgs/include/bot_waypoint_msgs/bot_waypoint_msgs/msg/detail/bot_waypoint__rosidl_typesupport_fastrtps_cpp.hpp
[0.397s] -- Up-to-date: /home/vboxuser/github/semester_1/programming/enpm702_group3/rwa5_3/rwa5_ws/install/bot_waypoint_msgs/lib/libbot_waypoint_msgs__rosidl_typesupport_fastrtps_cpp.so
[0.397s] -- Up-to-date: /home/vboxuser/github/semester_1/programming/enpm702_group3/rwa5_3/rwa5_ws/install/bot_waypoint_msgs/include/bot_waypoint_msgs/bot_waypoint_msgs
[0.397s] -- Up-to-date: /home/vboxuser/github/semester_1/programming/enpm702_group3/rwa5_3/rwa5_ws/install/bot_waypoint_msgs/include/bot_waypoint_msgs/bot_waypoint_msgs/msg
[0.397s] -- Up-to-date: /home/vboxuser/github/semester_1/programming/enpm702_group3/rwa5_3/rwa5_ws/install/bot_waypoint_msgs/include/bot_waypoint_msgs/bot_waypoint_msgs/msg/rosidl_typesupport_introspection_c__visibility_control.h
[0.397s] -- Up-to-date: /home/vboxuser/github/semester_1/programming/enpm702_group3/rwa5_3/rwa5_ws/install/bot_waypoint_msgs/include/bot_waypoint_msgs/bot_waypoint_msgs/msg/detail
[0.397s] -- Up-to-date: /home/vboxuser/github/semester_1/programming/enpm702_group3/rwa5_3/rwa5_ws/install/bot_waypoint_msgs/include/bot_waypoint_msgs/bot_waypoint_msgs/msg/detail/bot_waypoint__rosidl_typesupport_introspection_c.h
[0.397s] -- Up-to-date: /home/vboxuser/github/semester_1/programming/enpm702_group3/rwa5_3/rwa5_ws/install/bot_waypoint_msgs/include/bot_waypoint_msgs/bot_waypoint_msgs/msg/detail/bot_waypoint__type_support.c
[0.397s] -- Up-to-date: /home/vboxuser/github/semester_1/programming/enpm702_group3/rwa5_3/rwa5_ws/install/bot_waypoint_msgs/lib/libbot_waypoint_msgs__rosidl_typesupport_introspection_c.so
[0.397s] -- Up-to-date: /home/vboxuser/github/semester_1/programming/enpm702_group3/rwa5_3/rwa5_ws/install/bot_waypoint_msgs/lib/libbot_waypoint_msgs__rosidl_typesupport_c.so
[0.397s] -- Up-to-date: /home/vboxuser/github/semester_1/programming/enpm702_group3/rwa5_3/rwa5_ws/install/bot_waypoint_msgs/include/bot_waypoint_msgs/bot_waypoint_msgs
[0.397s] -- Up-to-date: /home/vboxuser/github/semester_1/programming/enpm702_group3/rwa5_3/rwa5_ws/install/bot_waypoint_msgs/include/bot_waypoint_msgs/bot_waypoint_msgs/msg
[0.397s] -- Up-to-date: /home/vboxuser/github/semester_1/programming/enpm702_group3/rwa5_3/rwa5_ws/install/bot_waypoint_msgs/include/bot_waypoint_msgs/bot_waypoint_msgs/msg/detail
[0.397s] -- Up-to-date: /home/vboxuser/github/semester_1/programming/enpm702_group3/rwa5_3/rwa5_ws/install/bot_waypoint_msgs/include/bot_waypoint_msgs/bot_waypoint_msgs/msg/detail/bot_waypoint__rosidl_typesupport_introspection_cpp.hpp
[0.397s] -- Up-to-date: /home/vboxuser/github/semester_1/programming/enpm702_group3/rwa5_3/rwa5_ws/install/bot_waypoint_msgs/include/bot_waypoint_msgs/bot_waypoint_msgs/msg/detail/bot_waypoint__type_support.cpp
[0.397s] -- Up-to-date: /home/vboxuser/github/semester_1/programming/enpm702_group3/rwa5_3/rwa5_ws/install/bot_waypoint_msgs/lib/libbot_waypoint_msgs__rosidl_typesupport_introspection_cpp.so
[0.397s] -- Up-to-date: /home/vboxuser/github/semester_1/programming/enpm702_group3/rwa5_3/rwa5_ws/install/bot_waypoint_msgs/lib/libbot_waypoint_msgs__rosidl_typesupport_cpp.so
[0.397s] -- Up-to-date: /home/vboxuser/github/semester_1/programming/enpm702_group3/rwa5_3/rwa5_ws/install/bot_waypoint_msgs/share/bot_waypoint_msgs/environment/pythonpath.sh
[0.397s] -- Up-to-date: /home/vboxuser/github/semester_1/programming/enpm702_group3/rwa5_3/rwa5_ws/install/bot_waypoint_msgs/share/bot_waypoint_msgs/environment/pythonpath.dsv
[0.397s] -- Up-to-date: /home/vboxuser/github/semester_1/programming/enpm702_group3/rwa5_3/rwa5_ws/install/bot_waypoint_msgs/local/lib/python3.10/dist-packages/bot_waypoint_msgs-0.0.0-py3.10.egg-info
[0.397s] -- Installing: /home/vboxuser/github/semester_1/programming/enpm702_group3/rwa5_3/rwa5_ws/install/bot_waypoint_msgs/local/lib/python3.10/dist-packages/bot_waypoint_msgs-0.0.0-py3.10.egg-info/top_level.txt
[0.397s] -- Installing: /home/vboxuser/github/semester_1/programming/enpm702_group3/rwa5_3/rwa5_ws/install/bot_waypoint_msgs/local/lib/python3.10/dist-packages/bot_waypoint_msgs-0.0.0-py3.10.egg-info/PKG-INFO
[0.397s] -- Installing: /home/vboxuser/github/semester_1/programming/enpm702_group3/rwa5_3/rwa5_ws/install/bot_waypoint_msgs/local/lib/python3.10/dist-packages/bot_waypoint_msgs-0.0.0-py3.10.egg-info/dependency_links.txt
[0.397s] -- Installing: /home/vboxuser/github/semester_1/programming/enpm702_group3/rwa5_3/rwa5_ws/install/bot_waypoint_msgs/local/lib/python3.10/dist-packages/bot_waypoint_msgs-0.0.0-py3.10.egg-info/SOURCES.txt
[0.397s] -- Up-to-date: /home/vboxuser/github/semester_1/programming/enpm702_group3/rwa5_3/rwa5_ws/install/bot_waypoint_msgs/local/lib/python3.10/dist-packages/bot_waypoint_msgs
[0.397s] -- Up-to-date: /home/vboxuser/github/semester_1/programming/enpm702_group3/rwa5_3/rwa5_ws/install/bot_waypoint_msgs/local/lib/python3.10/dist-packages/bot_waypoint_msgs/libbot_waypoint_msgs__rosidl_generator_py.so
[0.397s] -- Up-to-date: /home/vboxuser/github/semester_1/programming/enpm702_group3/rwa5_3/rwa5_ws/install/bot_waypoint_msgs/local/lib/python3.10/dist-packages/bot_waypoint_msgs/bot_waypoint_msgs_s__rosidl_typesupport_introspection_c.cpython-310-x86_64-linux-gnu.so
[0.397s] -- Up-to-date: /home/vboxuser/github/semester_1/programming/enpm702_group3/rwa5_3/rwa5_ws/install/bot_waypoint_msgs/local/lib/python3.10/dist-packages/bot_waypoint_msgs/_bot_waypoint_msgs_s.ep.rosidl_typesupport_c.c
[0.398s] -- Up-to-date: /home/vboxuser/github/semester_1/programming/enpm702_group3/rwa5_3/rwa5_ws/install/bot_waypoint_msgs/local/lib/python3.10/dist-packages/bot_waypoint_msgs/bot_waypoint_msgs_s__rosidl_typesupport_c.cpython-310-x86_64-linux-gnu.so
[0.398s] -- Up-to-date: /home/vboxuser/github/semester_1/programming/enpm702_group3/rwa5_3/rwa5_ws/install/bot_waypoint_msgs/local/lib/python3.10/dist-packages/bot_waypoint_msgs/msg
[0.398s] -- Up-to-date: /home/vboxuser/github/semester_1/programming/enpm702_group3/rwa5_3/rwa5_ws/install/bot_waypoint_msgs/local/lib/python3.10/dist-packages/bot_waypoint_msgs/msg/_bot_waypoint_s.c
[0.398s] -- Up-to-date: /home/vboxuser/github/semester_1/programming/enpm702_group3/rwa5_3/rwa5_ws/install/bot_waypoint_msgs/local/lib/python3.10/dist-packages/bot_waypoint_msgs/msg/_bot_waypoint.py
[0.398s] -- Up-to-date: /home/vboxuser/github/semester_1/programming/enpm702_group3/rwa5_3/rwa5_ws/install/bot_waypoint_msgs/local/lib/python3.10/dist-packages/bot_waypoint_msgs/msg/__init__.py
[0.398s] -- Up-to-date: /home/vboxuser/github/semester_1/programming/enpm702_group3/rwa5_3/rwa5_ws/install/bot_waypoint_msgs/local/lib/python3.10/dist-packages/bot_waypoint_msgs/bot_waypoint_msgs_s__rosidl_typesupport_fastrtps_c.cpython-310-x86_64-linux-gnu.so
[0.398s] -- Up-to-date: /home/vboxuser/github/semester_1/programming/enpm702_group3/rwa5_3/rwa5_ws/install/bot_waypoint_msgs/local/lib/python3.10/dist-packages/bot_waypoint_msgs/_bot_waypoint_msgs_s.ep.rosidl_typesupport_introspection_c.c
[0.398s] -- Up-to-date: /home/vboxuser/github/semester_1/programming/enpm702_group3/rwa5_3/rwa5_ws/install/bot_waypoint_msgs/local/lib/python3.10/dist-packages/bot_waypoint_msgs/_bot_waypoint_msgs_s.ep.rosidl_typesupport_fastrtps_c.c
[0.398s] -- Up-to-date: /home/vboxuser/github/semester_1/programming/enpm702_group3/rwa5_3/rwa5_ws/install/bot_waypoint_msgs/local/lib/python3.10/dist-packages/bot_waypoint_msgs/__init__.py
[0.420s] Listing '/home/vboxuser/github/semester_1/programming/enpm702_group3/rwa5_3/rwa5_ws/install/bot_waypoint_msgs/local/lib/python3.10/dist-packages/bot_waypoint_msgs'...
[0.420s] Listing '/home/vboxuser/github/semester_1/programming/enpm702_group3/rwa5_3/rwa5_ws/install/bot_waypoint_msgs/local/lib/python3.10/dist-packages/bot_waypoint_msgs/msg'...
[0.422s] -- Up-to-date: /home/vboxuser/github/semester_1/programming/enpm702_group3/rwa5_3/rwa5_ws/install/bot_waypoint_msgs/local/lib/python3.10/dist-packages/bot_waypoint_msgs/bot_waypoint_msgs_s__rosidl_typesupport_fastrtps_c.cpython-310-x86_64-linux-gnu.so
[0.423s] -- Up-to-date: /home/vboxuser/github/semester_1/programming/enpm702_group3/rwa5_3/rwa5_ws/install/bot_waypoint_msgs/local/lib/python3.10/dist-packages/bot_waypoint_msgs/bot_waypoint_msgs_s__rosidl_typesupport_introspection_c.cpython-310-x86_64-linux-gnu.so
[0.423s] -- Up-to-date: /home/vboxuser/github/semester_1/programming/enpm702_group3/rwa5_3/rwa5_ws/install/bot_waypoint_msgs/local/lib/python3.10/dist-packages/bot_waypoint_msgs/bot_waypoint_msgs_s__rosidl_typesupport_c.cpython-310-x86_64-linux-gnu.so
[0.423s] -- Up-to-date: /home/vboxuser/github/semester_1/programming/enpm702_group3/rwa5_3/rwa5_ws/install/bot_waypoint_msgs/lib/libbot_waypoint_msgs__rosidl_generator_py.so
[0.423s] -- Up-to-date: /home/vboxuser/github/semester_1/programming/enpm702_group3/rwa5_3/rwa5_ws/install/bot_waypoint_msgs/share/bot_waypoint_msgs/msg/BotWaypoint.idl
[0.423s] -- Up-to-date: /home/vboxuser/github/semester_1/programming/enpm702_group3/rwa5_3/rwa5_ws/install/bot_waypoint_msgs/share/bot_waypoint_msgs/msg/BotWaypoint.msg
[0.423s] -- Up-to-date: /home/vboxuser/github/semester_1/programming/enpm702_group3/rwa5_3/rwa5_ws/install/bot_waypoint_msgs/share/ament_index/resource_index/package_run_dependencies/bot_waypoint_msgs
[0.424s] -- Up-to-date: /home/vboxuser/github/semester_1/programming/enpm702_group3/rwa5_3/rwa5_ws/install/bot_waypoint_msgs/share/ament_index/resource_index/parent_prefix_path/bot_waypoint_msgs
[0.424s] -- Up-to-date: /home/vboxuser/github/semester_1/programming/enpm702_group3/rwa5_3/rwa5_ws/install/bot_waypoint_msgs/share/bot_waypoint_msgs/environment/ament_prefix_path.sh
[0.424s] -- Up-to-date: /home/vboxuser/github/semester_1/programming/enpm702_group3/rwa5_3/rwa5_ws/install/bot_waypoint_msgs/share/bot_waypoint_msgs/environment/ament_prefix_path.dsv
[0.424s] -- Up-to-date: /home/vboxuser/github/semester_1/programming/enpm702_group3/rwa5_3/rwa5_ws/install/bot_waypoint_msgs/share/bot_waypoint_msgs/environment/path.sh
[0.424s] -- Up-to-date: /home/vboxuser/github/semester_1/programming/enpm702_group3/rwa5_3/rwa5_ws/install/bot_waypoint_msgs/share/bot_waypoint_msgs/environment/path.dsv
[0.424s] -- Up-to-date: /home/vboxuser/github/semester_1/programming/enpm702_group3/rwa5_3/rwa5_ws/install/bot_waypoint_msgs/share/bot_waypoint_msgs/local_setup.bash
[0.424s] -- Up-to-date: /home/vboxuser/github/semester_1/programming/enpm702_group3/rwa5_3/rwa5_ws/install/bot_waypoint_msgs/share/bot_waypoint_msgs/local_setup.sh
[0.424s] -- Up-to-date: /home/vboxuser/github/semester_1/programming/enpm702_group3/rwa5_3/rwa5_ws/install/bot_waypoint_msgs/share/bot_waypoint_msgs/local_setup.zsh
[0.424s] -- Up-to-date: /home/vboxuser/github/semester_1/programming/enpm702_group3/rwa5_3/rwa5_ws/install/bot_waypoint_msgs/share/bot_waypoint_msgs/local_setup.dsv
[0.424s] -- Installing: /home/vboxuser/github/semester_1/programming/enpm702_group3/rwa5_3/rwa5_ws/install/bot_waypoint_msgs/share/bot_waypoint_msgs/package.dsv
[0.424s] -- Up-to-date: /home/vboxuser/github/semester_1/programming/enpm702_group3/rwa5_3/rwa5_ws/install/bot_waypoint_msgs/share/ament_index/resource_index/packages/bot_waypoint_msgs
[0.425s] -- Up-to-date: /home/vboxuser/github/semester_1/programming/enpm702_group3/rwa5_3/rwa5_ws/install/bot_waypoint_msgs/share/bot_waypoint_msgs/cmake/export_bot_waypoint_msgs__rosidl_generator_cExport.cmake
[0.425s] -- Up-to-date: /home/vboxuser/github/semester_1/programming/enpm702_group3/rwa5_3/rwa5_ws/install/bot_waypoint_msgs/share/bot_waypoint_msgs/cmake/export_bot_waypoint_msgs__rosidl_generator_cExport-noconfig.cmake
[0.425s] -- Up-to-date: /home/vboxuser/github/semester_1/programming/enpm702_group3/rwa5_3/rwa5_ws/install/bot_waypoint_msgs/share/bot_waypoint_msgs/cmake/export_bot_waypoint_msgs__rosidl_typesupport_fastrtps_cExport.cmake
[0.425s] -- Up-to-date: /home/vboxuser/github/semester_1/programming/enpm702_group3/rwa5_3/rwa5_ws/install/bot_waypoint_msgs/share/bot_waypoint_msgs/cmake/export_bot_waypoint_msgs__rosidl_typesupport_fastrtps_cExport-noconfig.cmake
[0.425s] -- Up-to-date: /home/vboxuser/github/semester_1/programming/enpm702_group3/rwa5_3/rwa5_ws/install/bot_waypoint_msgs/share/bot_waypoint_msgs/cmake/export_bot_waypoint_msgs__rosidl_generator_cppExport.cmake
[0.426s] -- Up-to-date: /home/vboxuser/github/semester_1/programming/enpm702_group3/rwa5_3/rwa5_ws/install/bot_waypoint_msgs/share/bot_waypoint_msgs/cmake/export_bot_waypoint_msgs__rosidl_typesupport_fastrtps_cppExport.cmake
[0.426s] -- Up-to-date: /home/vboxuser/github/semester_1/programming/enpm702_group3/rwa5_3/rwa5_ws/install/bot_waypoint_msgs/share/bot_waypoint_msgs/cmake/export_bot_waypoint_msgs__rosidl_typesupport_fastrtps_cppExport-noconfig.cmake
[0.426s] -- Up-to-date: /home/vboxuser/github/semester_1/programming/enpm702_group3/rwa5_3/rwa5_ws/install/bot_waypoint_msgs/share/bot_waypoint_msgs/cmake/bot_waypoint_msgs__rosidl_typesupport_introspection_cExport.cmake
[0.426s] -- Up-to-date: /home/vboxuser/github/semester_1/programming/enpm702_group3/rwa5_3/rwa5_ws/install/bot_waypoint_msgs/share/bot_waypoint_msgs/cmake/bot_waypoint_msgs__rosidl_typesupport_introspection_cExport-noconfig.cmake
[0.426s] -- Up-to-date: /home/vboxuser/github/semester_1/programming/enpm702_group3/rwa5_3/rwa5_ws/install/bot_waypoint_msgs/share/bot_waypoint_msgs/cmake/bot_waypoint_msgs__rosidl_typesupport_cExport.cmake
[0.426s] -- Up-to-date: /home/vboxuser/github/semester_1/programming/enpm702_group3/rwa5_3/rwa5_ws/install/bot_waypoint_msgs/share/bot_waypoint_msgs/cmake/bot_waypoint_msgs__rosidl_typesupport_cExport-noconfig.cmake
[0.426s] -- Up-to-date: /home/vboxuser/github/semester_1/programming/enpm702_group3/rwa5_3/rwa5_ws/install/bot_waypoint_msgs/share/bot_waypoint_msgs/cmake/bot_waypoint_msgs__rosidl_typesupport_introspection_cppExport.cmake
[0.426s] -- Up-to-date: /home/vboxuser/github/semester_1/programming/enpm702_group3/rwa5_3/rwa5_ws/install/bot_waypoint_msgs/share/bot_waypoint_msgs/cmake/bot_waypoint_msgs__rosidl_typesupport_introspection_cppExport-noconfig.cmake
[0.426s] -- Up-to-date: /home/vboxuser/github/semester_1/programming/enpm702_group3/rwa5_3/rwa5_ws/install/bot_waypoint_msgs/share/bot_waypoint_msgs/cmake/bot_waypoint_msgs__rosidl_typesupport_cppExport.cmake
[0.426s] -- Up-to-date: /home/vboxuser/github/semester_1/programming/enpm702_group3/rwa5_3/rwa5_ws/install/bot_waypoint_msgs/share/bot_waypoint_msgs/cmake/bot_waypoint_msgs__rosidl_typesupport_cppExport-noconfig.cmake
[0.427s] -- Up-to-date: /home/vboxuser/github/semester_1/programming/enpm702_group3/rwa5_3/rwa5_ws/install/bot_waypoint_msgs/share/bot_waypoint_msgs/cmake/export_bot_waypoint_msgs__rosidl_generator_pyExport.cmake
[0.427s] -- Up-to-date: /home/vboxuser/github/semester_1/programming/enpm702_group3/rwa5_3/rwa5_ws/install/bot_waypoint_msgs/share/bot_waypoint_msgs/cmake/export_bot_waypoint_msgs__rosidl_generator_pyExport-noconfig.cmake
[0.427s] -- Up-to-date: /home/vboxuser/github/semester_1/programming/enpm702_group3/rwa5_3/rwa5_ws/install/bot_waypoint_msgs/share/bot_waypoint_msgs/cmake/rosidl_cmake-extras.cmake
[0.427s] -- Up-to-date: /home/vboxuser/github/semester_1/programming/enpm702_group3/rwa5_3/rwa5_ws/install/bot_waypoint_msgs/share/bot_waypoint_msgs/cmake/ament_cmake_export_dependencies-extras.cmake
[0.427s] -- Up-to-date: /home/vboxuser/github/semester_1/programming/enpm702_group3/rwa5_3/rwa5_ws/install/bot_waypoint_msgs/share/bot_waypoint_msgs/cmake/ament_cmake_export_include_directories-extras.cmake
[0.427s] -- Up-to-date: /home/vboxuser/github/semester_1/programming/enpm702_group3/rwa5_3/rwa5_ws/install/bot_waypoint_msgs/share/bot_waypoint_msgs/cmake/ament_cmake_export_libraries-extras.cmake
[0.427s] -- Up-to-date: /home/vboxuser/github/semester_1/programming/enpm702_group3/rwa5_3/rwa5_ws/install/bot_waypoint_msgs/share/bot_waypoint_msgs/cmake/ament_cmake_export_targets-extras.cmake
[0.427s] -- Up-to-date: /home/vboxuser/github/semester_1/programming/enpm702_group3/rwa5_3/rwa5_ws/install/bot_waypoint_msgs/share/bot_waypoint_msgs/cmake/rosidl_cmake_export_typesupport_targets-extras.cmake
[0.427s] -- Up-to-date: /home/vboxuser/github/semester_1/programming/enpm702_group3/rwa5_3/rwa5_ws/install/bot_waypoint_msgs/share/bot_waypoint_msgs/cmake/rosidl_cmake_export_typesupport_libraries-extras.cmake
[0.427s] -- Up-to-date: /home/vboxuser/github/semester_1/programming/enpm702_group3/rwa5_3/rwa5_ws/install/bot_waypoint_msgs/share/bot_waypoint_msgs/cmake/bot_waypoint_msgsConfig.cmake
[0.427s] -- Up-to-date: /home/vboxuser/github/semester_1/programming/enpm702_group3/rwa5_3/rwa5_ws/install/bot_waypoint_msgs/share/bot_waypoint_msgs/cmake/bot_waypoint_msgsConfig-version.cmake
[0.428s] -- Up-to-date: /home/vboxuser/github/semester_1/programming/enpm702_group3/rwa5_3/rwa5_ws/install/bot_waypoint_msgs/share/bot_waypoint_msgs/package.xml
[0.429s] Invoked command in '/home/vboxuser/github/semester_1/programming/enpm702_group3/rwa5_3/rwa5_ws/build/bot_waypoint_msgs' returned '0': CMAKE_PREFIX_PATH=${CMAKE_PREFIX_PATH}:/home/vboxuser/ros2_ws2/install/turtlebot3_teleop:/home/vboxuser/ros2_ws2/install/turtlebot3_example:/opt/ros/humble /usr/bin/cmake --install /home/vboxuser/github/semester_1/programming/enpm702_group3/rwa5_3/rwa5_ws/build/bot_waypoint_msgs
