-- Found ament_cmake: 1.3.10 (/opt/ros/humble/share/ament_cmake/cmake)
-- Found example_interfaces: 0.9.3 (/opt/ros/humble/share/example_interfaces/cmake)
-- Found rosidl_generator_c: 3.1.5 (/opt/ros/humble/share/rosidl_generator_c/cmake)
-- Found rosidl_adapter: 3.1.5 (/opt/ros/humble/share/rosidl_adapter/cmake)
-- Found rosidl_generator_cpp: 3.1.5 (/opt/ros/humble/share/rosidl_generator_cpp/cmake)
-- Using all available rosidl_typesupport_c: rosidl_typesupport_fastrtps_c;rosidl_typesupport_introspection_c
-- Using all available rosidl_typesupport_cpp: rosidl_typesupport_fastrtps_cpp;rosidl_typesupport_introspection_cpp
-- Found geometry_msgs: 4.2.4 (/opt/ros/humble/share/geometry_msgs/cmake)
-- Found rosidl_default_generators: 1.2.0 (/opt/ros/humble/share/rosidl_default_generators/cmake)
-- Found ament_cmake_ros: 0.10.0 (/opt/ros/humble/share/ament_cmake_ros/cmake)
-- Using all available rosidl_typesupport_c: rosidl_typesupport_fastrtps_c;rosidl_typesupport_introspection_c
-- Using all available rosidl_typesupport_cpp: rosidl_typesupport_fastrtps_cpp;rosidl_typesupport_introspection_cpp
-- Found python_cmake_module: 0.10.0 (/opt/ros/humble/share/python_cmake_module/cmake)
-- Using PYTHON_EXECUTABLE: /usr/bin/python3
-- Using PYTHON_INCLUDE_DIRS: /usr/include/python3.10
-- Using PYTHON_LIBRARIES: /usr/lib/x86_64-linux-gnu/libpython3.10.so
-- Configuring done
-- Generating done
-- Build files have been written to: /home/vboxuser/github/semester_1/programming/enpm702_group3/rwa5_3/rwa5_ws/build/bot_waypoint_msgs
[  3%] [34m[1mGenerating C code for ROS interfaces[0m
[35m[1mConsolidate compiler generated dependencies of target bot_waypoint_msgs__rosidl_generator_c[0m
[  6%] [32mBuilding C object CMakeFiles/bot_waypoint_msgs__rosidl_generator_c.dir/rosidl_generator_c/bot_waypoint_msgs/msg/detail/bot_waypoint__functions.c.o[0m
[  9%] [32m[1mLinking C shared library libbot_waypoint_msgs__rosidl_generator_c.so[0m
[  9%] Built target bot_waypoint_msgs__rosidl_generator_c
[ 12%] [34m[1mGenerating C++ code for ROS interfaces[0m
[ 12%] Built target bot_waypoint_msgs__cpp
[ 12%] Built target ament_cmake_python_copy_bot_waypoint_msgs
[ 16%] [34m[1mGenerating C introspection for ROS interfaces[0m
[35m[1mConsolidate compiler generated dependencies of target bot_waypoint_msgs__rosidl_typesupport_introspection_c[0m
[ 19%] [32mBuilding C object CMakeFiles/bot_waypoint_msgs__rosidl_typesupport_introspection_c.dir/rosidl_typesupport_introspection_c/bot_waypoint_msgs/msg/detail/bot_waypoint__type_support.c.o[0m
[ 22%] [32m[1mLinking C shared library libbot_waypoint_msgs__rosidl_typesupport_introspection_c.so[0m
[ 22%] Built target bot_waypoint_msgs__rosidl_typesupport_introspection_c
[ 25%] [34m[1mGenerating C type support dispatch for ROS interfaces[0m
[35m[1mConsolidate compiler generated dependencies of target bot_waypoint_msgs__rosidl_typesupport_c[0m
[ 29%] [32mBuilding CXX object CMakeFiles/bot_waypoint_msgs__rosidl_typesupport_c.dir/rosidl_typesupport_c/bot_waypoint_msgs/msg/bot_waypoint__type_support.cpp.o[0m
[ 32%] [32m[1mLinking CXX shared library libbot_waypoint_msgs__rosidl_typesupport_c.so[0m
[ 32%] Built target bot_waypoint_msgs__rosidl_typesupport_c
[ 35%] [34m[1mGenerating C++ introspection for ROS interfaces[0m
[35m[1mConsolidate compiler generated dependencies of target bot_waypoint_msgs__rosidl_typesupport_introspection_cpp[0m
[ 38%] [32mBuilding CXX object CMakeFiles/bot_waypoint_msgs__rosidl_typesupport_introspection_cpp.dir/rosidl_typesupport_introspection_cpp/bot_waypoint_msgs/msg/detail/bot_waypoint__type_support.cpp.o[0m
[ 41%] [32m[1mLinking CXX shared library libbot_waypoint_msgs__rosidl_typesupport_introspection_cpp.so[0m
[ 41%] Built target bot_waypoint_msgs__rosidl_typesupport_introspection_cpp
[ 45%] [34m[1mGenerating C++ type support dispatch for ROS interfaces[0m
[35m[1mConsolidate compiler generated dependencies of target bot_waypoint_msgs__rosidl_typesupport_cpp[0m
[ 48%] [32mBuilding CXX object CMakeFiles/bot_waypoint_msgs__rosidl_typesupport_cpp.dir/rosidl_typesupport_cpp/bot_waypoint_msgs/msg/bot_waypoint__type_support.cpp.o[0m
[ 51%] [32m[1mLinking CXX shared library libbot_waypoint_msgs__rosidl_typesupport_cpp.so[0m
[ 51%] Built target bot_waypoint_msgs__rosidl_typesupport_cpp
[ 54%] [34m[1mGenerating C type support for eProsima Fast-RTPS[0m
[35m[1mConsolidate compiler generated dependencies of target bot_waypoint_msgs__rosidl_typesupport_fastrtps_c[0m
[ 58%] [32mBuilding CXX object CMakeFiles/bot_waypoint_msgs__rosidl_typesupport_fastrtps_c.dir/rosidl_typesupport_fastrtps_c/bot_waypoint_msgs/msg/detail/bot_waypoint__type_support_c.cpp.o[0m
[ 61%] [32m[1mLinking CXX shared library libbot_waypoint_msgs__rosidl_typesupport_fastrtps_c.so[0m
[ 61%] Built target bot_waypoint_msgs__rosidl_typesupport_fastrtps_c
[ 64%] [34m[1mGenerating C++ type support for eProsima Fast-RTPS[0m
[35m[1mConsolidate compiler generated dependencies of target bot_waypoint_msgs__rosidl_typesupport_fastrtps_cpp[0m
[ 67%] [32mBuilding CXX object CMakeFiles/bot_waypoint_msgs__rosidl_typesupport_fastrtps_cpp.dir/rosidl_typesupport_fastrtps_cpp/bot_waypoint_msgs/msg/detail/dds_fastrtps/bot_waypoint__type_support.cpp.o[0m
[ 70%] [32m[1mLinking CXX shared library libbot_waypoint_msgs__rosidl_typesupport_fastrtps_cpp.so[0m
[ 70%] Built target bot_waypoint_msgs__rosidl_typesupport_fastrtps_cpp
running egg_info
writing bot_waypoint_msgs.egg-info/PKG-INFO
writing dependency_links to bot_waypoint_msgs.egg-info/dependency_links.txt
writing top-level names to bot_waypoint_msgs.egg-info/top_level.txt
reading manifest file 'bot_waypoint_msgs.egg-info/SOURCES.txt'
writing manifest file 'bot_waypoint_msgs.egg-info/SOURCES.txt'
[ 70%] Built target ament_cmake_python_build_bot_waypoint_msgs_egg
[ 70%] Built target bot_waypoint_msgs
[ 74%] [34m[1mGenerating Python code for ROS interfaces[0m
[ 74%] Built target bot_waypoint_msgs__py
[35m[1mConsolidate compiler generated dependencies of target bot_waypoint_msgs__rosidl_generator_py[0m
[ 77%] [32mBuilding C object CMakeFiles/bot_waypoint_msgs__rosidl_generator_py.dir/rosidl_generator_py/bot_waypoint_msgs/msg/_bot_waypoint_s.c.o[0m
[ 80%] [32m[1mLinking C shared library rosidl_generator_py/bot_waypoint_msgs/libbot_waypoint_msgs__rosidl_generator_py.so[0m
[ 80%] Built target bot_waypoint_msgs__rosidl_generator_py
[35m[1mConsolidate compiler generated dependencies of target bot_waypoint_msgs__rosidl_typesupport_fastrtps_c__pyext[0m
[ 83%] [32mBuilding C object CMakeFiles/bot_waypoint_msgs__rosidl_typesupport_fastrtps_c__pyext.dir/rosidl_generator_py/bot_waypoint_msgs/_bot_waypoint_msgs_s.ep.rosidl_typesupport_fastrtps_c.c.o[0m
[ 87%] [32m[1mLinking C shared library rosidl_generator_py/bot_waypoint_msgs/bot_waypoint_msgs_s__rosidl_typesupport_fastrtps_c.cpython-310-x86_64-linux-gnu.so[0m
[ 87%] Built target bot_waypoint_msgs__rosidl_typesupport_fastrtps_c__pyext
[35m[1mConsolidate compiler generated dependencies of target bot_waypoint_msgs__rosidl_typesupport_introspection_c__pyext[0m
[ 90%] [32mBuilding C object CMakeFiles/bot_waypoint_msgs__rosidl_typesupport_introspection_c__pyext.dir/rosidl_generator_py/bot_waypoint_msgs/_bot_waypoint_msgs_s.ep.rosidl_typesupport_introspection_c.c.o[0m
[ 93%] [32m[1mLinking C shared library rosidl_generator_py/bot_waypoint_msgs/bot_waypoint_msgs_s__rosidl_typesupport_introspection_c.cpython-310-x86_64-linux-gnu.so[0m
[ 93%] Built target bot_waypoint_msgs__rosidl_typesupport_introspection_c__pyext
[35m[1mConsolidate compiler generated dependencies of target bot_waypoint_msgs__rosidl_typesupport_c__pyext[0m
[ 96%] [32mBuilding C object CMakeFiles/bot_waypoint_msgs__rosidl_typesupport_c__pyext.dir/rosidl_generator_py/bot_waypoint_msgs/_bot_waypoint_msgs_s.ep.rosidl_typesupport_c.c.o[0m
[100%] [32m[1mLinking C shared library rosidl_generator_py/bot_waypoint_msgs/bot_waypoint_msgs_s__rosidl_typesupport_c.cpython-310-x86_64-linux-gnu.so[0m
[100%] Built target bot_waypoint_msgs__rosidl_typesupport_c__pyext
-- Install configuration: ""
-- Up-to-date: /home/vboxuser/github/semester_1/programming/enpm702_group3/rwa5_3/rwa5_ws/install/bot_waypoint_msgs/share/ament_index/resource_index/rosidl_interfaces/bot_waypoint_msgs
-- Up-to-date: /home/vboxuser/github/semester_1/programming/enpm702_group3/rwa5_3/rwa5_ws/install/bot_waypoint_msgs/include/bot_waypoint_msgs/bot_waypoint_msgs
-- Up-to-date: /home/vboxuser/github/semester_1/programming/enpm702_group3/rwa5_3/rwa5_ws/install/bot_waypoint_msgs/include/bot_waypoint_msgs/bot_waypoint_msgs/msg
-- Installing: /home/vboxuser/github/semester_1/programming/enpm702_group3/rwa5_3/rwa5_ws/install/bot_waypoint_msgs/include/bot_waypoint_msgs/bot_waypoint_msgs/msg/bot_waypoint.h
-- Up-to-date: /home/vboxuser/github/semester_1/programming/enpm702_group3/rwa5_3/rwa5_ws/install/bot_waypoint_msgs/include/bot_waypoint_msgs/bot_waypoint_msgs/msg/rosidl_generator_c__visibility_control.h
-- Up-to-date: /home/vboxuser/github/semester_1/programming/enpm702_group3/rwa5_3/rwa5_ws/install/bot_waypoint_msgs/include/bot_waypoint_msgs/bot_waypoint_msgs/msg/detail
-- Installing: /home/vboxuser/github/semester_1/programming/enpm702_group3/rwa5_3/rwa5_ws/install/bot_waypoint_msgs/include/bot_waypoint_msgs/bot_waypoint_msgs/msg/detail/bot_waypoint__functions.c
-- Installing: /home/vboxuser/github/semester_1/programming/enpm702_group3/rwa5_3/rwa5_ws/install/bot_waypoint_msgs/include/bot_waypoint_msgs/bot_waypoint_msgs/msg/detail/bot_waypoint__type_support.h
-- Installing: /home/vboxuser/github/semester_1/programming/enpm702_group3/rwa5_3/rwa5_ws/install/bot_waypoint_msgs/include/bot_waypoint_msgs/bot_waypoint_msgs/msg/detail/bot_waypoint__functions.h
-- Installing: /home/vboxuser/github/semester_1/programming/enpm702_group3/rwa5_3/rwa5_ws/install/bot_waypoint_msgs/include/bot_waypoint_msgs/bot_waypoint_msgs/msg/detail/bot_waypoint__struct.h
-- Installing: /home/vboxuser/github/semester_1/programming/enpm702_group3/rwa5_3/rwa5_ws/install/bot_waypoint_msgs/share/bot_waypoint_msgs/environment/library_path.sh
-- Installing: /home/vboxuser/github/semester_1/programming/enpm702_group3/rwa5_3/rwa5_ws/install/bot_waypoint_msgs/share/bot_waypoint_msgs/environment/library_path.dsv
-- Installing: /home/vboxuser/github/semester_1/programming/enpm702_group3/rwa5_3/rwa5_ws/install/bot_waypoint_msgs/lib/libbot_waypoint_msgs__rosidl_generator_c.so
-- Set runtime path of "/home/vboxuser/github/semester_1/programming/enpm702_group3/rwa5_3/rwa5_ws/install/bot_waypoint_msgs/lib/libbot_waypoint_msgs__rosidl_generator_c.so" to ""
-- Up-to-date: /home/vboxuser/github/semester_1/programming/enpm702_group3/rwa5_3/rwa5_ws/install/bot_waypoint_msgs/include/bot_waypoint_msgs/bot_waypoint_msgs
-- Up-to-date: /home/vboxuser/github/semester_1/programming/enpm702_group3/rwa5_3/rwa5_ws/install/bot_waypoint_msgs/include/bot_waypoint_msgs/bot_waypoint_msgs/msg
-- Up-to-date: /home/vboxuser/github/semester_1/programming/enpm702_group3/rwa5_3/rwa5_ws/install/bot_waypoint_msgs/include/bot_waypoint_msgs/bot_waypoint_msgs/msg/rosidl_typesupport_fastrtps_c__visibility_control.h
-- Up-to-date: /home/vboxuser/github/semester_1/programming/enpm702_group3/rwa5_3/rwa5_ws/install/bot_waypoint_msgs/include/bot_waypoint_msgs/bot_waypoint_msgs/msg/detail
-- Installing: /home/vboxuser/github/semester_1/programming/enpm702_group3/rwa5_3/rwa5_ws/install/bot_waypoint_msgs/include/bot_waypoint_msgs/bot_waypoint_msgs/msg/detail/bot_waypoint__rosidl_typesupport_fastrtps_c.h
-- Installing: /home/vboxuser/github/semester_1/programming/enpm702_group3/rwa5_3/rwa5_ws/install/bot_waypoint_msgs/lib/libbot_waypoint_msgs__rosidl_typesupport_fastrtps_c.so
-- Set runtime path of "/home/vboxuser/github/semester_1/programming/enpm702_group3/rwa5_3/rwa5_ws/install/bot_waypoint_msgs/lib/libbot_waypoint_msgs__rosidl_typesupport_fastrtps_c.so" to ""
-- Up-to-date: /home/vboxuser/github/semester_1/programming/enpm702_group3/rwa5_3/rwa5_ws/install/bot_waypoint_msgs/include/bot_waypoint_msgs/bot_waypoint_msgs
-- Up-to-date: /home/vboxuser/github/semester_1/programming/enpm702_group3/rwa5_3/rwa5_ws/install/bot_waypoint_msgs/include/bot_waypoint_msgs/bot_waypoint_msgs/msg
-- Installing: /home/vboxuser/github/semester_1/programming/enpm702_group3/rwa5_3/rwa5_ws/install/bot_waypoint_msgs/include/bot_waypoint_msgs/bot_waypoint_msgs/msg/bot_waypoint.hpp
-- Up-to-date: /home/vboxuser/github/semester_1/programming/enpm702_group3/rwa5_3/rwa5_ws/install/bot_waypoint_msgs/include/bot_waypoint_msgs/bot_waypoint_msgs/msg/detail
-- Installing: /home/vboxuser/github/semester_1/programming/enpm702_group3/rwa5_3/rwa5_ws/install/bot_waypoint_msgs/include/bot_waypoint_msgs/bot_waypoint_msgs/msg/detail/bot_waypoint__struct.hpp
-- Installing: /home/vboxuser/github/semester_1/programming/enpm702_group3/rwa5_3/rwa5_ws/install/bot_waypoint_msgs/include/bot_waypoint_msgs/bot_waypoint_msgs/msg/detail/bot_waypoint__traits.hpp
-- Installing: /home/vboxuser/github/semester_1/programming/enpm702_group3/rwa5_3/rwa5_ws/install/bot_waypoint_msgs/include/bot_waypoint_msgs/bot_waypoint_msgs/msg/detail/bot_waypoint__builder.hpp
-- Up-to-date: /home/vboxuser/github/semester_1/programming/enpm702_group3/rwa5_3/rwa5_ws/install/bot_waypoint_msgs/include/bot_waypoint_msgs/bot_waypoint_msgs
-- Up-to-date: /home/vboxuser/github/semester_1/programming/enpm702_group3/rwa5_3/rwa5_ws/install/bot_waypoint_msgs/include/bot_waypoint_msgs/bot_waypoint_msgs/msg
-- Up-to-date: /home/vboxuser/github/semester_1/programming/enpm702_group3/rwa5_3/rwa5_ws/install/bot_waypoint_msgs/include/bot_waypoint_msgs/bot_waypoint_msgs/msg/rosidl_typesupport_fastrtps_cpp__visibility_control.h
-- Up-to-date: /home/vboxuser/github/semester_1/programming/enpm702_group3/rwa5_3/rwa5_ws/install/bot_waypoint_msgs/include/bot_waypoint_msgs/bot_waypoint_msgs/msg/detail
-- Up-to-date: /home/vboxuser/github/semester_1/programming/enpm702_group3/rwa5_3/rwa5_ws/install/bot_waypoint_msgs/include/bot_waypoint_msgs/bot_waypoint_msgs/msg/detail/dds_fastrtps
-- Installing: /home/vboxuser/github/semester_1/programming/enpm702_group3/rwa5_3/rwa5_ws/install/bot_waypoint_msgs/include/bot_waypoint_msgs/bot_waypoint_msgs/msg/detail/bot_waypoint__rosidl_typesupport_fastrtps_cpp.hpp
-- Installing: /home/vboxuser/github/semester_1/programming/enpm702_group3/rwa5_3/rwa5_ws/install/bot_waypoint_msgs/lib/libbot_waypoint_msgs__rosidl_typesupport_fastrtps_cpp.so
-- Set runtime path of "/home/vboxuser/github/semester_1/programming/enpm702_group3/rwa5_3/rwa5_ws/install/bot_waypoint_msgs/lib/libbot_waypoint_msgs__rosidl_typesupport_fastrtps_cpp.so" to ""
-- Up-to-date: /home/vboxuser/github/semester_1/programming/enpm702_group3/rwa5_3/rwa5_ws/install/bot_waypoint_msgs/include/bot_waypoint_msgs/bot_waypoint_msgs
-- Up-to-date: /home/vboxuser/github/semester_1/programming/enpm702_group3/rwa5_3/rwa5_ws/install/bot_waypoint_msgs/include/bot_waypoint_msgs/bot_waypoint_msgs/msg
-- Up-to-date: /home/vboxuser/github/semester_1/programming/enpm702_group3/rwa5_3/rwa5_ws/install/bot_waypoint_msgs/include/bot_waypoint_msgs/bot_waypoint_msgs/msg/rosidl_typesupport_introspection_c__visibility_control.h
-- Up-to-date: /home/vboxuser/github/semester_1/programming/enpm702_group3/rwa5_3/rwa5_ws/install/bot_waypoint_msgs/include/bot_waypoint_msgs/bot_waypoint_msgs/msg/detail
-- Installing: /home/vboxuser/github/semester_1/programming/enpm702_group3/rwa5_3/rwa5_ws/install/bot_waypoint_msgs/include/bot_waypoint_msgs/bot_waypoint_msgs/msg/detail/bot_waypoint__rosidl_typesupport_introspection_c.h
-- Installing: /home/vboxuser/github/semester_1/programming/enpm702_group3/rwa5_3/rwa5_ws/install/bot_waypoint_msgs/include/bot_waypoint_msgs/bot_waypoint_msgs/msg/detail/bot_waypoint__type_support.c
-- Installing: /home/vboxuser/github/semester_1/programming/enpm702_group3/rwa5_3/rwa5_ws/install/bot_waypoint_msgs/lib/libbot_waypoint_msgs__rosidl_typesupport_introspection_c.so
-- Set runtime path of "/home/vboxuser/github/semester_1/programming/enpm702_group3/rwa5_3/rwa5_ws/install/bot_waypoint_msgs/lib/libbot_waypoint_msgs__rosidl_typesupport_introspection_c.so" to ""
-- Installing: /home/vboxuser/github/semester_1/programming/enpm702_group3/rwa5_3/rwa5_ws/install/bot_waypoint_msgs/lib/libbot_waypoint_msgs__rosidl_typesupport_c.so
-- Set runtime path of "/home/vboxuser/github/semester_1/programming/enpm702_group3/rwa5_3/rwa5_ws/install/bot_waypoint_msgs/lib/libbot_waypoint_msgs__rosidl_typesupport_c.so" to ""
-- Up-to-date: /home/vboxuser/github/semester_1/programming/enpm702_group3/rwa5_3/rwa5_ws/install/bot_waypoint_msgs/include/bot_waypoint_msgs/bot_waypoint_msgs
-- Up-to-date: /home/vboxuser/github/semester_1/programming/enpm702_group3/rwa5_3/rwa5_ws/install/bot_waypoint_msgs/include/bot_waypoint_msgs/bot_waypoint_msgs/msg
-- Up-to-date: /home/vboxuser/github/semester_1/programming/enpm702_group3/rwa5_3/rwa5_ws/install/bot_waypoint_msgs/include/bot_waypoint_msgs/bot_waypoint_msgs/msg/detail
-- Installing: /home/vboxuser/github/semester_1/programming/enpm702_group3/rwa5_3/rwa5_ws/install/bot_waypoint_msgs/include/bot_waypoint_msgs/bot_waypoint_msgs/msg/detail/bot_waypoint__rosidl_typesupport_introspection_cpp.hpp
-- Installing: /home/vboxuser/github/semester_1/programming/enpm702_group3/rwa5_3/rwa5_ws/install/bot_waypoint_msgs/include/bot_waypoint_msgs/bot_waypoint_msgs/msg/detail/bot_waypoint__type_support.cpp
-- Installing: /home/vboxuser/github/semester_1/programming/enpm702_group3/rwa5_3/rwa5_ws/install/bot_waypoint_msgs/lib/libbot_waypoint_msgs__rosidl_typesupport_introspection_cpp.so
-- Set runtime path of "/home/vboxuser/github/semester_1/programming/enpm702_group3/rwa5_3/rwa5_ws/install/bot_waypoint_msgs/lib/libbot_waypoint_msgs__rosidl_typesupport_introspection_cpp.so" to ""
-- Installing: /home/vboxuser/github/semester_1/programming/enpm702_group3/rwa5_3/rwa5_ws/install/bot_waypoint_msgs/lib/libbot_waypoint_msgs__rosidl_typesupport_cpp.so
-- Set runtime path of "/home/vboxuser/github/semester_1/programming/enpm702_group3/rwa5_3/rwa5_ws/install/bot_waypoint_msgs/lib/libbot_waypoint_msgs__rosidl_typesupport_cpp.so" to ""
-- Up-to-date: /home/vboxuser/github/semester_1/programming/enpm702_group3/rwa5_3/rwa5_ws/install/bot_waypoint_msgs/share/bot_waypoint_msgs/environment/pythonpath.sh
-- Installing: /home/vboxuser/github/semester_1/programming/enpm702_group3/rwa5_3/rwa5_ws/install/bot_waypoint_msgs/share/bot_waypoint_msgs/environment/pythonpath.dsv
-- Up-to-date: /home/vboxuser/github/semester_1/programming/enpm702_group3/rwa5_3/rwa5_ws/install/bot_waypoint_msgs/local/lib/python3.10/dist-packages/bot_waypoint_msgs-0.0.0-py3.10.egg-info
-- Installing: /home/vboxuser/github/semester_1/programming/enpm702_group3/rwa5_3/rwa5_ws/install/bot_waypoint_msgs/local/lib/python3.10/dist-packages/bot_waypoint_msgs-0.0.0-py3.10.egg-info/top_level.txt
-- Installing: /home/vboxuser/github/semester_1/programming/enpm702_group3/rwa5_3/rwa5_ws/install/bot_waypoint_msgs/local/lib/python3.10/dist-packages/bot_waypoint_msgs-0.0.0-py3.10.egg-info/PKG-INFO
-- Installing: /home/vboxuser/github/semester_1/programming/enpm702_group3/rwa5_3/rwa5_ws/install/bot_waypoint_msgs/local/lib/python3.10/dist-packages/bot_waypoint_msgs-0.0.0-py3.10.egg-info/dependency_links.txt
-- Installing: /home/vboxuser/github/semester_1/programming/enpm702_group3/rwa5_3/rwa5_ws/install/bot_waypoint_msgs/local/lib/python3.10/dist-packages/bot_waypoint_msgs-0.0.0-py3.10.egg-info/SOURCES.txt
-- Up-to-date: /home/vboxuser/github/semester_1/programming/enpm702_group3/rwa5_3/rwa5_ws/install/bot_waypoint_msgs/local/lib/python3.10/dist-packages/bot_waypoint_msgs
-- Installing: /home/vboxuser/github/semester_1/programming/enpm702_group3/rwa5_3/rwa5_ws/install/bot_waypoint_msgs/local/lib/python3.10/dist-packages/bot_waypoint_msgs/libbot_waypoint_msgs__rosidl_generator_py.so
-- Installing: /home/vboxuser/github/semester_1/programming/enpm702_group3/rwa5_3/rwa5_ws/install/bot_waypoint_msgs/local/lib/python3.10/dist-packages/bot_waypoint_msgs/bot_waypoint_msgs_s__rosidl_typesupport_introspection_c.cpython-310-x86_64-linux-gnu.so
-- Installing: /home/vboxuser/github/semester_1/programming/enpm702_group3/rwa5_3/rwa5_ws/install/bot_waypoint_msgs/local/lib/python3.10/dist-packages/bot_waypoint_msgs/_bot_waypoint_msgs_s.ep.rosidl_typesupport_c.c
-- Installing: /home/vboxuser/github/semester_1/programming/enpm702_group3/rwa5_3/rwa5_ws/install/bot_waypoint_msgs/local/lib/python3.10/dist-packages/bot_waypoint_msgs/bot_waypoint_msgs_s__rosidl_typesupport_c.cpython-310-x86_64-linux-gnu.so
-- Up-to-date: /home/vboxuser/github/semester_1/programming/enpm702_group3/rwa5_3/rwa5_ws/install/bot_waypoint_msgs/local/lib/python3.10/dist-packages/bot_waypoint_msgs/msg
-- Installing: /home/vboxuser/github/semester_1/programming/enpm702_group3/rwa5_3/rwa5_ws/install/bot_waypoint_msgs/local/lib/python3.10/dist-packages/bot_waypoint_msgs/msg/_bot_waypoint_s.c
-- Installing: /home/vboxuser/github/semester_1/programming/enpm702_group3/rwa5_3/rwa5_ws/install/bot_waypoint_msgs/local/lib/python3.10/dist-packages/bot_waypoint_msgs/msg/_bot_waypoint.py
-- Installing: /home/vboxuser/github/semester_1/programming/enpm702_group3/rwa5_3/rwa5_ws/install/bot_waypoint_msgs/local/lib/python3.10/dist-packages/bot_waypoint_msgs/msg/__init__.py
-- Installing: /home/vboxuser/github/semester_1/programming/enpm702_group3/rwa5_3/rwa5_ws/install/bot_waypoint_msgs/local/lib/python3.10/dist-packages/bot_waypoint_msgs/bot_waypoint_msgs_s__rosidl_typesupport_fastrtps_c.cpython-310-x86_64-linux-gnu.so
-- Installing: /home/vboxuser/github/semester_1/programming/enpm702_group3/rwa5_3/rwa5_ws/install/bot_waypoint_msgs/local/lib/python3.10/dist-packages/bot_waypoint_msgs/_bot_waypoint_msgs_s.ep.rosidl_typesupport_introspection_c.c
-- Installing: /home/vboxuser/github/semester_1/programming/enpm702_group3/rwa5_3/rwa5_ws/install/bot_waypoint_msgs/local/lib/python3.10/dist-packages/bot_waypoint_msgs/_bot_waypoint_msgs_s.ep.rosidl_typesupport_fastrtps_c.c
-- Installing: /home/vboxuser/github/semester_1/programming/enpm702_group3/rwa5_3/rwa5_ws/install/bot_waypoint_msgs/local/lib/python3.10/dist-packages/bot_waypoint_msgs/__init__.py
Listing '/home/vboxuser/github/semester_1/programming/enpm702_group3/rwa5_3/rwa5_ws/install/bot_waypoint_msgs/local/lib/python3.10/dist-packages/bot_waypoint_msgs'...
Compiling '/home/vboxuser/github/semester_1/programming/enpm702_group3/rwa5_3/rwa5_ws/install/bot_waypoint_msgs/local/lib/python3.10/dist-packages/bot_waypoint_msgs/__init__.py'...
Listing '/home/vboxuser/github/semester_1/programming/enpm702_group3/rwa5_3/rwa5_ws/install/bot_waypoint_msgs/local/lib/python3.10/dist-packages/bot_waypoint_msgs/msg'...
Compiling '/home/vboxuser/github/semester_1/programming/enpm702_group3/rwa5_3/rwa5_ws/install/bot_waypoint_msgs/local/lib/python3.10/dist-packages/bot_waypoint_msgs/msg/__init__.py'...
Compiling '/home/vboxuser/github/semester_1/programming/enpm702_group3/rwa5_3/rwa5_ws/install/bot_waypoint_msgs/local/lib/python3.10/dist-packages/bot_waypoint_msgs/msg/_bot_waypoint.py'...
-- Installing: /home/vboxuser/github/semester_1/programming/enpm702_group3/rwa5_3/rwa5_ws/install/bot_waypoint_msgs/local/lib/python3.10/dist-packages/bot_waypoint_msgs/bot_waypoint_msgs_s__rosidl_typesupport_fastrtps_c.cpython-310-x86_64-linux-gnu.so
-- Set runtime path of "/home/vboxuser/github/semester_1/programming/enpm702_group3/rwa5_3/rwa5_ws/install/bot_waypoint_msgs/local/lib/python3.10/dist-packages/bot_waypoint_msgs/bot_waypoint_msgs_s__rosidl_typesupport_fastrtps_c.cpython-310-x86_64-linux-gnu.so" to ""
-- Installing: /home/vboxuser/github/semester_1/programming/enpm702_group3/rwa5_3/rwa5_ws/install/bot_waypoint_msgs/local/lib/python3.10/dist-packages/bot_waypoint_msgs/bot_waypoint_msgs_s__rosidl_typesupport_introspection_c.cpython-310-x86_64-linux-gnu.so
-- Set runtime path of "/home/vboxuser/github/semester_1/programming/enpm702_group3/rwa5_3/rwa5_ws/install/bot_waypoint_msgs/local/lib/python3.10/dist-packages/bot_waypoint_msgs/bot_waypoint_msgs_s__rosidl_typesupport_introspection_c.cpython-310-x86_64-linux-gnu.so" to ""
-- Installing: /home/vboxuser/github/semester_1/programming/enpm702_group3/rwa5_3/rwa5_ws/install/bot_waypoint_msgs/local/lib/python3.10/dist-packages/bot_waypoint_msgs/bot_waypoint_msgs_s__rosidl_typesupport_c.cpython-310-x86_64-linux-gnu.so
-- Set runtime path of "/home/vboxuser/github/semester_1/programming/enpm702_group3/rwa5_3/rwa5_ws/install/bot_waypoint_msgs/local/lib/python3.10/dist-packages/bot_waypoint_msgs/bot_waypoint_msgs_s__rosidl_typesupport_c.cpython-310-x86_64-linux-gnu.so" to ""
-- Installing: /home/vboxuser/github/semester_1/programming/enpm702_group3/rwa5_3/rwa5_ws/install/bot_waypoint_msgs/lib/libbot_waypoint_msgs__rosidl_generator_py.so
-- Set runtime path of "/home/vboxuser/github/semester_1/programming/enpm702_group3/rwa5_3/rwa5_ws/install/bot_waypoint_msgs/lib/libbot_waypoint_msgs__rosidl_generator_py.so" to ""
-- Installing: /home/vboxuser/github/semester_1/programming/enpm702_group3/rwa5_3/rwa5_ws/install/bot_waypoint_msgs/share/bot_waypoint_msgs/msg/BotWaypoint.idl
-- Installing: /home/vboxuser/github/semester_1/programming/enpm702_group3/rwa5_3/rwa5_ws/install/bot_waypoint_msgs/share/bot_waypoint_msgs/msg/BotWaypoint.msg
-- Up-to-date: /home/vboxuser/github/semester_1/programming/enpm702_group3/rwa5_3/rwa5_ws/install/bot_waypoint_msgs/share/ament_index/resource_index/package_run_dependencies/bot_waypoint_msgs
-- Up-to-date: /home/vboxuser/github/semester_1/programming/enpm702_group3/rwa5_3/rwa5_ws/install/bot_waypoint_msgs/share/ament_index/resource_index/parent_prefix_path/bot_waypoint_msgs
-- Installing: /home/vboxuser/github/semester_1/programming/enpm702_group3/rwa5_3/rwa5_ws/install/bot_waypoint_msgs/share/bot_waypoint_msgs/environment/ament_prefix_path.sh
-- Installing: /home/vboxuser/github/semester_1/programming/enpm702_group3/rwa5_3/rwa5_ws/install/bot_waypoint_msgs/share/bot_waypoint_msgs/environment/ament_prefix_path.dsv
-- Installing: /home/vboxuser/github/semester_1/programming/enpm702_group3/rwa5_3/rwa5_ws/install/bot_waypoint_msgs/share/bot_waypoint_msgs/environment/path.sh
-- Installing: /home/vboxuser/github/semester_1/programming/enpm702_group3/rwa5_3/rwa5_ws/install/bot_waypoint_msgs/share/bot_waypoint_msgs/environment/path.dsv
-- Up-to-date: /home/vboxuser/github/semester_1/programming/enpm702_group3/rwa5_3/rwa5_ws/install/bot_waypoint_msgs/share/bot_waypoint_msgs/local_setup.bash
-- Up-to-date: /home/vboxuser/github/semester_1/programming/enpm702_group3/rwa5_3/rwa5_ws/install/bot_waypoint_msgs/share/bot_waypoint_msgs/local_setup.sh
-- Up-to-date: /home/vboxuser/github/semester_1/programming/enpm702_group3/rwa5_3/rwa5_ws/install/bot_waypoint_msgs/share/bot_waypoint_msgs/local_setup.zsh
-- Installing: /home/vboxuser/github/semester_1/programming/enpm702_group3/rwa5_3/rwa5_ws/install/bot_waypoint_msgs/share/bot_waypoint_msgs/local_setup.dsv
-- Installing: /home/vboxuser/github/semester_1/programming/enpm702_group3/rwa5_3/rwa5_ws/install/bot_waypoint_msgs/share/bot_waypoint_msgs/package.dsv
-- Up-to-date: /home/vboxuser/github/semester_1/programming/enpm702_group3/rwa5_3/rwa5_ws/install/bot_waypoint_msgs/share/ament_index/resource_index/packages/bot_waypoint_msgs
-- Up-to-date: /home/vboxuser/github/semester_1/programming/enpm702_group3/rwa5_3/rwa5_ws/install/bot_waypoint_msgs/share/bot_waypoint_msgs/cmake/export_bot_waypoint_msgs__rosidl_generator_cExport.cmake
-- Up-to-date: /home/vboxuser/github/semester_1/programming/enpm702_group3/rwa5_3/rwa5_ws/install/bot_waypoint_msgs/share/bot_waypoint_msgs/cmake/export_bot_waypoint_msgs__rosidl_generator_cExport-noconfig.cmake
-- Up-to-date: /home/vboxuser/github/semester_1/programming/enpm702_group3/rwa5_3/rwa5_ws/install/bot_waypoint_msgs/share/bot_waypoint_msgs/cmake/export_bot_waypoint_msgs__rosidl_typesupport_fastrtps_cExport.cmake
-- Up-to-date: /home/vboxuser/github/semester_1/programming/enpm702_group3/rwa5_3/rwa5_ws/install/bot_waypoint_msgs/share/bot_waypoint_msgs/cmake/export_bot_waypoint_msgs__rosidl_typesupport_fastrtps_cExport-noconfig.cmake
-- Up-to-date: /home/vboxuser/github/semester_1/programming/enpm702_group3/rwa5_3/rwa5_ws/install/bot_waypoint_msgs/share/bot_waypoint_msgs/cmake/export_bot_waypoint_msgs__rosidl_generator_cppExport.cmake
-- Up-to-date: /home/vboxuser/github/semester_1/programming/enpm702_group3/rwa5_3/rwa5_ws/install/bot_waypoint_msgs/share/bot_waypoint_msgs/cmake/export_bot_waypoint_msgs__rosidl_typesupport_fastrtps_cppExport.cmake
-- Up-to-date: /home/vboxuser/github/semester_1/programming/enpm702_group3/rwa5_3/rwa5_ws/install/bot_waypoint_msgs/share/bot_waypoint_msgs/cmake/export_bot_waypoint_msgs__rosidl_typesupport_fastrtps_cppExport-noconfig.cmake
-- Up-to-date: /home/vboxuser/github/semester_1/programming/enpm702_group3/rwa5_3/rwa5_ws/install/bot_waypoint_msgs/share/bot_waypoint_msgs/cmake/bot_waypoint_msgs__rosidl_typesupport_introspection_cExport.cmake
-- Up-to-date: /home/vboxuser/github/semester_1/programming/enpm702_group3/rwa5_3/rwa5_ws/install/bot_waypoint_msgs/share/bot_waypoint_msgs/cmake/bot_waypoint_msgs__rosidl_typesupport_introspection_cExport-noconfig.cmake
-- Up-to-date: /home/vboxuser/github/semester_1/programming/enpm702_group3/rwa5_3/rwa5_ws/install/bot_waypoint_msgs/share/bot_waypoint_msgs/cmake/bot_waypoint_msgs__rosidl_typesupport_cExport.cmake
-- Up-to-date: /home/vboxuser/github/semester_1/programming/enpm702_group3/rwa5_3/rwa5_ws/install/bot_waypoint_msgs/share/bot_waypoint_msgs/cmake/bot_waypoint_msgs__rosidl_typesupport_cExport-noconfig.cmake
-- Up-to-date: /home/vboxuser/github/semester_1/programming/enpm702_group3/rwa5_3/rwa5_ws/install/bot_waypoint_msgs/share/bot_waypoint_msgs/cmake/bot_waypoint_msgs__rosidl_typesupport_introspection_cppExport.cmake
-- Up-to-date: /home/vboxuser/github/semester_1/programming/enpm702_group3/rwa5_3/rwa5_ws/install/bot_waypoint_msgs/share/bot_waypoint_msgs/cmake/bot_waypoint_msgs__rosidl_typesupport_introspection_cppExport-noconfig.cmake
-- Up-to-date: /home/vboxuser/github/semester_1/programming/enpm702_group3/rwa5_3/rwa5_ws/install/bot_waypoint_msgs/share/bot_waypoint_msgs/cmake/bot_waypoint_msgs__rosidl_typesupport_cppExport.cmake
-- Up-to-date: /home/vboxuser/github/semester_1/programming/enpm702_group3/rwa5_3/rwa5_ws/install/bot_waypoint_msgs/share/bot_waypoint_msgs/cmake/bot_waypoint_msgs__rosidl_typesupport_cppExport-noconfig.cmake
-- Up-to-date: /home/vboxuser/github/semester_1/programming/enpm702_group3/rwa5_3/rwa5_ws/install/bot_waypoint_msgs/share/bot_waypoint_msgs/cmake/export_bot_waypoint_msgs__rosidl_generator_pyExport.cmake
-- Up-to-date: /home/vboxuser/github/semester_1/programming/enpm702_group3/rwa5_3/rwa5_ws/install/bot_waypoint_msgs/share/bot_waypoint_msgs/cmake/export_bot_waypoint_msgs__rosidl_generator_pyExport-noconfig.cmake
-- Up-to-date: /home/vboxuser/github/semester_1/programming/enpm702_group3/rwa5_3/rwa5_ws/install/bot_waypoint_msgs/share/bot_waypoint_msgs/cmake/rosidl_cmake-extras.cmake
-- Up-to-date: /home/vboxuser/github/semester_1/programming/enpm702_group3/rwa5_3/rwa5_ws/install/bot_waypoint_msgs/share/bot_waypoint_msgs/cmake/ament_cmake_export_dependencies-extras.cmake
-- Up-to-date: /home/vboxuser/github/semester_1/programming/enpm702_group3/rwa5_3/rwa5_ws/install/bot_waypoint_msgs/share/bot_waypoint_msgs/cmake/ament_cmake_export_include_directories-extras.cmake
-- Up-to-date: /home/vboxuser/github/semester_1/programming/enpm702_group3/rwa5_3/rwa5_ws/install/bot_waypoint_msgs/share/bot_waypoint_msgs/cmake/ament_cmake_export_libraries-extras.cmake
-- Up-to-date: /home/vboxuser/github/semester_1/programming/enpm702_group3/rwa5_3/rwa5_ws/install/bot_waypoint_msgs/share/bot_waypoint_msgs/cmake/ament_cmake_export_targets-extras.cmake
-- Up-to-date: /home/vboxuser/github/semester_1/programming/enpm702_group3/rwa5_3/rwa5_ws/install/bot_waypoint_msgs/share/bot_waypoint_msgs/cmake/rosidl_cmake_export_typesupport_targets-extras.cmake
-- Up-to-date: /home/vboxuser/github/semester_1/programming/enpm702_group3/rwa5_3/rwa5_ws/install/bot_waypoint_msgs/share/bot_waypoint_msgs/cmake/rosidl_cmake_export_typesupport_libraries-extras.cmake
-- Up-to-date: /home/vboxuser/github/semester_1/programming/enpm702_group3/rwa5_3/rwa5_ws/install/bot_waypoint_msgs/share/bot_waypoint_msgs/cmake/bot_waypoint_msgsConfig.cmake
-- Up-to-date: /home/vboxuser/github/semester_1/programming/enpm702_group3/rwa5_3/rwa5_ws/install/bot_waypoint_msgs/share/bot_waypoint_msgs/cmake/bot_waypoint_msgsConfig-version.cmake
-- Installing: /home/vboxuser/github/semester_1/programming/enpm702_group3/rwa5_3/rwa5_ws/install/bot_waypoint_msgs/share/bot_waypoint_msgs/package.xml
