[0.180s] DEBUG:colcon:Command line arguments: ['/usr/bin/colcon', 'build']
[0.181s] DEBUG:colcon:Parsed command line arguments: Namespace(log_base=None, log_level=None, verb_name='build', build_base='build', install_base='install', merge_install=False, symlink_install=False, test_result_base=None, continue_on_error=False, executor='parallel', parallel_workers=2, event_handlers=None, ignore_user_meta=False, metas=['./colcon.meta'], base_paths=['.'], packages_ignore=None, packages_ignore_regex=None, paths=None, packages_up_to=None, packages_up_to_regex=None, packages_above=None, packages_above_and_dependencies=None, packages_above_depth=None, packages_select_by_dep=None, packages_skip_by_dep=None, packages_skip_up_to=None, packages_select_build_failed=False, packages_skip_build_finished=False, packages_select_test_failures=False, packages_skip_test_passed=False, packages_select=None, packages_skip=None, packages_select_regex=None, packages_skip_regex=None, packages_start=None, packages_end=None, allow_overriding=[], cmake_args=None, cmake_target=None, cmake_target_skip_unavailable=False, cmake_clean_cache=False, cmake_clean_first=False, cmake_force_configure=False, ament_cmake_args=None, catkin_cmake_args=None, catkin_skip_building_tests=False, verb_parser=<colcon_defaults.argument_parser.defaults.DefaultArgumentsDecorator object at 0x75a6301e2860>, verb_extension=<colcon_core.verb.build.BuildVerb object at 0x75a6301e1840>, main=<bound method BuildVerb.main of <colcon_core.verb.build.BuildVerb object at 0x75a6301e1840>>)
[0.395s] Level 1:colcon.colcon_core.package_discovery:discover_packages(colcon_meta) check parameters
[0.395s] Level 1:colcon.colcon_core.package_discovery:discover_packages(recursive) check parameters
[0.396s] Level 1:colcon.colcon_core.package_discovery:discover_packages(ignore) check parameters
[0.396s] Level 1:colcon.colcon_core.package_discovery:discover_packages(path) check parameters
[0.396s] Level 1:colcon.colcon_core.package_discovery:discover_packages(colcon_meta) discover
[0.396s] Level 1:colcon.colcon_core.package_discovery:discover_packages(recursive) discover
[0.397s] INFO:colcon.colcon_core.package_discovery:Crawling recursively for packages in '/home/vboxuser/github/semester_1/programming/enpm702_group3/rwa5_3/rwa5_ws'
[0.397s] Level 1:colcon.colcon_core.package_identification:_identify(.) by extensions ['ignore', 'ignore_ament_install']
[0.397s] Level 1:colcon.colcon_core.package_identification:_identify(.) by extension 'ignore'
[0.397s] Level 1:colcon.colcon_core.package_identification:_identify(.) by extension 'ignore_ament_install'
[0.398s] Level 1:colcon.colcon_core.package_identification:_identify(.) by extensions ['colcon_pkg']
[0.398s] Level 1:colcon.colcon_core.package_identification:_identify(.) by extension 'colcon_pkg'
[0.398s] Level 1:colcon.colcon_core.package_identification:_identify(.) by extensions ['colcon_meta']
[0.398s] Level 1:colcon.colcon_core.package_identification:_identify(.) by extension 'colcon_meta'
[0.398s] Level 1:colcon.colcon_core.package_identification:_identify(.) by extensions ['ros']
[0.398s] Level 1:colcon.colcon_core.package_identification:_identify(.) by extension 'ros'
[0.412s] Level 1:colcon.colcon_core.package_identification:_identify(.) by extensions ['cmake', 'python']
[0.412s] Level 1:colcon.colcon_core.package_identification:_identify(.) by extension 'cmake'
[0.413s] Level 1:colcon.colcon_core.package_identification:_identify(.) by extension 'python'
[0.413s] Level 1:colcon.colcon_core.package_identification:_identify(.) by extensions ['python_setup_py']
[0.413s] Level 1:colcon.colcon_core.package_identification:_identify(.) by extension 'python_setup_py'
[0.413s] Level 1:colcon.colcon_core.package_identification:_identify(build) by extensions ['ignore', 'ignore_ament_install']
[0.413s] Level 1:colcon.colcon_core.package_identification:_identify(build) by extension 'ignore'
[0.413s] Level 1:colcon.colcon_core.package_identification:_identify(build) ignored
[0.413s] Level 1:colcon.colcon_core.package_identification:_identify(install) by extensions ['ignore', 'ignore_ament_install']
[0.414s] Level 1:colcon.colcon_core.package_identification:_identify(install) by extension 'ignore'
[0.414s] Level 1:colcon.colcon_core.package_identification:_identify(install) ignored
[0.414s] Level 1:colcon.colcon_core.package_identification:_identify(log) by extensions ['ignore', 'ignore_ament_install']
[0.414s] Level 1:colcon.colcon_core.package_identification:_identify(log) by extension 'ignore'
[0.414s] Level 1:colcon.colcon_core.package_identification:_identify(log) ignored
[0.414s] Level 1:colcon.colcon_core.package_identification:_identify(src) by extensions ['ignore', 'ignore_ament_install']
[0.414s] Level 1:colcon.colcon_core.package_identification:_identify(src) by extension 'ignore'
[0.414s] Level 1:colcon.colcon_core.package_identification:_identify(src) by extension 'ignore_ament_install'
[0.414s] Level 1:colcon.colcon_core.package_identification:_identify(src) by extensions ['colcon_pkg']
[0.414s] Level 1:colcon.colcon_core.package_identification:_identify(src) by extension 'colcon_pkg'
[0.414s] Level 1:colcon.colcon_core.package_identification:_identify(src) by extensions ['colcon_meta']
[0.414s] Level 1:colcon.colcon_core.package_identification:_identify(src) by extension 'colcon_meta'
[0.414s] Level 1:colcon.colcon_core.package_identification:_identify(src) by extensions ['ros']
[0.414s] Level 1:colcon.colcon_core.package_identification:_identify(src) by extension 'ros'
[0.415s] Level 1:colcon.colcon_core.package_identification:_identify(src) by extensions ['cmake', 'python']
[0.415s] Level 1:colcon.colcon_core.package_identification:_identify(src) by extension 'cmake'
[0.415s] Level 1:colcon.colcon_core.package_identification:_identify(src) by extension 'python'
[0.415s] Level 1:colcon.colcon_core.package_identification:_identify(src) by extensions ['python_setup_py']
[0.415s] Level 1:colcon.colcon_core.package_identification:_identify(src) by extension 'python_setup_py'
[0.415s] Level 1:colcon.colcon_core.package_identification:_identify(src/bot_waypoint_msgs) by extensions ['ignore', 'ignore_ament_install']
[0.415s] Level 1:colcon.colcon_core.package_identification:_identify(src/bot_waypoint_msgs) by extension 'ignore'
[0.415s] Level 1:colcon.colcon_core.package_identification:_identify(src/bot_waypoint_msgs) by extension 'ignore_ament_install'
[0.415s] Level 1:colcon.colcon_core.package_identification:_identify(src/bot_waypoint_msgs) by extensions ['colcon_pkg']
[0.415s] Level 1:colcon.colcon_core.package_identification:_identify(src/bot_waypoint_msgs) by extension 'colcon_pkg'
[0.415s] Level 1:colcon.colcon_core.package_identification:_identify(src/bot_waypoint_msgs) by extensions ['colcon_meta']
[0.415s] Level 1:colcon.colcon_core.package_identification:_identify(src/bot_waypoint_msgs) by extension 'colcon_meta'
[0.415s] Level 1:colcon.colcon_core.package_identification:_identify(src/bot_waypoint_msgs) by extensions ['ros']
[0.415s] Level 1:colcon.colcon_core.package_identification:_identify(src/bot_waypoint_msgs) by extension 'ros'
[0.418s] DEBUG:colcon.colcon_core.package_identification:Package 'src/bot_waypoint_msgs' with type 'ros.ament_cmake' and name 'bot_waypoint_msgs'
[0.419s] Level 1:colcon.colcon_core.package_identification:_identify(src/group3_rwa5) by extensions ['ignore', 'ignore_ament_install']
[0.419s] Level 1:colcon.colcon_core.package_identification:_identify(src/group3_rwa5) by extension 'ignore'
[0.419s] Level 1:colcon.colcon_core.package_identification:_identify(src/group3_rwa5) by extension 'ignore_ament_install'
[0.419s] Level 1:colcon.colcon_core.package_identification:_identify(src/group3_rwa5) by extensions ['colcon_pkg']
[0.419s] Level 1:colcon.colcon_core.package_identification:_identify(src/group3_rwa5) by extension 'colcon_pkg'
[0.419s] Level 1:colcon.colcon_core.package_identification:_identify(src/group3_rwa5) by extensions ['colcon_meta']
[0.419s] Level 1:colcon.colcon_core.package_identification:_identify(src/group3_rwa5) by extension 'colcon_meta'
[0.419s] Level 1:colcon.colcon_core.package_identification:_identify(src/group3_rwa5) by extensions ['ros']
[0.419s] Level 1:colcon.colcon_core.package_identification:_identify(src/group3_rwa5) by extension 'ros'
[0.420s] DEBUG:colcon.colcon_core.package_identification:Package 'src/group3_rwa5' with type 'ros.ament_cmake' and name 'group3_rwa5'
[0.420s] Level 1:colcon.colcon_core.package_discovery:discover_packages(recursive) using defaults
[0.421s] Level 1:colcon.colcon_core.package_discovery:discover_packages(ignore) discover
[0.421s] Level 1:colcon.colcon_core.package_discovery:discover_packages(ignore) using defaults
[0.421s] Level 1:colcon.colcon_core.package_discovery:discover_packages(path) discover
[0.421s] Level 1:colcon.colcon_core.package_discovery:discover_packages(path) using defaults
[0.456s] Level 1:colcon.colcon_core.package_discovery:discover_packages(prefix_path) check parameters
[0.456s] Level 1:colcon.colcon_core.package_discovery:discover_packages(prefix_path) discover
[0.460s] DEBUG:colcon.colcon_installed_package_information.package_discovery:Found 2 installed packages in /home/vboxuser/github/semester_1/programming/enpm702_group3/rwa5_3/rwa5_ws/install
[0.461s] DEBUG:colcon.colcon_installed_package_information.package_discovery:Found 3 installed packages in /home/vboxuser/Desktop/practice_ws/install
[0.463s] DEBUG:colcon.colcon_installed_package_information.package_discovery:Found 18 installed packages in /home/vboxuser/ros2_ws2/install
[0.464s] DEBUG:colcon.colcon_installed_package_information.package_discovery:Found 2 installed packages in /home/vboxuser/ros2_ws/enpm702_fall2024_ros/install
[0.465s] DEBUG:colcon.colcon_installed_package_information.package_discovery:Found 1 installed packages in /home/vboxuser/ros2_ws/install
[0.468s] DEBUG:colcon.colcon_installed_package_information.package_discovery:Found 330 installed packages in /opt/ros/humble
[0.470s] Level 1:colcon.colcon_core.package_discovery:discover_packages(prefix_path) using defaults
[0.527s] Level 5:colcon.colcon_core.verb:set package 'bot_waypoint_msgs' build argument 'cmake_args' from command line to 'None'
[0.528s] Level 5:colcon.colcon_core.verb:set package 'bot_waypoint_msgs' build argument 'cmake_target' from command line to 'None'
[0.528s] Level 5:colcon.colcon_core.verb:set package 'bot_waypoint_msgs' build argument 'cmake_target_skip_unavailable' from command line to 'False'
[0.528s] Level 5:colcon.colcon_core.verb:set package 'bot_waypoint_msgs' build argument 'cmake_clean_cache' from command line to 'False'
[0.528s] Level 5:colcon.colcon_core.verb:set package 'bot_waypoint_msgs' build argument 'cmake_clean_first' from command line to 'False'
[0.528s] Level 5:colcon.colcon_core.verb:set package 'bot_waypoint_msgs' build argument 'cmake_force_configure' from command line to 'False'
[0.528s] Level 5:colcon.colcon_core.verb:set package 'bot_waypoint_msgs' build argument 'ament_cmake_args' from command line to 'None'
[0.528s] Level 5:colcon.colcon_core.verb:set package 'bot_waypoint_msgs' build argument 'catkin_cmake_args' from command line to 'None'
[0.528s] Level 5:colcon.colcon_core.verb:set package 'bot_waypoint_msgs' build argument 'catkin_skip_building_tests' from command line to 'False'
[0.528s] DEBUG:colcon.colcon_core.verb:Building package 'bot_waypoint_msgs' with the following arguments: {'ament_cmake_args': None, 'build_base': '/home/vboxuser/github/semester_1/programming/enpm702_group3/rwa5_3/rwa5_ws/build/bot_waypoint_msgs', 'catkin_cmake_args': None, 'catkin_skip_building_tests': False, 'cmake_args': None, 'cmake_clean_cache': False, 'cmake_clean_first': False, 'cmake_force_configure': False, 'cmake_target': None, 'cmake_target_skip_unavailable': False, 'install_base': '/home/vboxuser/github/semester_1/programming/enpm702_group3/rwa5_3/rwa5_ws/install/bot_waypoint_msgs', 'merge_install': False, 'path': '/home/vboxuser/github/semester_1/programming/enpm702_group3/rwa5_3/rwa5_ws/src/bot_waypoint_msgs', 'symlink_install': False, 'test_result_base': None}
[0.529s] Level 5:colcon.colcon_core.verb:set package 'group3_rwa5' build argument 'cmake_args' from command line to 'None'
[0.529s] Level 5:colcon.colcon_core.verb:set package 'group3_rwa5' build argument 'cmake_target' from command line to 'None'
[0.529s] Level 5:colcon.colcon_core.verb:set package 'group3_rwa5' build argument 'cmake_target_skip_unavailable' from command line to 'False'
[0.529s] Level 5:colcon.colcon_core.verb:set package 'group3_rwa5' build argument 'cmake_clean_cache' from command line to 'False'
[0.529s] Level 5:colcon.colcon_core.verb:set package 'group3_rwa5' build argument 'cmake_clean_first' from command line to 'False'
[0.529s] Level 5:colcon.colcon_core.verb:set package 'group3_rwa5' build argument 'cmake_force_configure' from command line to 'False'
[0.530s] Level 5:colcon.colcon_core.verb:set package 'group3_rwa5' build argument 'ament_cmake_args' from command line to 'None'
[0.530s] Level 5:colcon.colcon_core.verb:set package 'group3_rwa5' build argument 'catkin_cmake_args' from command line to 'None'
[0.530s] Level 5:colcon.colcon_core.verb:set package 'group3_rwa5' build argument 'catkin_skip_building_tests' from command line to 'False'
[0.530s] DEBUG:colcon.colcon_core.verb:Building package 'group3_rwa5' with the following arguments: {'ament_cmake_args': None, 'build_base': '/home/vboxuser/github/semester_1/programming/enpm702_group3/rwa5_3/rwa5_ws/build/group3_rwa5', 'catkin_cmake_args': None, 'catkin_skip_building_tests': False, 'cmake_args': None, 'cmake_clean_cache': False, 'cmake_clean_first': False, 'cmake_force_configure': False, 'cmake_target': None, 'cmake_target_skip_unavailable': False, 'install_base': '/home/vboxuser/github/semester_1/programming/enpm702_group3/rwa5_3/rwa5_ws/install/group3_rwa5', 'merge_install': False, 'path': '/home/vboxuser/github/semester_1/programming/enpm702_group3/rwa5_3/rwa5_ws/src/group3_rwa5', 'symlink_install': False, 'test_result_base': None}
[0.530s] INFO:colcon.colcon_core.executor:Executing jobs using 'parallel' executor
[0.532s] DEBUG:colcon.colcon_parallel_executor.executor.parallel:run_until_complete
[0.533s] INFO:colcon.colcon_ros.task.ament_cmake.build:Building ROS package in '/home/vboxuser/github/semester_1/programming/enpm702_group3/rwa5_3/rwa5_ws/src/bot_waypoint_msgs' with build type 'ament_cmake'
[0.533s] INFO:colcon.colcon_cmake.task.cmake.build:Building CMake package in '/home/vboxuser/github/semester_1/programming/enpm702_group3/rwa5_3/rwa5_ws/src/bot_waypoint_msgs'
[0.536s] INFO:colcon.colcon_core.plugin_system:Skipping extension 'colcon_core.shell.bat': Not used on non-Windows systems
[0.537s] INFO:colcon.colcon_core.shell:Skip shell extension 'powershell' for command environment: Not usable outside of PowerShell
[0.537s] DEBUG:colcon.colcon_core.shell:Skip shell extension 'dsv' for command environment
[0.561s] DEBUG:colcon.colcon_core.event_handler.log_command:Invoking command in '/home/vboxuser/github/semester_1/programming/enpm702_group3/rwa5_3/rwa5_ws/build/bot_waypoint_msgs': CMAKE_PREFIX_PATH=${CMAKE_PREFIX_PATH}:/home/vboxuser/ros2_ws2/install/turtlebot3_teleop:/home/vboxuser/ros2_ws2/install/turtlebot3_example:/opt/ros/humble /usr/bin/cmake --build /home/vboxuser/github/semester_1/programming/enpm702_group3/rwa5_3/rwa5_ws/build/bot_waypoint_msgs -- -j2 -l2
[1.288s] DEBUG:colcon.colcon_core.event_handler.log_command:Invoked command in '/home/vboxuser/github/semester_1/programming/enpm702_group3/rwa5_3/rwa5_ws/build/bot_waypoint_msgs' returned '0': CMAKE_PREFIX_PATH=${CMAKE_PREFIX_PATH}:/home/vboxuser/ros2_ws2/install/turtlebot3_teleop:/home/vboxuser/ros2_ws2/install/turtlebot3_example:/opt/ros/humble /usr/bin/cmake --build /home/vboxuser/github/semester_1/programming/enpm702_group3/rwa5_3/rwa5_ws/build/bot_waypoint_msgs -- -j2 -l2
[1.304s] DEBUG:colcon.colcon_core.event_handler.log_command:Invoking command in '/home/vboxuser/github/semester_1/programming/enpm702_group3/rwa5_3/rwa5_ws/build/bot_waypoint_msgs': CMAKE_PREFIX_PATH=${CMAKE_PREFIX_PATH}:/home/vboxuser/ros2_ws2/install/turtlebot3_teleop:/home/vboxuser/ros2_ws2/install/turtlebot3_example:/opt/ros/humble /usr/bin/cmake --install /home/vboxuser/github/semester_1/programming/enpm702_group3/rwa5_3/rwa5_ws/build/bot_waypoint_msgs
[1.390s] Level 1:colcon.colcon_core.environment:create_environment_scripts_only(bot_waypoint_msgs)
[1.392s] DEBUG:colcon.colcon_core.event_handler.log_command:Invoked command in '/home/vboxuser/github/semester_1/programming/enpm702_group3/rwa5_3/rwa5_ws/build/bot_waypoint_msgs' returned '0': CMAKE_PREFIX_PATH=${CMAKE_PREFIX_PATH}:/home/vboxuser/ros2_ws2/install/turtlebot3_teleop:/home/vboxuser/ros2_ws2/install/turtlebot3_example:/opt/ros/humble /usr/bin/cmake --install /home/vboxuser/github/semester_1/programming/enpm702_group3/rwa5_3/rwa5_ws/build/bot_waypoint_msgs
[1.395s] Level 1:colcon.colcon_core.environment:checking '/home/vboxuser/github/semester_1/programming/enpm702_group3/rwa5_3/rwa5_ws/install/bot_waypoint_msgs' for CMake module files
[1.396s] Level 1:colcon.colcon_core.environment:checking '/home/vboxuser/github/semester_1/programming/enpm702_group3/rwa5_3/rwa5_ws/install/bot_waypoint_msgs' for CMake config files
[1.397s] Level 1:colcon.colcon_core.shell:create_environment_hook('bot_waypoint_msgs', 'cmake_prefix_path')
[1.397s] INFO:colcon.colcon_core.shell:Creating environment hook '/home/vboxuser/github/semester_1/programming/enpm702_group3/rwa5_3/rwa5_ws/install/bot_waypoint_msgs/share/bot_waypoint_msgs/hook/cmake_prefix_path.ps1'
[1.401s] INFO:colcon.colcon_core.shell:Creating environment descriptor '/home/vboxuser/github/semester_1/programming/enpm702_group3/rwa5_3/rwa5_ws/install/bot_waypoint_msgs/share/bot_waypoint_msgs/hook/cmake_prefix_path.dsv'
[1.410s] INFO:colcon.colcon_core.shell:Creating environment hook '/home/vboxuser/github/semester_1/programming/enpm702_group3/rwa5_3/rwa5_ws/install/bot_waypoint_msgs/share/bot_waypoint_msgs/hook/cmake_prefix_path.sh'
[1.427s] Level 1:colcon.colcon_core.environment:checking '/home/vboxuser/github/semester_1/programming/enpm702_group3/rwa5_3/rwa5_ws/install/bot_waypoint_msgs/lib'
[1.427s] Level 1:colcon.colcon_core.shell:create_environment_hook('bot_waypoint_msgs', 'ld_library_path_lib')
[1.427s] INFO:colcon.colcon_core.shell:Creating environment hook '/home/vboxuser/github/semester_1/programming/enpm702_group3/rwa5_3/rwa5_ws/install/bot_waypoint_msgs/share/bot_waypoint_msgs/hook/ld_library_path_lib.ps1'
[1.429s] INFO:colcon.colcon_core.shell:Creating environment descriptor '/home/vboxuser/github/semester_1/programming/enpm702_group3/rwa5_3/rwa5_ws/install/bot_waypoint_msgs/share/bot_waypoint_msgs/hook/ld_library_path_lib.dsv'
[1.430s] INFO:colcon.colcon_core.shell:Creating environment hook '/home/vboxuser/github/semester_1/programming/enpm702_group3/rwa5_3/rwa5_ws/install/bot_waypoint_msgs/share/bot_waypoint_msgs/hook/ld_library_path_lib.sh'
[1.431s] Level 1:colcon.colcon_core.environment:checking '/home/vboxuser/github/semester_1/programming/enpm702_group3/rwa5_3/rwa5_ws/install/bot_waypoint_msgs/bin'
[1.431s] Level 1:colcon.colcon_core.environment:checking '/home/vboxuser/github/semester_1/programming/enpm702_group3/rwa5_3/rwa5_ws/install/bot_waypoint_msgs/lib/pkgconfig/bot_waypoint_msgs.pc'
[1.432s] Level 1:colcon.colcon_core.environment:checking '/home/vboxuser/github/semester_1/programming/enpm702_group3/rwa5_3/rwa5_ws/install/bot_waypoint_msgs/lib/python3.10/site-packages'
[1.432s] Level 1:colcon.colcon_core.environment:checking '/home/vboxuser/github/semester_1/programming/enpm702_group3/rwa5_3/rwa5_ws/install/bot_waypoint_msgs/bin'
[1.432s] INFO:colcon.colcon_core.shell:Creating package script '/home/vboxuser/github/semester_1/programming/enpm702_group3/rwa5_3/rwa5_ws/install/bot_waypoint_msgs/share/bot_waypoint_msgs/package.ps1'
[1.434s] INFO:colcon.colcon_core.shell:Creating package descriptor '/home/vboxuser/github/semester_1/programming/enpm702_group3/rwa5_3/rwa5_ws/install/bot_waypoint_msgs/share/bot_waypoint_msgs/package.dsv'
[1.436s] INFO:colcon.colcon_core.shell:Creating package script '/home/vboxuser/github/semester_1/programming/enpm702_group3/rwa5_3/rwa5_ws/install/bot_waypoint_msgs/share/bot_waypoint_msgs/package.sh'
[1.438s] INFO:colcon.colcon_core.shell:Creating package script '/home/vboxuser/github/semester_1/programming/enpm702_group3/rwa5_3/rwa5_ws/install/bot_waypoint_msgs/share/bot_waypoint_msgs/package.bash'
[1.439s] INFO:colcon.colcon_core.shell:Creating package script '/home/vboxuser/github/semester_1/programming/enpm702_group3/rwa5_3/rwa5_ws/install/bot_waypoint_msgs/share/bot_waypoint_msgs/package.zsh'
[1.441s] Level 1:colcon.colcon_core.environment:create_file_with_runtime_dependencies(/home/vboxuser/github/semester_1/programming/enpm702_group3/rwa5_3/rwa5_ws/install/bot_waypoint_msgs/share/colcon-core/packages/bot_waypoint_msgs)
[1.443s] Level 1:colcon.colcon_core.environment:create_environment_scripts_only(bot_waypoint_msgs)
[1.443s] Level 1:colcon.colcon_core.environment:checking '/home/vboxuser/github/semester_1/programming/enpm702_group3/rwa5_3/rwa5_ws/install/bot_waypoint_msgs' for CMake module files
[1.444s] Level 1:colcon.colcon_core.environment:checking '/home/vboxuser/github/semester_1/programming/enpm702_group3/rwa5_3/rwa5_ws/install/bot_waypoint_msgs' for CMake config files
[1.444s] Level 1:colcon.colcon_core.shell:create_environment_hook('bot_waypoint_msgs', 'cmake_prefix_path')
[1.445s] INFO:colcon.colcon_core.shell:Creating environment hook '/home/vboxuser/github/semester_1/programming/enpm702_group3/rwa5_3/rwa5_ws/install/bot_waypoint_msgs/share/bot_waypoint_msgs/hook/cmake_prefix_path.ps1'
[1.446s] INFO:colcon.colcon_core.shell:Creating environment descriptor '/home/vboxuser/github/semester_1/programming/enpm702_group3/rwa5_3/rwa5_ws/install/bot_waypoint_msgs/share/bot_waypoint_msgs/hook/cmake_prefix_path.dsv'
[1.447s] INFO:colcon.colcon_core.shell:Creating environment hook '/home/vboxuser/github/semester_1/programming/enpm702_group3/rwa5_3/rwa5_ws/install/bot_waypoint_msgs/share/bot_waypoint_msgs/hook/cmake_prefix_path.sh'
[1.448s] Level 1:colcon.colcon_core.environment:checking '/home/vboxuser/github/semester_1/programming/enpm702_group3/rwa5_3/rwa5_ws/install/bot_waypoint_msgs/lib'
[1.449s] Level 1:colcon.colcon_core.shell:create_environment_hook('bot_waypoint_msgs', 'ld_library_path_lib')
[1.449s] INFO:colcon.colcon_core.shell:Creating environment hook '/home/vboxuser/github/semester_1/programming/enpm702_group3/rwa5_3/rwa5_ws/install/bot_waypoint_msgs/share/bot_waypoint_msgs/hook/ld_library_path_lib.ps1'
[1.450s] INFO:colcon.colcon_core.shell:Creating environment descriptor '/home/vboxuser/github/semester_1/programming/enpm702_group3/rwa5_3/rwa5_ws/install/bot_waypoint_msgs/share/bot_waypoint_msgs/hook/ld_library_path_lib.dsv'
[1.451s] INFO:colcon.colcon_core.shell:Creating environment hook '/home/vboxuser/github/semester_1/programming/enpm702_group3/rwa5_3/rwa5_ws/install/bot_waypoint_msgs/share/bot_waypoint_msgs/hook/ld_library_path_lib.sh'
[1.452s] Level 1:colcon.colcon_core.environment:checking '/home/vboxuser/github/semester_1/programming/enpm702_group3/rwa5_3/rwa5_ws/install/bot_waypoint_msgs/bin'
[1.452s] Level 1:colcon.colcon_core.environment:checking '/home/vboxuser/github/semester_1/programming/enpm702_group3/rwa5_3/rwa5_ws/install/bot_waypoint_msgs/lib/pkgconfig/bot_waypoint_msgs.pc'
[1.452s] Level 1:colcon.colcon_core.environment:checking '/home/vboxuser/github/semester_1/programming/enpm702_group3/rwa5_3/rwa5_ws/install/bot_waypoint_msgs/lib/python3.10/site-packages'
[1.453s] Level 1:colcon.colcon_core.environment:checking '/home/vboxuser/github/semester_1/programming/enpm702_group3/rwa5_3/rwa5_ws/install/bot_waypoint_msgs/bin'
[1.453s] INFO:colcon.colcon_core.shell:Creating package script '/home/vboxuser/github/semester_1/programming/enpm702_group3/rwa5_3/rwa5_ws/install/bot_waypoint_msgs/share/bot_waypoint_msgs/package.ps1'
[1.454s] INFO:colcon.colcon_core.shell:Creating package descriptor '/home/vboxuser/github/semester_1/programming/enpm702_group3/rwa5_3/rwa5_ws/install/bot_waypoint_msgs/share/bot_waypoint_msgs/package.dsv'
[1.456s] INFO:colcon.colcon_core.shell:Creating package script '/home/vboxuser/github/semester_1/programming/enpm702_group3/rwa5_3/rwa5_ws/install/bot_waypoint_msgs/share/bot_waypoint_msgs/package.sh'
[1.457s] INFO:colcon.colcon_core.shell:Creating package script '/home/vboxuser/github/semester_1/programming/enpm702_group3/rwa5_3/rwa5_ws/install/bot_waypoint_msgs/share/bot_waypoint_msgs/package.bash'
[1.459s] INFO:colcon.colcon_core.shell:Creating package script '/home/vboxuser/github/semester_1/programming/enpm702_group3/rwa5_3/rwa5_ws/install/bot_waypoint_msgs/share/bot_waypoint_msgs/package.zsh'
[1.460s] Level 1:colcon.colcon_core.environment:create_file_with_runtime_dependencies(/home/vboxuser/github/semester_1/programming/enpm702_group3/rwa5_3/rwa5_ws/install/bot_waypoint_msgs/share/colcon-core/packages/bot_waypoint_msgs)
[1.461s] INFO:colcon.colcon_ros.task.ament_cmake.build:Building ROS package in '/home/vboxuser/github/semester_1/programming/enpm702_group3/rwa5_3/rwa5_ws/src/group3_rwa5' with build type 'ament_cmake'
[1.463s] INFO:colcon.colcon_cmake.task.cmake.build:Building CMake package in '/home/vboxuser/github/semester_1/programming/enpm702_group3/rwa5_3/rwa5_ws/src/group3_rwa5'
[1.463s] INFO:colcon.colcon_core.shell:Skip shell extension 'powershell' for command environment: Not usable outside of PowerShell
[1.463s] DEBUG:colcon.colcon_core.shell:Skip shell extension 'dsv' for command environment
[1.491s] DEBUG:colcon.colcon_core.event_handler.log_command:Invoking command in '/home/vboxuser/github/semester_1/programming/enpm702_group3/rwa5_3/rwa5_ws/build/group3_rwa5': CMAKE_PREFIX_PATH=/home/vboxuser/github/semester_1/programming/enpm702_group3/rwa5_3/rwa5_ws/install/bot_waypoint_msgs:/home/vboxuser/ros2_ws2/install/turtlebot3:/home/vboxuser/ros2_ws2/install/turtlebot3_simulations:/home/vboxuser/ros2_ws2/install/turtlebot3_bringup:/home/vboxuser/ros2_ws2/install/turtlebot3_node:/home/vboxuser/ros2_ws2/install/turtlebot3_navigation2:/home/vboxuser/ros2_ws2/install/turtlebot3_fake_node:/home/vboxuser/ros2_ws2/install/turtlebot3_msgs:/home/vboxuser/ros2_ws2/install/turtlebot3_gazebo:/home/vboxuser/ros2_ws2/install/turtlebot3_description:/home/vboxuser/ros2_ws2/install/turtlebot3_cartographer:/home/vboxuser/ros2_ws2/install/ld08_driver:/home/vboxuser/ros2_ws2/install/hls_lfcd_lds_driver:/home/vboxuser/ros2_ws2/install/first_package:/home/vboxuser/ros2_ws2/install/dynamixel_sdk_examples:/home/vboxuser/ros2_ws2/install/dynamixel_sdk_custom_interfaces:/home/vboxuser/ros2_ws2/install/dynamixel_sdk:/home/vboxuser/github/semester_1/programming/enpm702_group3/rwa5_3/rwa5_ws/install/group3_rwa5:/home/vboxuser/Desktop/practice_ws/install/practice_package:/home/vboxuser/Desktop/practice_ws/install/first_package:/home/vboxuser/Desktop/practice_ws/install/bot_pub_practice:/home/vboxuser/ros2_ws/enpm702_fall2024_ros/install/qos_subscriber_demo:/home/vboxuser/ros2_ws/enpm702_fall2024_ros/install/qos_publisher_demo:/home/vboxuser/ros2_ws/install/launch_file_demo:/home/vboxuser/ros2_ws2/install/turtlebot3_teleop:/home/vboxuser/ros2_ws2/install/turtlebot3_example:/opt/ros/humble LD_LIBRARY_PATH=/home/vboxuser/github/semester_1/programming/enpm702_group3/rwa5_3/rwa5_ws/install/bot_waypoint_msgs/lib:/home/vboxuser/ros2_ws2/install/turtlebot3_msgs/lib:/home/vboxuser/ros2_ws2/install/dynamixel_sdk_custom_interfaces/lib:/home/vboxuser/ros2_ws2/install/dynamixel_sdk/lib:/usr/lib/x86_64-linux-gnu/gazebo-11/plugins:/opt/ros/humble/opt/rviz_ogre_vendor/lib:/opt/ros/humble/lib/x86_64-linux-gnu:/opt/ros/humble/lib /usr/bin/cmake --build /home/vboxuser/github/semester_1/programming/enpm702_group3/rwa5_3/rwa5_ws/build/group3_rwa5 -- -j2 -l2
[14.499s] DEBUG:colcon.colcon_core.event_handler.log_command:Invoked command in '/home/vboxuser/github/semester_1/programming/enpm702_group3/rwa5_3/rwa5_ws/build/group3_rwa5' returned '0': CMAKE_PREFIX_PATH=/home/vboxuser/github/semester_1/programming/enpm702_group3/rwa5_3/rwa5_ws/install/bot_waypoint_msgs:/home/vboxuser/ros2_ws2/install/turtlebot3:/home/vboxuser/ros2_ws2/install/turtlebot3_simulations:/home/vboxuser/ros2_ws2/install/turtlebot3_bringup:/home/vboxuser/ros2_ws2/install/turtlebot3_node:/home/vboxuser/ros2_ws2/install/turtlebot3_navigation2:/home/vboxuser/ros2_ws2/install/turtlebot3_fake_node:/home/vboxuser/ros2_ws2/install/turtlebot3_msgs:/home/vboxuser/ros2_ws2/install/turtlebot3_gazebo:/home/vboxuser/ros2_ws2/install/turtlebot3_description:/home/vboxuser/ros2_ws2/install/turtlebot3_cartographer:/home/vboxuser/ros2_ws2/install/ld08_driver:/home/vboxuser/ros2_ws2/install/hls_lfcd_lds_driver:/home/vboxuser/ros2_ws2/install/first_package:/home/vboxuser/ros2_ws2/install/dynamixel_sdk_examples:/home/vboxuser/ros2_ws2/install/dynamixel_sdk_custom_interfaces:/home/vboxuser/ros2_ws2/install/dynamixel_sdk:/home/vboxuser/github/semester_1/programming/enpm702_group3/rwa5_3/rwa5_ws/install/group3_rwa5:/home/vboxuser/Desktop/practice_ws/install/practice_package:/home/vboxuser/Desktop/practice_ws/install/first_package:/home/vboxuser/Desktop/practice_ws/install/bot_pub_practice:/home/vboxuser/ros2_ws/enpm702_fall2024_ros/install/qos_subscriber_demo:/home/vboxuser/ros2_ws/enpm702_fall2024_ros/install/qos_publisher_demo:/home/vboxuser/ros2_ws/install/launch_file_demo:/home/vboxuser/ros2_ws2/install/turtlebot3_teleop:/home/vboxuser/ros2_ws2/install/turtlebot3_example:/opt/ros/humble LD_LIBRARY_PATH=/home/vboxuser/github/semester_1/programming/enpm702_group3/rwa5_3/rwa5_ws/install/bot_waypoint_msgs/lib:/home/vboxuser/ros2_ws2/install/turtlebot3_msgs/lib:/home/vboxuser/ros2_ws2/install/dynamixel_sdk_custom_interfaces/lib:/home/vboxuser/ros2_ws2/install/dynamixel_sdk/lib:/usr/lib/x86_64-linux-gnu/gazebo-11/plugins:/opt/ros/humble/opt/rviz_ogre_vendor/lib:/opt/ros/humble/lib/x86_64-linux-gnu:/opt/ros/humble/lib /usr/bin/cmake --build /home/vboxuser/github/semester_1/programming/enpm702_group3/rwa5_3/rwa5_ws/build/group3_rwa5 -- -j2 -l2
[14.505s] DEBUG:colcon.colcon_core.event_handler.log_command:Invoking command in '/home/vboxuser/github/semester_1/programming/enpm702_group3/rwa5_3/rwa5_ws/build/group3_rwa5': CMAKE_PREFIX_PATH=/home/vboxuser/github/semester_1/programming/enpm702_group3/rwa5_3/rwa5_ws/install/bot_waypoint_msgs:/home/vboxuser/ros2_ws2/install/turtlebot3:/home/vboxuser/ros2_ws2/install/turtlebot3_simulations:/home/vboxuser/ros2_ws2/install/turtlebot3_bringup:/home/vboxuser/ros2_ws2/install/turtlebot3_node:/home/vboxuser/ros2_ws2/install/turtlebot3_navigation2:/home/vboxuser/ros2_ws2/install/turtlebot3_fake_node:/home/vboxuser/ros2_ws2/install/turtlebot3_msgs:/home/vboxuser/ros2_ws2/install/turtlebot3_gazebo:/home/vboxuser/ros2_ws2/install/turtlebot3_description:/home/vboxuser/ros2_ws2/install/turtlebot3_cartographer:/home/vboxuser/ros2_ws2/install/ld08_driver:/home/vboxuser/ros2_ws2/install/hls_lfcd_lds_driver:/home/vboxuser/ros2_ws2/install/first_package:/home/vboxuser/ros2_ws2/install/dynamixel_sdk_examples:/home/vboxuser/ros2_ws2/install/dynamixel_sdk_custom_interfaces:/home/vboxuser/ros2_ws2/install/dynamixel_sdk:/home/vboxuser/github/semester_1/programming/enpm702_group3/rwa5_3/rwa5_ws/install/group3_rwa5:/home/vboxuser/Desktop/practice_ws/install/practice_package:/home/vboxuser/Desktop/practice_ws/install/first_package:/home/vboxuser/Desktop/practice_ws/install/bot_pub_practice:/home/vboxuser/ros2_ws/enpm702_fall2024_ros/install/qos_subscriber_demo:/home/vboxuser/ros2_ws/enpm702_fall2024_ros/install/qos_publisher_demo:/home/vboxuser/ros2_ws/install/launch_file_demo:/home/vboxuser/ros2_ws2/install/turtlebot3_teleop:/home/vboxuser/ros2_ws2/install/turtlebot3_example:/opt/ros/humble LD_LIBRARY_PATH=/home/vboxuser/github/semester_1/programming/enpm702_group3/rwa5_3/rwa5_ws/install/bot_waypoint_msgs/lib:/home/vboxuser/ros2_ws2/install/turtlebot3_msgs/lib:/home/vboxuser/ros2_ws2/install/dynamixel_sdk_custom_interfaces/lib:/home/vboxuser/ros2_ws2/install/dynamixel_sdk/lib:/usr/lib/x86_64-linux-gnu/gazebo-11/plugins:/opt/ros/humble/opt/rviz_ogre_vendor/lib:/opt/ros/humble/lib/x86_64-linux-gnu:/opt/ros/humble/lib /usr/bin/cmake --install /home/vboxuser/github/semester_1/programming/enpm702_group3/rwa5_3/rwa5_ws/build/group3_rwa5
[14.528s] Level 1:colcon.colcon_core.environment:create_environment_scripts_only(group3_rwa5)
[14.529s] Level 1:colcon.colcon_core.environment:checking '/home/vboxuser/github/semester_1/programming/enpm702_group3/rwa5_3/rwa5_ws/install/group3_rwa5' for CMake module files
[14.529s] Level 1:colcon.colcon_core.environment:checking '/home/vboxuser/github/semester_1/programming/enpm702_group3/rwa5_3/rwa5_ws/install/group3_rwa5' for CMake config files
[14.530s] Level 1:colcon.colcon_core.shell:create_environment_hook('group3_rwa5', 'cmake_prefix_path')
[14.530s] INFO:colcon.colcon_core.shell:Creating environment hook '/home/vboxuser/github/semester_1/programming/enpm702_group3/rwa5_3/rwa5_ws/install/group3_rwa5/share/group3_rwa5/hook/cmake_prefix_path.ps1'
[14.531s] INFO:colcon.colcon_core.shell:Creating environment descriptor '/home/vboxuser/github/semester_1/programming/enpm702_group3/rwa5_3/rwa5_ws/install/group3_rwa5/share/group3_rwa5/hook/cmake_prefix_path.dsv'
[14.532s] DEBUG:colcon.colcon_core.event_handler.log_command:Invoked command in '/home/vboxuser/github/semester_1/programming/enpm702_group3/rwa5_3/rwa5_ws/build/group3_rwa5' returned '0': CMAKE_PREFIX_PATH=/home/vboxuser/github/semester_1/programming/enpm702_group3/rwa5_3/rwa5_ws/install/bot_waypoint_msgs:/home/vboxuser/ros2_ws2/install/turtlebot3:/home/vboxuser/ros2_ws2/install/turtlebot3_simulations:/home/vboxuser/ros2_ws2/install/turtlebot3_bringup:/home/vboxuser/ros2_ws2/install/turtlebot3_node:/home/vboxuser/ros2_ws2/install/turtlebot3_navigation2:/home/vboxuser/ros2_ws2/install/turtlebot3_fake_node:/home/vboxuser/ros2_ws2/install/turtlebot3_msgs:/home/vboxuser/ros2_ws2/install/turtlebot3_gazebo:/home/vboxuser/ros2_ws2/install/turtlebot3_description:/home/vboxuser/ros2_ws2/install/turtlebot3_cartographer:/home/vboxuser/ros2_ws2/install/ld08_driver:/home/vboxuser/ros2_ws2/install/hls_lfcd_lds_driver:/home/vboxuser/ros2_ws2/install/first_package:/home/vboxuser/ros2_ws2/install/dynamixel_sdk_examples:/home/vboxuser/ros2_ws2/install/dynamixel_sdk_custom_interfaces:/home/vboxuser/ros2_ws2/install/dynamixel_sdk:/home/vboxuser/github/semester_1/programming/enpm702_group3/rwa5_3/rwa5_ws/install/group3_rwa5:/home/vboxuser/Desktop/practice_ws/install/practice_package:/home/vboxuser/Desktop/practice_ws/install/first_package:/home/vboxuser/Desktop/practice_ws/install/bot_pub_practice:/home/vboxuser/ros2_ws/enpm702_fall2024_ros/install/qos_subscriber_demo:/home/vboxuser/ros2_ws/enpm702_fall2024_ros/install/qos_publisher_demo:/home/vboxuser/ros2_ws/install/launch_file_demo:/home/vboxuser/ros2_ws2/install/turtlebot3_teleop:/home/vboxuser/ros2_ws2/install/turtlebot3_example:/opt/ros/humble LD_LIBRARY_PATH=/home/vboxuser/github/semester_1/programming/enpm702_group3/rwa5_3/rwa5_ws/install/bot_waypoint_msgs/lib:/home/vboxuser/ros2_ws2/install/turtlebot3_msgs/lib:/home/vboxuser/ros2_ws2/install/dynamixel_sdk_custom_interfaces/lib:/home/vboxuser/ros2_ws2/install/dynamixel_sdk/lib:/usr/lib/x86_64-linux-gnu/gazebo-11/plugins:/opt/ros/humble/opt/rviz_ogre_vendor/lib:/opt/ros/humble/lib/x86_64-linux-gnu:/opt/ros/humble/lib /usr/bin/cmake --install /home/vboxuser/github/semester_1/programming/enpm702_group3/rwa5_3/rwa5_ws/build/group3_rwa5
[14.533s] INFO:colcon.colcon_core.shell:Creating environment hook '/home/vboxuser/github/semester_1/programming/enpm702_group3/rwa5_3/rwa5_ws/install/group3_rwa5/share/group3_rwa5/hook/cmake_prefix_path.sh'
[14.535s] Level 1:colcon.colcon_core.environment:checking '/home/vboxuser/github/semester_1/programming/enpm702_group3/rwa5_3/rwa5_ws/install/group3_rwa5/lib'
[14.535s] Level 1:colcon.colcon_core.environment:checking '/home/vboxuser/github/semester_1/programming/enpm702_group3/rwa5_3/rwa5_ws/install/group3_rwa5/bin'
[14.535s] Level 1:colcon.colcon_core.environment:checking '/home/vboxuser/github/semester_1/programming/enpm702_group3/rwa5_3/rwa5_ws/install/group3_rwa5/lib/pkgconfig/group3_rwa5.pc'
[14.536s] Level 1:colcon.colcon_core.environment:checking '/home/vboxuser/github/semester_1/programming/enpm702_group3/rwa5_3/rwa5_ws/install/group3_rwa5/lib/python3.10/site-packages'
[14.536s] Level 1:colcon.colcon_core.environment:checking '/home/vboxuser/github/semester_1/programming/enpm702_group3/rwa5_3/rwa5_ws/install/group3_rwa5/bin'
[14.536s] INFO:colcon.colcon_core.shell:Creating package script '/home/vboxuser/github/semester_1/programming/enpm702_group3/rwa5_3/rwa5_ws/install/group3_rwa5/share/group3_rwa5/package.ps1'
[14.538s] INFO:colcon.colcon_core.shell:Creating package descriptor '/home/vboxuser/github/semester_1/programming/enpm702_group3/rwa5_3/rwa5_ws/install/group3_rwa5/share/group3_rwa5/package.dsv'
[14.538s] INFO:colcon.colcon_core.shell:Creating package script '/home/vboxuser/github/semester_1/programming/enpm702_group3/rwa5_3/rwa5_ws/install/group3_rwa5/share/group3_rwa5/package.sh'
[14.539s] INFO:colcon.colcon_core.shell:Creating package script '/home/vboxuser/github/semester_1/programming/enpm702_group3/rwa5_3/rwa5_ws/install/group3_rwa5/share/group3_rwa5/package.bash'
[14.540s] INFO:colcon.colcon_core.shell:Creating package script '/home/vboxuser/github/semester_1/programming/enpm702_group3/rwa5_3/rwa5_ws/install/group3_rwa5/share/group3_rwa5/package.zsh'
[14.541s] Level 1:colcon.colcon_core.environment:create_file_with_runtime_dependencies(/home/vboxuser/github/semester_1/programming/enpm702_group3/rwa5_3/rwa5_ws/install/group3_rwa5/share/colcon-core/packages/group3_rwa5)
[14.542s] Level 1:colcon.colcon_core.environment:create_environment_scripts_only(group3_rwa5)
[14.542s] Level 1:colcon.colcon_core.environment:checking '/home/vboxuser/github/semester_1/programming/enpm702_group3/rwa5_3/rwa5_ws/install/group3_rwa5' for CMake module files
[14.543s] Level 1:colcon.colcon_core.environment:checking '/home/vboxuser/github/semester_1/programming/enpm702_group3/rwa5_3/rwa5_ws/install/group3_rwa5' for CMake config files
[14.543s] Level 1:colcon.colcon_core.shell:create_environment_hook('group3_rwa5', 'cmake_prefix_path')
[14.544s] INFO:colcon.colcon_core.shell:Creating environment hook '/home/vboxuser/github/semester_1/programming/enpm702_group3/rwa5_3/rwa5_ws/install/group3_rwa5/share/group3_rwa5/hook/cmake_prefix_path.ps1'
[14.545s] INFO:colcon.colcon_core.shell:Creating environment descriptor '/home/vboxuser/github/semester_1/programming/enpm702_group3/rwa5_3/rwa5_ws/install/group3_rwa5/share/group3_rwa5/hook/cmake_prefix_path.dsv'
[14.546s] INFO:colcon.colcon_core.shell:Creating environment hook '/home/vboxuser/github/semester_1/programming/enpm702_group3/rwa5_3/rwa5_ws/install/group3_rwa5/share/group3_rwa5/hook/cmake_prefix_path.sh'
[14.547s] Level 1:colcon.colcon_core.environment:checking '/home/vboxuser/github/semester_1/programming/enpm702_group3/rwa5_3/rwa5_ws/install/group3_rwa5/lib'
[14.548s] Level 1:colcon.colcon_core.environment:checking '/home/vboxuser/github/semester_1/programming/enpm702_group3/rwa5_3/rwa5_ws/install/group3_rwa5/bin'
[14.548s] Level 1:colcon.colcon_core.environment:checking '/home/vboxuser/github/semester_1/programming/enpm702_group3/rwa5_3/rwa5_ws/install/group3_rwa5/lib/pkgconfig/group3_rwa5.pc'
[14.548s] Level 1:colcon.colcon_core.environment:checking '/home/vboxuser/github/semester_1/programming/enpm702_group3/rwa5_3/rwa5_ws/install/group3_rwa5/lib/python3.10/site-packages'
[14.548s] Level 1:colcon.colcon_core.environment:checking '/home/vboxuser/github/semester_1/programming/enpm702_group3/rwa5_3/rwa5_ws/install/group3_rwa5/bin'
[14.549s] INFO:colcon.colcon_core.shell:Creating package script '/home/vboxuser/github/semester_1/programming/enpm702_group3/rwa5_3/rwa5_ws/install/group3_rwa5/share/group3_rwa5/package.ps1'
[14.551s] INFO:colcon.colcon_core.shell:Creating package descriptor '/home/vboxuser/github/semester_1/programming/enpm702_group3/rwa5_3/rwa5_ws/install/group3_rwa5/share/group3_rwa5/package.dsv'
[14.552s] INFO:colcon.colcon_core.shell:Creating package script '/home/vboxuser/github/semester_1/programming/enpm702_group3/rwa5_3/rwa5_ws/install/group3_rwa5/share/group3_rwa5/package.sh'
[14.553s] INFO:colcon.colcon_core.shell:Creating package script '/home/vboxuser/github/semester_1/programming/enpm702_group3/rwa5_3/rwa5_ws/install/group3_rwa5/share/group3_rwa5/package.bash'
[14.554s] INFO:colcon.colcon_core.shell:Creating package script '/home/vboxuser/github/semester_1/programming/enpm702_group3/rwa5_3/rwa5_ws/install/group3_rwa5/share/group3_rwa5/package.zsh'
[14.556s] Level 1:colcon.colcon_core.environment:create_file_with_runtime_dependencies(/home/vboxuser/github/semester_1/programming/enpm702_group3/rwa5_3/rwa5_ws/install/group3_rwa5/share/colcon-core/packages/group3_rwa5)
[14.558s] DEBUG:colcon.colcon_parallel_executor.executor.parallel:closing loop
[14.558s] DEBUG:colcon.colcon_parallel_executor.executor.parallel:loop closed
[14.559s] DEBUG:colcon.colcon_parallel_executor.executor.parallel:run_until_complete finished with '0'
[14.559s] DEBUG:colcon.colcon_core.event_reactor:joining thread
[14.566s] INFO:colcon.colcon_core.plugin_system:Skipping extension 'colcon_notification.desktop_notification.terminal_notifier': Not used on non-Darwin systems
[14.566s] INFO:colcon.colcon_core.plugin_system:Skipping extension 'colcon_notification.desktop_notification.win32': Not used on non-Windows systems
[14.566s] INFO:colcon.colcon_notification.desktop_notification:Sending desktop notification using 'notify2'
[14.596s] DEBUG:colcon.colcon_core.event_reactor:joined thread
[14.596s] INFO:colcon.colcon_core.shell:Creating prefix script '/home/vboxuser/github/semester_1/programming/enpm702_group3/rwa5_3/rwa5_ws/install/local_setup.ps1'
[14.598s] INFO:colcon.colcon_core.shell:Creating prefix util module '/home/vboxuser/github/semester_1/programming/enpm702_group3/rwa5_3/rwa5_ws/install/_local_setup_util_ps1.py'
[14.599s] INFO:colcon.colcon_core.shell:Creating prefix chain script '/home/vboxuser/github/semester_1/programming/enpm702_group3/rwa5_3/rwa5_ws/install/setup.ps1'
[14.601s] INFO:colcon.colcon_core.shell:Creating prefix script '/home/vboxuser/github/semester_1/programming/enpm702_group3/rwa5_3/rwa5_ws/install/local_setup.sh'
[14.602s] INFO:colcon.colcon_core.shell:Creating prefix util module '/home/vboxuser/github/semester_1/programming/enpm702_group3/rwa5_3/rwa5_ws/install/_local_setup_util_sh.py'
[14.603s] INFO:colcon.colcon_core.shell:Creating prefix chain script '/home/vboxuser/github/semester_1/programming/enpm702_group3/rwa5_3/rwa5_ws/install/setup.sh'
[14.605s] INFO:colcon.colcon_core.shell:Creating prefix script '/home/vboxuser/github/semester_1/programming/enpm702_group3/rwa5_3/rwa5_ws/install/local_setup.bash'
[14.606s] INFO:colcon.colcon_core.shell:Creating prefix chain script '/home/vboxuser/github/semester_1/programming/enpm702_group3/rwa5_3/rwa5_ws/install/setup.bash'
[14.608s] INFO:colcon.colcon_core.shell:Creating prefix script '/home/vboxuser/github/semester_1/programming/enpm702_group3/rwa5_3/rwa5_ws/install/local_setup.zsh'
[14.609s] INFO:colcon.colcon_core.shell:Creating prefix chain script '/home/vboxuser/github/semester_1/programming/enpm702_group3/rwa5_3/rwa5_ws/install/setup.zsh'
