[0.014s] Invoking command in '/home/vboxuser/github/semester_1/programming/enpm702_group3/rwa5_3/rwa5_ws/build/bot_waypoint_msgs': CMAKE_PREFIX_PATH=${CMAKE_PREFIX_PATH}:/home/vboxuser/ros2_ws2/install/turtlebot3_teleop:/home/vboxuser/ros2_ws2/install/turtlebot3_example:/opt/ros/humble /usr/bin/cmake --build /home/vboxuser/github/semester_1/programming/enpm702_group3/rwa5_3/rwa5_ws/build/bot_waypoint_msgs -- -j3 -l3
[0.039s] -- Found ament_cmake: 1.3.10 (/opt/ros/humble/share/ament_cmake/cmake)
[0.138s] -- Found example_interfaces: 0.9.3 (/opt/ros/humble/share/example_interfaces/cmake)
[0.150s] -- Found rosidl_generator_c: 3.1.5 (/opt/ros/humble/share/rosidl_generator_c/cmake)
[0.152s] -- Found rosidl_adapter: 3.1.5 (/opt/ros/humble/share/rosidl_adapter/cmake)
[0.156s] -- Found rosidl_generator_cpp: 3.1.5 (/opt/ros/humble/share/rosidl_generator_cpp/cmake)
[0.164s] -- Using all available rosidl_typesupport_c: rosidl_typesupport_fastrtps_c;rosidl_typesupport_introspection_c
[0.172s] -- Using all available rosidl_typesupport_cpp: rosidl_typesupport_fastrtps_cpp;rosidl_typesupport_introspection_cpp
[0.209s] -- Found geometry_msgs: 4.2.4 (/opt/ros/humble/share/geometry_msgs/cmake)
[0.230s] -- Found rosidl_default_generators: 1.2.0 (/opt/ros/humble/share/rosidl_default_generators/cmake)
[0.461s] -- Found ament_cmake_ros: 0.10.0 (/opt/ros/humble/share/ament_cmake_ros/cmake)
[0.806s] -- Using all available rosidl_typesupport_c: rosidl_typesupport_fastrtps_c;rosidl_typesupport_introspection_c
[0.935s] -- Using all available rosidl_typesupport_cpp: rosidl_typesupport_fastrtps_cpp;rosidl_typesupport_introspection_cpp
[0.951s] -- Found PythonInterp: /usr/bin/python3 (found suitable version "3.10.12", minimum required is "3.6") 
[0.953s] -- Found python_cmake_module: 0.10.0 (/opt/ros/humble/share/python_cmake_module/cmake)
[0.973s] -- Found PythonLibs: /usr/lib/x86_64-linux-gnu/libpython3.10.so (found suitable version "3.10.12", minimum required is "3.5") 
[0.973s] -- Using PYTHON_EXECUTABLE: /usr/bin/python3
[0.973s] -- Using PYTHON_INCLUDE_DIRS: /usr/include/python3.10
[0.973s] -- Using PYTHON_LIBRARIES: /usr/lib/x86_64-linux-gnu/libpython3.10.so
[0.988s] -- Found PythonExtra: .so  
[1.049s] -- Configuring done
[1.086s] -- Generating done
[1.092s] -- Build files have been written to: /home/vboxuser/github/semester_1/programming/enpm702_group3/rwa5_3/rwa5_ws/build/bot_waypoint_msgs
[1.112s] [  3%] [34m[1mGenerating C code for ROS interfaces[0m
[1.124s] [  6%] [34m[1mGenerating C++ code for ROS interfaces[0m
[1.142s] [  6%] Built target ament_cmake_python_copy_bot_waypoint_msgs
[1.370s] running egg_info
[1.371s] creating bot_waypoint_msgs.egg-info
[1.371s] writing bot_waypoint_msgs.egg-info/PKG-INFO
[1.372s] writing dependency_links to bot_waypoint_msgs.egg-info/dependency_links.txt
[1.373s] writing top-level names to bot_waypoint_msgs.egg-info/top_level.txt
[1.373s] writing manifest file 'bot_waypoint_msgs.egg-info/SOURCES.txt'
[1.376s] reading manifest file 'bot_waypoint_msgs.egg-info/SOURCES.txt'
[1.376s] writing manifest file 'bot_waypoint_msgs.egg-info/SOURCES.txt'
[1.408s] [  6%] Built target ament_cmake_python_build_bot_waypoint_msgs_egg
[1.412s] [  9%] [32mBuilding C object CMakeFiles/bot_waypoint_msgs__rosidl_generator_c.dir/rosidl_generator_c/bot_waypoint_msgs/msg/detail/bot_waypoint__functions.c.o[0m
[1.424s] [  9%] Built target bot_waypoint_msgs__cpp
[1.436s] [ 12%] [34m[1mGenerating C++ type support dispatch for ROS interfaces[0m
[1.444s] [ 16%] [34m[1mGenerating C++ type support for eProsima Fast-RTPS[0m
[1.477s] [ 19%] [32m[1mLinking C shared library libbot_waypoint_msgs__rosidl_generator_c.so[0m
[1.529s] [ 19%] Built target bot_waypoint_msgs__rosidl_generator_c
[1.542s] [ 22%] [34m[1mGenerating C++ introspection for ROS interfaces[0m
[1.660s] [ 25%] [32mBuilding CXX object CMakeFiles/bot_waypoint_msgs__rosidl_typesupport_cpp.dir/rosidl_typesupport_cpp/bot_waypoint_msgs/msg/bot_waypoint__type_support.cpp.o[0m
[1.677s] [ 29%] [32mBuilding CXX object CMakeFiles/bot_waypoint_msgs__rosidl_typesupport_fastrtps_cpp.dir/rosidl_typesupport_fastrtps_cpp/bot_waypoint_msgs/msg/detail/dds_fastrtps/bot_waypoint__type_support.cpp.o[0m
[1.767s] [ 32%] [32mBuilding CXX object CMakeFiles/bot_waypoint_msgs__rosidl_typesupport_introspection_cpp.dir/rosidl_typesupport_introspection_cpp/bot_waypoint_msgs/msg/detail/bot_waypoint__type_support.cpp.o[0m
[1.907s] [ 35%] [32m[1mLinking CXX shared library libbot_waypoint_msgs__rosidl_typesupport_cpp.so[0m
[1.952s] [ 35%] Built target bot_waypoint_msgs__rosidl_typesupport_cpp
[1.975s] [ 38%] [34m[1mGenerating C type support for eProsima Fast-RTPS[0m
[2.007s] [ 41%] [32m[1mLinking CXX shared library libbot_waypoint_msgs__rosidl_typesupport_fastrtps_cpp.so[0m
[2.087s] [ 41%] Built target bot_waypoint_msgs__rosidl_typesupport_fastrtps_cpp
[2.090s] [ 45%] [32m[1mLinking CXX shared library libbot_waypoint_msgs__rosidl_typesupport_introspection_cpp.so[0m
[2.097s] [ 48%] [34m[1mGenerating C introspection for ROS interfaces[0m
[2.170s] [ 48%] Built target bot_waypoint_msgs__rosidl_typesupport_introspection_cpp
[2.181s] [ 51%] [34m[1mGenerating C type support dispatch for ROS interfaces[0m
[2.235s] [ 54%] [32mBuilding CXX object CMakeFiles/bot_waypoint_msgs__rosidl_typesupport_fastrtps_c.dir/rosidl_typesupport_fastrtps_c/bot_waypoint_msgs/msg/detail/bot_waypoint__type_support_c.cpp.o[0m
[2.318s] [ 58%] [32mBuilding C object CMakeFiles/bot_waypoint_msgs__rosidl_typesupport_introspection_c.dir/rosidl_typesupport_introspection_c/bot_waypoint_msgs/msg/detail/bot_waypoint__type_support.c.o[0m
[2.351s] [ 61%] [32m[1mLinking C shared library libbot_waypoint_msgs__rosidl_typesupport_introspection_c.so[0m
[2.386s] [ 64%] [32mBuilding CXX object CMakeFiles/bot_waypoint_msgs__rosidl_typesupport_c.dir/rosidl_typesupport_c/bot_waypoint_msgs/msg/bot_waypoint__type_support.cpp.o[0m
[2.415s] [ 64%] Built target bot_waypoint_msgs__rosidl_typesupport_introspection_c
[2.422s] [ 67%] [32m[1mLinking CXX shared library libbot_waypoint_msgs__rosidl_typesupport_c.so[0m
[2.474s] [ 67%] Built target bot_waypoint_msgs__rosidl_typesupport_c
[2.521s] [ 70%] [32m[1mLinking CXX shared library libbot_waypoint_msgs__rosidl_typesupport_fastrtps_c.so[0m
[2.606s] [ 70%] Built target bot_waypoint_msgs__rosidl_typesupport_fastrtps_c
[2.629s] [ 70%] Built target bot_waypoint_msgs
[2.652s] [ 74%] [34m[1mGenerating Python code for ROS interfaces[0m
[2.923s] [ 74%] Built target bot_waypoint_msgs__py
[2.949s] [ 77%] [32mBuilding C object CMakeFiles/bot_waypoint_msgs__rosidl_generator_py.dir/rosidl_generator_py/bot_waypoint_msgs/msg/_bot_waypoint_s.c.o[0m
[3.026s] [ 80%] [32m[1mLinking C shared library rosidl_generator_py/bot_waypoint_msgs/libbot_waypoint_msgs__rosidl_generator_py.so[0m
[3.077s] [ 80%] Built target bot_waypoint_msgs__rosidl_generator_py
[3.104s] [ 83%] [32mBuilding C object CMakeFiles/bot_waypoint_msgs__rosidl_typesupport_c__pyext.dir/rosidl_generator_py/bot_waypoint_msgs/_bot_waypoint_msgs_s.ep.rosidl_typesupport_c.c.o[0m
[3.106s] [ 87%] [32mBuilding C object CMakeFiles/bot_waypoint_msgs__rosidl_typesupport_introspection_c__pyext.dir/rosidl_generator_py/bot_waypoint_msgs/_bot_waypoint_msgs_s.ep.rosidl_typesupport_introspection_c.c.o[0m
[3.117s] [ 90%] [32mBuilding C object CMakeFiles/bot_waypoint_msgs__rosidl_typesupport_fastrtps_c__pyext.dir/rosidl_generator_py/bot_waypoint_msgs/_bot_waypoint_msgs_s.ep.rosidl_typesupport_fastrtps_c.c.o[0m
[3.190s] [ 93%] [32m[1mLinking C shared library rosidl_generator_py/bot_waypoint_msgs/bot_waypoint_msgs_s__rosidl_typesupport_c.cpython-310-x86_64-linux-gnu.so[0m
[3.194s] [ 96%] [32m[1mLinking C shared library rosidl_generator_py/bot_waypoint_msgs/bot_waypoint_msgs_s__rosidl_typesupport_introspection_c.cpython-310-x86_64-linux-gnu.so[0m
[3.251s] [ 96%] Built target bot_waypoint_msgs__rosidl_typesupport_introspection_c__pyext
[3.261s] [ 96%] Built target bot_waypoint_msgs__rosidl_typesupport_c__pyext
[3.287s] [100%] [32m[1mLinking C shared library rosidl_generator_py/bot_waypoint_msgs/bot_waypoint_msgs_s__rosidl_typesupport_fastrtps_c.cpython-310-x86_64-linux-gnu.so[0m
[3.339s] [100%] Built target bot_waypoint_msgs__rosidl_typesupport_fastrtps_c__pyext
[3.357s] Invoked command in '/home/vboxuser/github/semester_1/programming/enpm702_group3/rwa5_3/rwa5_ws/build/bot_waypoint_msgs' returned '0': CMAKE_PREFIX_PATH=${CMAKE_PREFIX_PATH}:/home/vboxuser/ros2_ws2/install/turtlebot3_teleop:/home/vboxuser/ros2_ws2/install/turtlebot3_example:/opt/ros/humble /usr/bin/cmake --build /home/vboxuser/github/semester_1/programming/enpm702_group3/rwa5_3/rwa5_ws/build/bot_waypoint_msgs -- -j3 -l3
[3.484s] Invoking command in '/home/vboxuser/github/semester_1/programming/enpm702_group3/rwa5_3/rwa5_ws/build/bot_waypoint_msgs': CMAKE_PREFIX_PATH=${CMAKE_PREFIX_PATH}:/home/vboxuser/ros2_ws2/install/turtlebot3_teleop:/home/vboxuser/ros2_ws2/install/turtlebot3_example:/opt/ros/humble /usr/bin/cmake --install /home/vboxuser/github/semester_1/programming/enpm702_group3/rwa5_3/rwa5_ws/build/bot_waypoint_msgs
[3.487s] -- Install configuration: ""
[3.488s] -- Installing: /home/vboxuser/github/semester_1/programming/enpm702_group3/rwa5_3/rwa5_ws/install/bot_waypoint_msgs/share/ament_index/resource_index/rosidl_interfaces/bot_waypoint_msgs
[3.489s] -- Installing: /home/vboxuser/github/semester_1/programming/enpm702_group3/rwa5_3/rwa5_ws/install/bot_waypoint_msgs/include/bot_waypoint_msgs/bot_waypoint_msgs
[3.489s] -- Installing: /home/vboxuser/github/semester_1/programming/enpm702_group3/rwa5_3/rwa5_ws/install/bot_waypoint_msgs/include/bot_waypoint_msgs/bot_waypoint_msgs/msg
[3.490s] -- Installing: /home/vboxuser/github/semester_1/programming/enpm702_group3/rwa5_3/rwa5_ws/install/bot_waypoint_msgs/include/bot_waypoint_msgs/bot_waypoint_msgs/msg/bot_waypoint.h
[3.490s] -- Installing: /home/vboxuser/github/semester_1/programming/enpm702_group3/rwa5_3/rwa5_ws/install/bot_waypoint_msgs/include/bot_waypoint_msgs/bot_waypoint_msgs/msg/rosidl_generator_c__visibility_control.h
[3.490s] -- Installing: /home/vboxuser/github/semester_1/programming/enpm702_group3/rwa5_3/rwa5_ws/install/bot_waypoint_msgs/include/bot_waypoint_msgs/bot_waypoint_msgs/msg/detail
[3.490s] -- Installing: /home/vboxuser/github/semester_1/programming/enpm702_group3/rwa5_3/rwa5_ws/install/bot_waypoint_msgs/include/bot_waypoint_msgs/bot_waypoint_msgs/msg/detail/bot_waypoint__functions.c
[3.492s] -- Installing: /home/vboxuser/github/semester_1/programming/enpm702_group3/rwa5_3/rwa5_ws/install/bot_waypoint_msgs/include/bot_waypoint_msgs/bot_waypoint_msgs/msg/detail/bot_waypoint__type_support.h
[3.494s] -- Installing: /home/vboxuser/github/semester_1/programming/enpm702_group3/rwa5_3/rwa5_ws/install/bot_waypoint_msgs/include/bot_waypoint_msgs/bot_waypoint_msgs/msg/detail/bot_waypoint__functions.h
[3.494s] -- Installing: /home/vboxuser/github/semester_1/programming/enpm702_group3/rwa5_3/rwa5_ws/install/bot_waypoint_msgs/include/bot_waypoint_msgs/bot_waypoint_msgs/msg/detail/bot_waypoint__struct.h
[3.496s] -- Installing: /home/vboxuser/github/semester_1/programming/enpm702_group3/rwa5_3/rwa5_ws/install/bot_waypoint_msgs/share/bot_waypoint_msgs/environment/library_path.sh
[3.496s] -- Installing: /home/vboxuser/github/semester_1/programming/enpm702_group3/rwa5_3/rwa5_ws/install/bot_waypoint_msgs/share/bot_waypoint_msgs/environment/library_path.dsv
[3.496s] -- Installing: /home/vboxuser/github/semester_1/programming/enpm702_group3/rwa5_3/rwa5_ws/install/bot_waypoint_msgs/lib/libbot_waypoint_msgs__rosidl_generator_c.so
[3.496s] -- Set runtime path of "/home/vboxuser/github/semester_1/programming/enpm702_group3/rwa5_3/rwa5_ws/install/bot_waypoint_msgs/lib/libbot_waypoint_msgs__rosidl_generator_c.so" to ""
[3.496s] -- Up-to-date: /home/vboxuser/github/semester_1/programming/enpm702_group3/rwa5_3/rwa5_ws/install/bot_waypoint_msgs/include/bot_waypoint_msgs/bot_waypoint_msgs
[3.496s] -- Up-to-date: /home/vboxuser/github/semester_1/programming/enpm702_group3/rwa5_3/rwa5_ws/install/bot_waypoint_msgs/include/bot_waypoint_msgs/bot_waypoint_msgs/msg
[3.496s] -- Installing: /home/vboxuser/github/semester_1/programming/enpm702_group3/rwa5_3/rwa5_ws/install/bot_waypoint_msgs/include/bot_waypoint_msgs/bot_waypoint_msgs/msg/rosidl_typesupport_fastrtps_c__visibility_control.h
[3.496s] -- Up-to-date: /home/vboxuser/github/semester_1/programming/enpm702_group3/rwa5_3/rwa5_ws/install/bot_waypoint_msgs/include/bot_waypoint_msgs/bot_waypoint_msgs/msg/detail
[3.496s] -- Installing: /home/vboxuser/github/semester_1/programming/enpm702_group3/rwa5_3/rwa5_ws/install/bot_waypoint_msgs/include/bot_waypoint_msgs/bot_waypoint_msgs/msg/detail/bot_waypoint__rosidl_typesupport_fastrtps_c.h
[3.496s] -- Installing: /home/vboxuser/github/semester_1/programming/enpm702_group3/rwa5_3/rwa5_ws/install/bot_waypoint_msgs/lib/libbot_waypoint_msgs__rosidl_typesupport_fastrtps_c.so
[3.496s] -- Set runtime path of "/home/vboxuser/github/semester_1/programming/enpm702_group3/rwa5_3/rwa5_ws/install/bot_waypoint_msgs/lib/libbot_waypoint_msgs__rosidl_typesupport_fastrtps_c.so" to ""
[3.496s] -- Up-to-date: /home/vboxuser/github/semester_1/programming/enpm702_group3/rwa5_3/rwa5_ws/install/bot_waypoint_msgs/include/bot_waypoint_msgs/bot_waypoint_msgs
[3.496s] -- Up-to-date: /home/vboxuser/github/semester_1/programming/enpm702_group3/rwa5_3/rwa5_ws/install/bot_waypoint_msgs/include/bot_waypoint_msgs/bot_waypoint_msgs/msg
[3.496s] -- Installing: /home/vboxuser/github/semester_1/programming/enpm702_group3/rwa5_3/rwa5_ws/install/bot_waypoint_msgs/include/bot_waypoint_msgs/bot_waypoint_msgs/msg/bot_waypoint.hpp
[3.496s] -- Up-to-date: /home/vboxuser/github/semester_1/programming/enpm702_group3/rwa5_3/rwa5_ws/install/bot_waypoint_msgs/include/bot_waypoint_msgs/bot_waypoint_msgs/msg/detail
[3.496s] -- Installing: /home/vboxuser/github/semester_1/programming/enpm702_group3/rwa5_3/rwa5_ws/install/bot_waypoint_msgs/include/bot_waypoint_msgs/bot_waypoint_msgs/msg/detail/bot_waypoint__struct.hpp
[3.496s] -- Installing: /home/vboxuser/github/semester_1/programming/enpm702_group3/rwa5_3/rwa5_ws/install/bot_waypoint_msgs/include/bot_waypoint_msgs/bot_waypoint_msgs/msg/detail/bot_waypoint__traits.hpp
[3.496s] -- Installing: /home/vboxuser/github/semester_1/programming/enpm702_group3/rwa5_3/rwa5_ws/install/bot_waypoint_msgs/include/bot_waypoint_msgs/bot_waypoint_msgs/msg/detail/bot_waypoint__builder.hpp
[3.496s] -- Up-to-date: /home/vboxuser/github/semester_1/programming/enpm702_group3/rwa5_3/rwa5_ws/install/bot_waypoint_msgs/include/bot_waypoint_msgs/bot_waypoint_msgs
[3.496s] -- Up-to-date: /home/vboxuser/github/semester_1/programming/enpm702_group3/rwa5_3/rwa5_ws/install/bot_waypoint_msgs/include/bot_waypoint_msgs/bot_waypoint_msgs/msg
[3.496s] -- Installing: /home/vboxuser/github/semester_1/programming/enpm702_group3/rwa5_3/rwa5_ws/install/bot_waypoint_msgs/include/bot_waypoint_msgs/bot_waypoint_msgs/msg/rosidl_typesupport_fastrtps_cpp__visibility_control.h
[3.496s] -- Up-to-date: /home/vboxuser/github/semester_1/programming/enpm702_group3/rwa5_3/rwa5_ws/install/bot_waypoint_msgs/include/bot_waypoint_msgs/bot_waypoint_msgs/msg/detail
[3.497s] -- Installing: /home/vboxuser/github/semester_1/programming/enpm702_group3/rwa5_3/rwa5_ws/install/bot_waypoint_msgs/include/bot_waypoint_msgs/bot_waypoint_msgs/msg/detail/dds_fastrtps
[3.497s] -- Installing: /home/vboxuser/github/semester_1/programming/enpm702_group3/rwa5_3/rwa5_ws/install/bot_waypoint_msgs/include/bot_waypoint_msgs/bot_waypoint_msgs/msg/detail/bot_waypoint__rosidl_typesupport_fastrtps_cpp.hpp
[3.497s] -- Installing: /home/vboxuser/github/semester_1/programming/enpm702_group3/rwa5_3/rwa5_ws/install/bot_waypoint_msgs/lib/libbot_waypoint_msgs__rosidl_typesupport_fastrtps_cpp.so
[3.498s] -- Set runtime path of "/home/vboxuser/github/semester_1/programming/enpm702_group3/rwa5_3/rwa5_ws/install/bot_waypoint_msgs/lib/libbot_waypoint_msgs__rosidl_typesupport_fastrtps_cpp.so" to ""
[3.498s] -- Up-to-date: /home/vboxuser/github/semester_1/programming/enpm702_group3/rwa5_3/rwa5_ws/install/bot_waypoint_msgs/include/bot_waypoint_msgs/bot_waypoint_msgs
[3.498s] -- Up-to-date: /home/vboxuser/github/semester_1/programming/enpm702_group3/rwa5_3/rwa5_ws/install/bot_waypoint_msgs/include/bot_waypoint_msgs/bot_waypoint_msgs/msg
[3.498s] -- Installing: /home/vboxuser/github/semester_1/programming/enpm702_group3/rwa5_3/rwa5_ws/install/bot_waypoint_msgs/include/bot_waypoint_msgs/bot_waypoint_msgs/msg/rosidl_typesupport_introspection_c__visibility_control.h
[3.498s] -- Up-to-date: /home/vboxuser/github/semester_1/programming/enpm702_group3/rwa5_3/rwa5_ws/install/bot_waypoint_msgs/include/bot_waypoint_msgs/bot_waypoint_msgs/msg/detail
[3.498s] -- Installing: /home/vboxuser/github/semester_1/programming/enpm702_group3/rwa5_3/rwa5_ws/install/bot_waypoint_msgs/include/bot_waypoint_msgs/bot_waypoint_msgs/msg/detail/bot_waypoint__rosidl_typesupport_introspection_c.h
[3.498s] -- Installing: /home/vboxuser/github/semester_1/programming/enpm702_group3/rwa5_3/rwa5_ws/install/bot_waypoint_msgs/include/bot_waypoint_msgs/bot_waypoint_msgs/msg/detail/bot_waypoint__type_support.c
[3.498s] -- Installing: /home/vboxuser/github/semester_1/programming/enpm702_group3/rwa5_3/rwa5_ws/install/bot_waypoint_msgs/lib/libbot_waypoint_msgs__rosidl_typesupport_introspection_c.so
[3.498s] -- Set runtime path of "/home/vboxuser/github/semester_1/programming/enpm702_group3/rwa5_3/rwa5_ws/install/bot_waypoint_msgs/lib/libbot_waypoint_msgs__rosidl_typesupport_introspection_c.so" to ""
[3.498s] -- Installing: /home/vboxuser/github/semester_1/programming/enpm702_group3/rwa5_3/rwa5_ws/install/bot_waypoint_msgs/lib/libbot_waypoint_msgs__rosidl_typesupport_c.so
[3.498s] -- Set runtime path of "/home/vboxuser/github/semester_1/programming/enpm702_group3/rwa5_3/rwa5_ws/install/bot_waypoint_msgs/lib/libbot_waypoint_msgs__rosidl_typesupport_c.so" to ""
[3.498s] -- Up-to-date: /home/vboxuser/github/semester_1/programming/enpm702_group3/rwa5_3/rwa5_ws/install/bot_waypoint_msgs/include/bot_waypoint_msgs/bot_waypoint_msgs
[3.498s] -- Up-to-date: /home/vboxuser/github/semester_1/programming/enpm702_group3/rwa5_3/rwa5_ws/install/bot_waypoint_msgs/include/bot_waypoint_msgs/bot_waypoint_msgs/msg
[3.498s] -- Up-to-date: /home/vboxuser/github/semester_1/programming/enpm702_group3/rwa5_3/rwa5_ws/install/bot_waypoint_msgs/include/bot_waypoint_msgs/bot_waypoint_msgs/msg/detail
[3.506s] -- Installing: /home/vboxuser/github/semester_1/programming/enpm702_group3/rwa5_3/rwa5_ws/install/bot_waypoint_msgs/include/bot_waypoint_msgs/bot_waypoint_msgs/msg/detail/bot_waypoint__rosidl_typesupport_introspection_cpp.hpp
[3.507s] -- Installing: /home/vboxuser/github/semester_1/programming/enpm702_group3/rwa5_3/rwa5_ws/install/bot_waypoint_msgs/include/bot_waypoint_msgs/bot_waypoint_msgs/msg/detail/bot_waypoint__type_support.cpp
[3.507s] -- Installing: /home/vboxuser/github/semester_1/programming/enpm702_group3/rwa5_3/rwa5_ws/install/bot_waypoint_msgs/lib/libbot_waypoint_msgs__rosidl_typesupport_introspection_cpp.so
[3.507s] -- Set runtime path of "/home/vboxuser/github/semester_1/programming/enpm702_group3/rwa5_3/rwa5_ws/install/bot_waypoint_msgs/lib/libbot_waypoint_msgs__rosidl_typesupport_introspection_cpp.so" to ""
[3.507s] -- Installing: /home/vboxuser/github/semester_1/programming/enpm702_group3/rwa5_3/rwa5_ws/install/bot_waypoint_msgs/lib/libbot_waypoint_msgs__rosidl_typesupport_cpp.so
[3.507s] -- Set runtime path of "/home/vboxuser/github/semester_1/programming/enpm702_group3/rwa5_3/rwa5_ws/install/bot_waypoint_msgs/lib/libbot_waypoint_msgs__rosidl_typesupport_cpp.so" to ""
[3.507s] -- Installing: /home/vboxuser/github/semester_1/programming/enpm702_group3/rwa5_3/rwa5_ws/install/bot_waypoint_msgs/share/bot_waypoint_msgs/environment/pythonpath.sh
[3.508s] -- Installing: /home/vboxuser/github/semester_1/programming/enpm702_group3/rwa5_3/rwa5_ws/install/bot_waypoint_msgs/share/bot_waypoint_msgs/environment/pythonpath.dsv
[3.508s] -- Installing: /home/vboxuser/github/semester_1/programming/enpm702_group3/rwa5_3/rwa5_ws/install/bot_waypoint_msgs/local/lib/python3.10/dist-packages/bot_waypoint_msgs-0.0.0-py3.10.egg-info
[3.508s] -- Installing: /home/vboxuser/github/semester_1/programming/enpm702_group3/rwa5_3/rwa5_ws/install/bot_waypoint_msgs/local/lib/python3.10/dist-packages/bot_waypoint_msgs-0.0.0-py3.10.egg-info/top_level.txt
[3.508s] -- Installing: /home/vboxuser/github/semester_1/programming/enpm702_group3/rwa5_3/rwa5_ws/install/bot_waypoint_msgs/local/lib/python3.10/dist-packages/bot_waypoint_msgs-0.0.0-py3.10.egg-info/PKG-INFO
[3.508s] -- Installing: /home/vboxuser/github/semester_1/programming/enpm702_group3/rwa5_3/rwa5_ws/install/bot_waypoint_msgs/local/lib/python3.10/dist-packages/bot_waypoint_msgs-0.0.0-py3.10.egg-info/dependency_links.txt
[3.509s] -- Installing: /home/vboxuser/github/semester_1/programming/enpm702_group3/rwa5_3/rwa5_ws/install/bot_waypoint_msgs/local/lib/python3.10/dist-packages/bot_waypoint_msgs-0.0.0-py3.10.egg-info/SOURCES.txt
[3.509s] -- Installing: /home/vboxuser/github/semester_1/programming/enpm702_group3/rwa5_3/rwa5_ws/install/bot_waypoint_msgs/local/lib/python3.10/dist-packages/bot_waypoint_msgs
[3.509s] -- Installing: /home/vboxuser/github/semester_1/programming/enpm702_group3/rwa5_3/rwa5_ws/install/bot_waypoint_msgs/local/lib/python3.10/dist-packages/bot_waypoint_msgs/libbot_waypoint_msgs__rosidl_generator_py.so
[3.509s] -- Installing: /home/vboxuser/github/semester_1/programming/enpm702_group3/rwa5_3/rwa5_ws/install/bot_waypoint_msgs/local/lib/python3.10/dist-packages/bot_waypoint_msgs/bot_waypoint_msgs_s__rosidl_typesupport_introspection_c.cpython-310-x86_64-linux-gnu.so
[3.509s] -- Installing: /home/vboxuser/github/semester_1/programming/enpm702_group3/rwa5_3/rwa5_ws/install/bot_waypoint_msgs/local/lib/python3.10/dist-packages/bot_waypoint_msgs/_bot_waypoint_msgs_s.ep.rosidl_typesupport_c.c
[3.509s] -- Installing: /home/vboxuser/github/semester_1/programming/enpm702_group3/rwa5_3/rwa5_ws/install/bot_waypoint_msgs/local/lib/python3.10/dist-packages/bot_waypoint_msgs/bot_waypoint_msgs_s__rosidl_typesupport_c.cpython-310-x86_64-linux-gnu.so
[3.509s] -- Installing: /home/vboxuser/github/semester_1/programming/enpm702_group3/rwa5_3/rwa5_ws/install/bot_waypoint_msgs/local/lib/python3.10/dist-packages/bot_waypoint_msgs/msg
[3.509s] -- Installing: /home/vboxuser/github/semester_1/programming/enpm702_group3/rwa5_3/rwa5_ws/install/bot_waypoint_msgs/local/lib/python3.10/dist-packages/bot_waypoint_msgs/msg/_bot_waypoint_s.c
[3.510s] -- Installing: /home/vboxuser/github/semester_1/programming/enpm702_group3/rwa5_3/rwa5_ws/install/bot_waypoint_msgs/local/lib/python3.10/dist-packages/bot_waypoint_msgs/msg/_bot_waypoint.py
[3.510s] -- Installing: /home/vboxuser/github/semester_1/programming/enpm702_group3/rwa5_3/rwa5_ws/install/bot_waypoint_msgs/local/lib/python3.10/dist-packages/bot_waypoint_msgs/msg/__init__.py
[3.510s] -- Installing: /home/vboxuser/github/semester_1/programming/enpm702_group3/rwa5_3/rwa5_ws/install/bot_waypoint_msgs/local/lib/python3.10/dist-packages/bot_waypoint_msgs/bot_waypoint_msgs_s__rosidl_typesupport_fastrtps_c.cpython-310-x86_64-linux-gnu.so
[3.510s] -- Installing: /home/vboxuser/github/semester_1/programming/enpm702_group3/rwa5_3/rwa5_ws/install/bot_waypoint_msgs/local/lib/python3.10/dist-packages/bot_waypoint_msgs/_bot_waypoint_msgs_s.ep.rosidl_typesupport_introspection_c.c
[3.510s] -- Installing: /home/vboxuser/github/semester_1/programming/enpm702_group3/rwa5_3/rwa5_ws/install/bot_waypoint_msgs/local/lib/python3.10/dist-packages/bot_waypoint_msgs/_bot_waypoint_msgs_s.ep.rosidl_typesupport_fastrtps_c.c
[3.510s] -- Installing: /home/vboxuser/github/semester_1/programming/enpm702_group3/rwa5_3/rwa5_ws/install/bot_waypoint_msgs/local/lib/python3.10/dist-packages/bot_waypoint_msgs/__init__.py
[3.532s] Listing '/home/vboxuser/github/semester_1/programming/enpm702_group3/rwa5_3/rwa5_ws/install/bot_waypoint_msgs/local/lib/python3.10/dist-packages/bot_waypoint_msgs'...
[3.532s] Compiling '/home/vboxuser/github/semester_1/programming/enpm702_group3/rwa5_3/rwa5_ws/install/bot_waypoint_msgs/local/lib/python3.10/dist-packages/bot_waypoint_msgs/__init__.py'...
[3.532s] Listing '/home/vboxuser/github/semester_1/programming/enpm702_group3/rwa5_3/rwa5_ws/install/bot_waypoint_msgs/local/lib/python3.10/dist-packages/bot_waypoint_msgs/msg'...
[3.532s] Compiling '/home/vboxuser/github/semester_1/programming/enpm702_group3/rwa5_3/rwa5_ws/install/bot_waypoint_msgs/local/lib/python3.10/dist-packages/bot_waypoint_msgs/msg/__init__.py'...
[3.532s] Compiling '/home/vboxuser/github/semester_1/programming/enpm702_group3/rwa5_3/rwa5_ws/install/bot_waypoint_msgs/local/lib/python3.10/dist-packages/bot_waypoint_msgs/msg/_bot_waypoint.py'...
[3.536s] -- Installing: /home/vboxuser/github/semester_1/programming/enpm702_group3/rwa5_3/rwa5_ws/install/bot_waypoint_msgs/local/lib/python3.10/dist-packages/bot_waypoint_msgs/bot_waypoint_msgs_s__rosidl_typesupport_fastrtps_c.cpython-310-x86_64-linux-gnu.so
[3.536s] -- Set runtime path of "/home/vboxuser/github/semester_1/programming/enpm702_group3/rwa5_3/rwa5_ws/install/bot_waypoint_msgs/local/lib/python3.10/dist-packages/bot_waypoint_msgs/bot_waypoint_msgs_s__rosidl_typesupport_fastrtps_c.cpython-310-x86_64-linux-gnu.so" to ""
[3.536s] -- Installing: /home/vboxuser/github/semester_1/programming/enpm702_group3/rwa5_3/rwa5_ws/install/bot_waypoint_msgs/local/lib/python3.10/dist-packages/bot_waypoint_msgs/bot_waypoint_msgs_s__rosidl_typesupport_introspection_c.cpython-310-x86_64-linux-gnu.so
[3.537s] -- Set runtime path of "/home/vboxuser/github/semester_1/programming/enpm702_group3/rwa5_3/rwa5_ws/install/bot_waypoint_msgs/local/lib/python3.10/dist-packages/bot_waypoint_msgs/bot_waypoint_msgs_s__rosidl_typesupport_introspection_c.cpython-310-x86_64-linux-gnu.so" to ""
[3.537s] -- Installing: /home/vboxuser/github/semester_1/programming/enpm702_group3/rwa5_3/rwa5_ws/install/bot_waypoint_msgs/local/lib/python3.10/dist-packages/bot_waypoint_msgs/bot_waypoint_msgs_s__rosidl_typesupport_c.cpython-310-x86_64-linux-gnu.so
[3.542s] -- Set runtime path of "/home/vboxuser/github/semester_1/programming/enpm702_group3/rwa5_3/rwa5_ws/install/bot_waypoint_msgs/local/lib/python3.10/dist-packages/bot_waypoint_msgs/bot_waypoint_msgs_s__rosidl_typesupport_c.cpython-310-x86_64-linux-gnu.so" to ""
[3.542s] -- Installing: /home/vboxuser/github/semester_1/programming/enpm702_group3/rwa5_3/rwa5_ws/install/bot_waypoint_msgs/lib/libbot_waypoint_msgs__rosidl_generator_py.so
[3.542s] -- Set runtime path of "/home/vboxuser/github/semester_1/programming/enpm702_group3/rwa5_3/rwa5_ws/install/bot_waypoint_msgs/lib/libbot_waypoint_msgs__rosidl_generator_py.so" to ""
[3.542s] -- Installing: /home/vboxuser/github/semester_1/programming/enpm702_group3/rwa5_3/rwa5_ws/install/bot_waypoint_msgs/share/bot_waypoint_msgs/msg/BotWaypoint.idl
[3.542s] -- Installing: /home/vboxuser/github/semester_1/programming/enpm702_group3/rwa5_3/rwa5_ws/install/bot_waypoint_msgs/share/bot_waypoint_msgs/msg/BotWaypoint.msg
[3.542s] -- Installing: /home/vboxuser/github/semester_1/programming/enpm702_group3/rwa5_3/rwa5_ws/install/bot_waypoint_msgs/share/ament_index/resource_index/package_run_dependencies/bot_waypoint_msgs
[3.542s] -- Installing: /home/vboxuser/github/semester_1/programming/enpm702_group3/rwa5_3/rwa5_ws/install/bot_waypoint_msgs/share/ament_index/resource_index/parent_prefix_path/bot_waypoint_msgs
[3.542s] -- Up-to-date: /home/vboxuser/github/semester_1/programming/enpm702_group3/rwa5_3/rwa5_ws/install/bot_waypoint_msgs/share/bot_waypoint_msgs/environment/ament_prefix_path.sh
[3.542s] -- Installing: /home/vboxuser/github/semester_1/programming/enpm702_group3/rwa5_3/rwa5_ws/install/bot_waypoint_msgs/share/bot_waypoint_msgs/environment/ament_prefix_path.dsv
[3.542s] -- Up-to-date: /home/vboxuser/github/semester_1/programming/enpm702_group3/rwa5_3/rwa5_ws/install/bot_waypoint_msgs/share/bot_waypoint_msgs/environment/path.sh
[3.542s] -- Installing: /home/vboxuser/github/semester_1/programming/enpm702_group3/rwa5_3/rwa5_ws/install/bot_waypoint_msgs/share/bot_waypoint_msgs/environment/path.dsv
[3.542s] -- Up-to-date: /home/vboxuser/github/semester_1/programming/enpm702_group3/rwa5_3/rwa5_ws/install/bot_waypoint_msgs/share/bot_waypoint_msgs/local_setup.bash
[3.542s] -- Installing: /home/vboxuser/github/semester_1/programming/enpm702_group3/rwa5_3/rwa5_ws/install/bot_waypoint_msgs/share/bot_waypoint_msgs/local_setup.sh
[3.542s] -- Up-to-date: /home/vboxuser/github/semester_1/programming/enpm702_group3/rwa5_3/rwa5_ws/install/bot_waypoint_msgs/share/bot_waypoint_msgs/local_setup.zsh
[3.542s] -- Installing: /home/vboxuser/github/semester_1/programming/enpm702_group3/rwa5_3/rwa5_ws/install/bot_waypoint_msgs/share/bot_waypoint_msgs/local_setup.dsv
[3.542s] -- Installing: /home/vboxuser/github/semester_1/programming/enpm702_group3/rwa5_3/rwa5_ws/install/bot_waypoint_msgs/share/bot_waypoint_msgs/package.dsv
[3.542s] -- Up-to-date: /home/vboxuser/github/semester_1/programming/enpm702_group3/rwa5_3/rwa5_ws/install/bot_waypoint_msgs/share/ament_index/resource_index/packages/bot_waypoint_msgs
[3.542s] -- Installing: /home/vboxuser/github/semester_1/programming/enpm702_group3/rwa5_3/rwa5_ws/install/bot_waypoint_msgs/share/bot_waypoint_msgs/cmake/export_bot_waypoint_msgs__rosidl_generator_cExport.cmake
[3.542s] -- Installing: /home/vboxuser/github/semester_1/programming/enpm702_group3/rwa5_3/rwa5_ws/install/bot_waypoint_msgs/share/bot_waypoint_msgs/cmake/export_bot_waypoint_msgs__rosidl_generator_cExport-noconfig.cmake
[3.542s] -- Installing: /home/vboxuser/github/semester_1/programming/enpm702_group3/rwa5_3/rwa5_ws/install/bot_waypoint_msgs/share/bot_waypoint_msgs/cmake/export_bot_waypoint_msgs__rosidl_typesupport_fastrtps_cExport.cmake
[3.542s] -- Installing: /home/vboxuser/github/semester_1/programming/enpm702_group3/rwa5_3/rwa5_ws/install/bot_waypoint_msgs/share/bot_waypoint_msgs/cmake/export_bot_waypoint_msgs__rosidl_typesupport_fastrtps_cExport-noconfig.cmake
[3.542s] -- Installing: /home/vboxuser/github/semester_1/programming/enpm702_group3/rwa5_3/rwa5_ws/install/bot_waypoint_msgs/share/bot_waypoint_msgs/cmake/export_bot_waypoint_msgs__rosidl_generator_cppExport.cmake
[3.542s] -- Installing: /home/vboxuser/github/semester_1/programming/enpm702_group3/rwa5_3/rwa5_ws/install/bot_waypoint_msgs/share/bot_waypoint_msgs/cmake/export_bot_waypoint_msgs__rosidl_typesupport_fastrtps_cppExport.cmake
[3.542s] -- Installing: /home/vboxuser/github/semester_1/programming/enpm702_group3/rwa5_3/rwa5_ws/install/bot_waypoint_msgs/share/bot_waypoint_msgs/cmake/export_bot_waypoint_msgs__rosidl_typesupport_fastrtps_cppExport-noconfig.cmake
[3.542s] -- Installing: /home/vboxuser/github/semester_1/programming/enpm702_group3/rwa5_3/rwa5_ws/install/bot_waypoint_msgs/share/bot_waypoint_msgs/cmake/bot_waypoint_msgs__rosidl_typesupport_introspection_cExport.cmake
[3.542s] -- Installing: /home/vboxuser/github/semester_1/programming/enpm702_group3/rwa5_3/rwa5_ws/install/bot_waypoint_msgs/share/bot_waypoint_msgs/cmake/bot_waypoint_msgs__rosidl_typesupport_introspection_cExport-noconfig.cmake
[3.542s] -- Installing: /home/vboxuser/github/semester_1/programming/enpm702_group3/rwa5_3/rwa5_ws/install/bot_waypoint_msgs/share/bot_waypoint_msgs/cmake/bot_waypoint_msgs__rosidl_typesupport_cExport.cmake
[3.542s] -- Installing: /home/vboxuser/github/semester_1/programming/enpm702_group3/rwa5_3/rwa5_ws/install/bot_waypoint_msgs/share/bot_waypoint_msgs/cmake/bot_waypoint_msgs__rosidl_typesupport_cExport-noconfig.cmake
[3.542s] -- Installing: /home/vboxuser/github/semester_1/programming/enpm702_group3/rwa5_3/rwa5_ws/install/bot_waypoint_msgs/share/bot_waypoint_msgs/cmake/bot_waypoint_msgs__rosidl_typesupport_introspection_cppExport.cmake
[3.542s] -- Installing: /home/vboxuser/github/semester_1/programming/enpm702_group3/rwa5_3/rwa5_ws/install/bot_waypoint_msgs/share/bot_waypoint_msgs/cmake/bot_waypoint_msgs__rosidl_typesupport_introspection_cppExport-noconfig.cmake
[3.542s] -- Installing: /home/vboxuser/github/semester_1/programming/enpm702_group3/rwa5_3/rwa5_ws/install/bot_waypoint_msgs/share/bot_waypoint_msgs/cmake/bot_waypoint_msgs__rosidl_typesupport_cppExport.cmake
[3.542s] -- Installing: /home/vboxuser/github/semester_1/programming/enpm702_group3/rwa5_3/rwa5_ws/install/bot_waypoint_msgs/share/bot_waypoint_msgs/cmake/bot_waypoint_msgs__rosidl_typesupport_cppExport-noconfig.cmake
[3.543s] -- Installing: /home/vboxuser/github/semester_1/programming/enpm702_group3/rwa5_3/rwa5_ws/install/bot_waypoint_msgs/share/bot_waypoint_msgs/cmake/export_bot_waypoint_msgs__rosidl_generator_pyExport.cmake
[3.543s] -- Installing: /home/vboxuser/github/semester_1/programming/enpm702_group3/rwa5_3/rwa5_ws/install/bot_waypoint_msgs/share/bot_waypoint_msgs/cmake/export_bot_waypoint_msgs__rosidl_generator_pyExport-noconfig.cmake
[3.543s] -- Installing: /home/vboxuser/github/semester_1/programming/enpm702_group3/rwa5_3/rwa5_ws/install/bot_waypoint_msgs/share/bot_waypoint_msgs/cmake/rosidl_cmake-extras.cmake
[3.543s] -- Installing: /home/vboxuser/github/semester_1/programming/enpm702_group3/rwa5_3/rwa5_ws/install/bot_waypoint_msgs/share/bot_waypoint_msgs/cmake/ament_cmake_export_dependencies-extras.cmake
[3.543s] -- Installing: /home/vboxuser/github/semester_1/programming/enpm702_group3/rwa5_3/rwa5_ws/install/bot_waypoint_msgs/share/bot_waypoint_msgs/cmake/ament_cmake_export_include_directories-extras.cmake
[3.543s] -- Installing: /home/vboxuser/github/semester_1/programming/enpm702_group3/rwa5_3/rwa5_ws/install/bot_waypoint_msgs/share/bot_waypoint_msgs/cmake/ament_cmake_export_libraries-extras.cmake
[3.543s] -- Installing: /home/vboxuser/github/semester_1/programming/enpm702_group3/rwa5_3/rwa5_ws/install/bot_waypoint_msgs/share/bot_waypoint_msgs/cmake/ament_cmake_export_targets-extras.cmake
[3.543s] -- Installing: /home/vboxuser/github/semester_1/programming/enpm702_group3/rwa5_3/rwa5_ws/install/bot_waypoint_msgs/share/bot_waypoint_msgs/cmake/rosidl_cmake_export_typesupport_targets-extras.cmake
[3.543s] -- Installing: /home/vboxuser/github/semester_1/programming/enpm702_group3/rwa5_3/rwa5_ws/install/bot_waypoint_msgs/share/bot_waypoint_msgs/cmake/rosidl_cmake_export_typesupport_libraries-extras.cmake
[3.543s] -- Installing: /home/vboxuser/github/semester_1/programming/enpm702_group3/rwa5_3/rwa5_ws/install/bot_waypoint_msgs/share/bot_waypoint_msgs/cmake/bot_waypoint_msgsConfig.cmake
[3.543s] -- Up-to-date: /home/vboxuser/github/semester_1/programming/enpm702_group3/rwa5_3/rwa5_ws/install/bot_waypoint_msgs/share/bot_waypoint_msgs/cmake/bot_waypoint_msgsConfig-version.cmake
[3.543s] -- Installing: /home/vboxuser/github/semester_1/programming/enpm702_group3/rwa5_3/rwa5_ws/install/bot_waypoint_msgs/share/bot_waypoint_msgs/package.xml
[3.553s] Invoked command in '/home/vboxuser/github/semester_1/programming/enpm702_group3/rwa5_3/rwa5_ws/build/bot_waypoint_msgs' returned '0': CMAKE_PREFIX_PATH=${CMAKE_PREFIX_PATH}:/home/vboxuser/ros2_ws2/install/turtlebot3_teleop:/home/vboxuser/ros2_ws2/install/turtlebot3_example:/opt/ros/humble /usr/bin/cmake --install /home/vboxuser/github/semester_1/programming/enpm702_group3/rwa5_3/rwa5_ws/build/bot_waypoint_msgs
