[0.026s] Invoking command in '/home/vboxuser/github/semester_1/programming/enpm702_group3/rwa5_3/rwa5_ws/build/group3_rwa5': CMAKE_PREFIX_PATH=${CMAKE_PREFIX_PATH}:/home/vboxuser/ros2_ws2/install/turtlebot3_teleop:/home/vboxuser/ros2_ws2/install/turtlebot3_example:/opt/ros/humble /usr/bin/cmake --build /home/vboxuser/github/semester_1/programming/enpm702_group3/rwa5_3/rwa5_ws/build/group3_rwa5 -- -j4 -l4
[0.066s] -- Found ament_cmake: 1.3.10 (/opt/ros/humble/share/ament_cmake/cmake)
[0.218s] -- Found rclcpp: 16.0.10 (/opt/ros/humble/share/rclcpp/cmake)
[0.296s] -- Found rosidl_generator_c: 3.1.5 (/opt/ros/humble/share/rosidl_generator_c/cmake)
[0.301s] -- Found rosidl_adapter: 3.1.5 (/opt/ros/humble/share/rosidl_adapter/cmake)
[0.314s] -- Found rosidl_generator_cpp: 3.1.5 (/opt/ros/humble/share/rosidl_generator_cpp/cmake)
[0.335s] -- Using all available rosidl_typesupport_c: rosidl_typesupport_fastrtps_c;rosidl_typesupport_introspection_c
[0.359s] -- Using all available rosidl_typesupport_cpp: rosidl_typesupport_fastrtps_cpp;rosidl_typesupport_introspection_cpp
[0.423s] -- Found rmw_implementation_cmake: 6.1.2 (/opt/ros/humble/share/rmw_implementation_cmake/cmake)
[0.427s] -- Found rmw_fastrtps_cpp: 6.2.7 (/opt/ros/humble/share/rmw_fastrtps_cpp/cmake)
[0.549s] -- Using RMW implementation 'rmw_fastrtps_cpp' as default
[0.641s] -- Found geometry_msgs: 4.2.4 (/opt/ros/humble/share/geometry_msgs/cmake)
[0.660s] [31mCMake Error at CMakeLists.txt:12 (find_package):
[0.660s]   By not providing "Findbot_waypoint_msgs.cmake" in CMAKE_MODULE_PATH this
[0.660s]   project has asked CMake to find a package configuration file provided by
[0.660s]   "bot_waypoint_msgs", but CMake did not find one.
[0.660s] 
[0.660s]   Could not find a package configuration file provided by "bot_waypoint_msgs"
[0.661s]   with any of the following names:
[0.661s] 
[0.661s]     bot_waypoint_msgsConfig.cmake
[0.661s]     bot_waypoint_msgs-config.cmake
[0.661s] 
[0.661s]   Add the installation prefix of "bot_waypoint_msgs" to CMAKE_PREFIX_PATH or
[0.661s]   set "bot_waypoint_msgs_DIR" to a directory containing one of the above
[0.661s]   files.  If "bot_waypoint_msgs" provides a separate development package or
[0.661s]   SDK, be sure it has been installed.
[0.661s] 
[0.661s] [0m
[0.661s] -- Configuring incomplete, errors occurred!
[0.661s] See also "/home/vboxuser/github/semester_1/programming/enpm702_group3/rwa5_3/rwa5_ws/build/group3_rwa5/CMakeFiles/CMakeOutput.log".
[0.666s] gmake: *** [Makefile:226: cmake_check_build_system] Error 1
[0.670s] Invoked command in '/home/vboxuser/github/semester_1/programming/enpm702_group3/rwa5_3/rwa5_ws/build/group3_rwa5' returned '2': CMAKE_PREFIX_PATH=${CMAKE_PREFIX_PATH}:/home/vboxuser/ros2_ws2/install/turtlebot3_teleop:/home/vboxuser/ros2_ws2/install/turtlebot3_example:/opt/ros/humble /usr/bin/cmake --build /home/vboxuser/github/semester_1/programming/enpm702_group3/rwa5_3/rwa5_ws/build/group3_rwa5 -- -j4 -l4
