[0.236s] DEBUG:colcon:Command line arguments: ['/usr/bin/colcon', 'list', '-p', '--base-paths', '/home/vboxuser/github/semester_1/programming/enpm702_group3/rwa5_3/rwa5_ws']
[0.236s] DEBUG:colcon:Parsed command line arguments: Namespace(log_base=None, log_level=None, verb_name='list', build_base='build', ignore_user_meta=False, metas=['./colcon.meta'], base_paths=['/home/vboxuser/github/semester_1/programming/enpm702_group3/rwa5_3/rwa5_ws'], packages_ignore=None, packages_ignore_regex=None, paths=None, packages_up_to=None, packages_up_to_regex=None, packages_above=None, packages_above_and_dependencies=None, packages_above_depth=None, packages_select_by_dep=None, packages_skip_by_dep=None, packages_skip_up_to=None, packages_select_build_failed=False, packages_skip_build_finished=False, packages_select_test_failures=False, packages_skip_test_passed=False, packages_select=None, packages_skip=None, packages_select_regex=None, packages_skip_regex=None, packages_start=None, packages_end=None, allow_overriding=[], topological_order=False, names_only=False, paths_only=True, topological_graph=False, topological_graph_dot=False, topological_graph_density=False, topological_graph_legend=False, topological_graph_dot_cluster=False, topological_graph_dot_include_skipped=False, verb_parser=<colcon_defaults.argument_parser.defaults.DefaultArgumentsDecorator object at 0x7bb7592579d0>, verb_extension=<colcon_package_information.verb.list.ListVerb object at 0x7bb7592568c0>, main=<bound method ListVerb.main of <colcon_package_information.verb.list.ListVerb object at 0x7bb7592568c0>>)
[1.213s] Level 1:colcon.colcon_core.package_discovery:discover_packages(colcon_meta) check parameters
[1.252s] Level 1:colcon.colcon_core.package_discovery:discover_packages(recursive) check parameters
[1.252s] Level 1:colcon.colcon_core.package_discovery:discover_packages(ignore) check parameters
[1.252s] Level 1:colcon.colcon_core.package_discovery:discover_packages(path) check parameters
[1.252s] Level 1:colcon.colcon_core.package_discovery:discover_packages(recursive) discover
[1.253s] INFO:colcon.colcon_core.package_discovery:Crawling recursively for packages in '/home/vboxuser/github/semester_1/programming/enpm702_group3/rwa5_3/rwa5_ws'
[1.253s] Level 1:colcon.colcon_core.package_identification:_identify(/home/vboxuser/github/semester_1/programming/enpm702_group3/rwa5_3/rwa5_ws) by extensions ['ignore', 'ignore_ament_install']
[1.254s] Level 1:colcon.colcon_core.package_identification:_identify(/home/vboxuser/github/semester_1/programming/enpm702_group3/rwa5_3/rwa5_ws) by extension 'ignore'
[1.255s] Level 1:colcon.colcon_core.package_identification:_identify(/home/vboxuser/github/semester_1/programming/enpm702_group3/rwa5_3/rwa5_ws) by extension 'ignore_ament_install'
[1.260s] Level 1:colcon.colcon_core.package_identification:_identify(/home/vboxuser/github/semester_1/programming/enpm702_group3/rwa5_3/rwa5_ws) by extensions ['colcon_pkg']
[1.261s] Level 1:colcon.colcon_core.package_identification:_identify(/home/vboxuser/github/semester_1/programming/enpm702_group3/rwa5_3/rwa5_ws) by extension 'colcon_pkg'
[1.261s] Level 1:colcon.colcon_core.package_identification:_identify(/home/vboxuser/github/semester_1/programming/enpm702_group3/rwa5_3/rwa5_ws) by extensions ['colcon_meta']
[1.262s] Level 1:colcon.colcon_core.package_identification:_identify(/home/vboxuser/github/semester_1/programming/enpm702_group3/rwa5_3/rwa5_ws) by extension 'colcon_meta'
[1.262s] Level 1:colcon.colcon_core.package_identification:_identify(/home/vboxuser/github/semester_1/programming/enpm702_group3/rwa5_3/rwa5_ws) by extensions ['ros']
[1.262s] Level 1:colcon.colcon_core.package_identification:_identify(/home/vboxuser/github/semester_1/programming/enpm702_group3/rwa5_3/rwa5_ws) by extension 'ros'
[1.301s] Level 1:colcon.colcon_core.package_identification:_identify(/home/vboxuser/github/semester_1/programming/enpm702_group3/rwa5_3/rwa5_ws) by extensions ['cmake', 'python']
[1.306s] Level 1:colcon.colcon_core.package_identification:_identify(/home/vboxuser/github/semester_1/programming/enpm702_group3/rwa5_3/rwa5_ws) by extension 'cmake'
[1.306s] Level 1:colcon.colcon_core.package_identification:_identify(/home/vboxuser/github/semester_1/programming/enpm702_group3/rwa5_3/rwa5_ws) by extension 'python'
[1.306s] Level 1:colcon.colcon_core.package_identification:_identify(/home/vboxuser/github/semester_1/programming/enpm702_group3/rwa5_3/rwa5_ws) by extensions ['python_setup_py']
[1.306s] Level 1:colcon.colcon_core.package_identification:_identify(/home/vboxuser/github/semester_1/programming/enpm702_group3/rwa5_3/rwa5_ws) by extension 'python_setup_py'
[1.332s] Level 1:colcon.colcon_core.package_identification:_identify(/home/vboxuser/github/semester_1/programming/enpm702_group3/rwa5_3/rwa5_ws/build) by extensions ['ignore', 'ignore_ament_install']
[1.332s] Level 1:colcon.colcon_core.package_identification:_identify(/home/vboxuser/github/semester_1/programming/enpm702_group3/rwa5_3/rwa5_ws/build) by extension 'ignore'
[1.334s] Level 1:colcon.colcon_core.package_identification:_identify(/home/vboxuser/github/semester_1/programming/enpm702_group3/rwa5_3/rwa5_ws/build) ignored
[1.359s] Level 1:colcon.colcon_core.package_identification:_identify(/home/vboxuser/github/semester_1/programming/enpm702_group3/rwa5_3/rwa5_ws/install) by extensions ['ignore', 'ignore_ament_install']
[1.360s] Level 1:colcon.colcon_core.package_identification:_identify(/home/vboxuser/github/semester_1/programming/enpm702_group3/rwa5_3/rwa5_ws/install) by extension 'ignore'
[1.360s] Level 1:colcon.colcon_core.package_identification:_identify(/home/vboxuser/github/semester_1/programming/enpm702_group3/rwa5_3/rwa5_ws/install) ignored
[1.372s] Level 1:colcon.colcon_core.package_identification:_identify(/home/vboxuser/github/semester_1/programming/enpm702_group3/rwa5_3/rwa5_ws/log) by extensions ['ignore', 'ignore_ament_install']
[1.392s] Level 1:colcon.colcon_core.package_identification:_identify(/home/vboxuser/github/semester_1/programming/enpm702_group3/rwa5_3/rwa5_ws/log) by extension 'ignore'
[1.445s] Level 1:colcon.colcon_core.package_identification:_identify(/home/vboxuser/github/semester_1/programming/enpm702_group3/rwa5_3/rwa5_ws/log) ignored
[1.450s] Level 1:colcon.colcon_core.package_identification:_identify(/home/vboxuser/github/semester_1/programming/enpm702_group3/rwa5_3/rwa5_ws/src) by extensions ['ignore', 'ignore_ament_install']
[1.451s] Level 1:colcon.colcon_core.package_identification:_identify(/home/vboxuser/github/semester_1/programming/enpm702_group3/rwa5_3/rwa5_ws/src) by extension 'ignore'
[1.451s] Level 1:colcon.colcon_core.package_identification:_identify(/home/vboxuser/github/semester_1/programming/enpm702_group3/rwa5_3/rwa5_ws/src) by extension 'ignore_ament_install'
[1.451s] Level 1:colcon.colcon_core.package_identification:_identify(/home/vboxuser/github/semester_1/programming/enpm702_group3/rwa5_3/rwa5_ws/src) by extensions ['colcon_pkg']
[1.451s] Level 1:colcon.colcon_core.package_identification:_identify(/home/vboxuser/github/semester_1/programming/enpm702_group3/rwa5_3/rwa5_ws/src) by extension 'colcon_pkg'
[1.451s] Level 1:colcon.colcon_core.package_identification:_identify(/home/vboxuser/github/semester_1/programming/enpm702_group3/rwa5_3/rwa5_ws/src) by extensions ['colcon_meta']
[1.451s] Level 1:colcon.colcon_core.package_identification:_identify(/home/vboxuser/github/semester_1/programming/enpm702_group3/rwa5_3/rwa5_ws/src) by extension 'colcon_meta'
[1.451s] Level 1:colcon.colcon_core.package_identification:_identify(/home/vboxuser/github/semester_1/programming/enpm702_group3/rwa5_3/rwa5_ws/src) by extensions ['ros']
[1.451s] Level 1:colcon.colcon_core.package_identification:_identify(/home/vboxuser/github/semester_1/programming/enpm702_group3/rwa5_3/rwa5_ws/src) by extension 'ros'
[1.451s] Level 1:colcon.colcon_core.package_identification:_identify(/home/vboxuser/github/semester_1/programming/enpm702_group3/rwa5_3/rwa5_ws/src) by extensions ['cmake', 'python']
[1.451s] Level 1:colcon.colcon_core.package_identification:_identify(/home/vboxuser/github/semester_1/programming/enpm702_group3/rwa5_3/rwa5_ws/src) by extension 'cmake'
[1.451s] Level 1:colcon.colcon_core.package_identification:_identify(/home/vboxuser/github/semester_1/programming/enpm702_group3/rwa5_3/rwa5_ws/src) by extension 'python'
[1.451s] Level 1:colcon.colcon_core.package_identification:_identify(/home/vboxuser/github/semester_1/programming/enpm702_group3/rwa5_3/rwa5_ws/src) by extensions ['python_setup_py']
[1.451s] Level 1:colcon.colcon_core.package_identification:_identify(/home/vboxuser/github/semester_1/programming/enpm702_group3/rwa5_3/rwa5_ws/src) by extension 'python_setup_py'
[1.452s] Level 1:colcon.colcon_core.package_identification:_identify(/home/vboxuser/github/semester_1/programming/enpm702_group3/rwa5_3/rwa5_ws/src/bot_waypoint_msgs) by extensions ['ignore', 'ignore_ament_install']
[1.452s] Level 1:colcon.colcon_core.package_identification:_identify(/home/vboxuser/github/semester_1/programming/enpm702_group3/rwa5_3/rwa5_ws/src/bot_waypoint_msgs) by extension 'ignore'
[1.452s] Level 1:colcon.colcon_core.package_identification:_identify(/home/vboxuser/github/semester_1/programming/enpm702_group3/rwa5_3/rwa5_ws/src/bot_waypoint_msgs) by extension 'ignore_ament_install'
[1.461s] Level 1:colcon.colcon_core.package_identification:_identify(/home/vboxuser/github/semester_1/programming/enpm702_group3/rwa5_3/rwa5_ws/src/bot_waypoint_msgs) by extensions ['colcon_pkg']
[1.471s] Level 1:colcon.colcon_core.package_identification:_identify(/home/vboxuser/github/semester_1/programming/enpm702_group3/rwa5_3/rwa5_ws/src/bot_waypoint_msgs) by extension 'colcon_pkg'
[1.474s] Level 1:colcon.colcon_core.package_identification:_identify(/home/vboxuser/github/semester_1/programming/enpm702_group3/rwa5_3/rwa5_ws/src/bot_waypoint_msgs) by extensions ['colcon_meta']
[1.478s] Level 1:colcon.colcon_core.package_identification:_identify(/home/vboxuser/github/semester_1/programming/enpm702_group3/rwa5_3/rwa5_ws/src/bot_waypoint_msgs) by extension 'colcon_meta'
[1.478s] Level 1:colcon.colcon_core.package_identification:_identify(/home/vboxuser/github/semester_1/programming/enpm702_group3/rwa5_3/rwa5_ws/src/bot_waypoint_msgs) by extensions ['ros']
[1.478s] Level 1:colcon.colcon_core.package_identification:_identify(/home/vboxuser/github/semester_1/programming/enpm702_group3/rwa5_3/rwa5_ws/src/bot_waypoint_msgs) by extension 'ros'
[1.502s] DEBUG:colcon.colcon_core.package_identification:Package '/home/vboxuser/github/semester_1/programming/enpm702_group3/rwa5_3/rwa5_ws/src/bot_waypoint_msgs' with type 'ros.ament_cmake' and name 'bot_waypoint_msgs'
[1.532s] Level 1:colcon.colcon_core.package_identification:_identify(/home/vboxuser/github/semester_1/programming/enpm702_group3/rwa5_3/rwa5_ws/src/group3_rwa5) by extensions ['ignore', 'ignore_ament_install']
[1.537s] Level 1:colcon.colcon_core.package_identification:_identify(/home/vboxuser/github/semester_1/programming/enpm702_group3/rwa5_3/rwa5_ws/src/group3_rwa5) by extension 'ignore'
[1.537s] Level 1:colcon.colcon_core.package_identification:_identify(/home/vboxuser/github/semester_1/programming/enpm702_group3/rwa5_3/rwa5_ws/src/group3_rwa5) by extension 'ignore_ament_install'
[1.538s] Level 1:colcon.colcon_core.package_identification:_identify(/home/vboxuser/github/semester_1/programming/enpm702_group3/rwa5_3/rwa5_ws/src/group3_rwa5) by extensions ['colcon_pkg']
[1.538s] Level 1:colcon.colcon_core.package_identification:_identify(/home/vboxuser/github/semester_1/programming/enpm702_group3/rwa5_3/rwa5_ws/src/group3_rwa5) by extension 'colcon_pkg'
[1.538s] Level 1:colcon.colcon_core.package_identification:_identify(/home/vboxuser/github/semester_1/programming/enpm702_group3/rwa5_3/rwa5_ws/src/group3_rwa5) by extensions ['colcon_meta']
[1.538s] Level 1:colcon.colcon_core.package_identification:_identify(/home/vboxuser/github/semester_1/programming/enpm702_group3/rwa5_3/rwa5_ws/src/group3_rwa5) by extension 'colcon_meta'
[1.539s] Level 1:colcon.colcon_core.package_identification:_identify(/home/vboxuser/github/semester_1/programming/enpm702_group3/rwa5_3/rwa5_ws/src/group3_rwa5) by extensions ['ros']
[1.539s] Level 1:colcon.colcon_core.package_identification:_identify(/home/vboxuser/github/semester_1/programming/enpm702_group3/rwa5_3/rwa5_ws/src/group3_rwa5) by extension 'ros'
[1.540s] DEBUG:colcon.colcon_core.package_identification:Package '/home/vboxuser/github/semester_1/programming/enpm702_group3/rwa5_3/rwa5_ws/src/group3_rwa5' with type 'ros.ament_cmake' and name 'group3_rwa5'
[1.540s] Level 1:colcon.colcon_core.package_discovery:discover_packages(recursive) using defaults
