[0.065s] Invoking command in '/home/vboxuser/github/semester_1/programming/enpm702_group3/rwa4_3/rwa4_ws/build/group3_rwa4': CMAKE_PREFIX_PATH=${CMAKE_PREFIX_PATH}:/home/vboxuser/ros2_ws2/install/turtlebot3_teleop:/home/vboxuser/ros2_ws2/install/turtlebot3_example:/opt/ros/humble /usr/bin/cmake --build /home/vboxuser/github/semester_1/programming/enpm702_group3/rwa4_3/rwa4_ws/build/group3_rwa4 -- -j4 -l4
[0.112s] -- Found ament_cmake: 1.3.10 (/opt/ros/humble/share/ament_cmake/cmake)
[0.295s] -- Found rclcpp: 16.0.10 (/opt/ros/humble/share/rclcpp/cmake)
[0.326s] -- Found rosidl_generator_c: 3.1.5 (/opt/ros/humble/share/rosidl_generator_c/cmake)
[0.329s] -- Found rosidl_adapter: 3.1.5 (/opt/ros/humble/share/rosidl_adapter/cmake)
[0.338s] -- Found rosidl_generator_cpp: 3.1.5 (/opt/ros/humble/share/rosidl_generator_cpp/cmake)
[0.350s] -- Using all available rosidl_typesupport_c: rosidl_typesupport_fastrtps_c;rosidl_typesupport_introspection_c
[0.367s] -- Using all available rosidl_typesupport_cpp: rosidl_typesupport_fastrtps_cpp;rosidl_typesupport_introspection_cpp
[0.397s] -- Found rmw_implementation_cmake: 6.1.2 (/opt/ros/humble/share/rmw_implementation_cmake/cmake)
[0.399s] -- Found rmw_fastrtps_cpp: 6.2.7 (/opt/ros/humble/share/rmw_fastrtps_cpp/cmake)
[0.565s] -- Using RMW implementation 'rmw_fastrtps_cpp' as default
[0.629s] -- Found ament_lint_auto: 0.12.11 (/opt/ros/humble/share/ament_lint_auto/cmake)
[0.736s] -- Added test 'cppcheck' to perform static code analysis on C / C++ code
[0.736s] -- Configured cppcheck include dirs: /home/vboxuser/github/semester_1/programming/enpm702_group3/rwa4_3/rwa4_ws/src/group3_rwa4/include/group3_rwa4
[0.736s] -- Configured cppcheck exclude dirs and/or files: 
[0.736s] -- Added test 'lint_cmake' to check CMake code style
[0.738s] -- Added test 'uncrustify' to check C / C++ code style
[0.738s] -- Configured uncrustify additional arguments: 
[0.740s] -- Added test 'xmllint' to check XML markup files
[0.746s] -- Configuring done
[0.773s] -- Generating done
[0.777s] -- Build files have been written to: /home/vboxuser/github/semester_1/programming/enpm702_group3/rwa4_3/rwa4_ws/build/group3_rwa4
[0.834s] [ 33%] [32mBuilding CXX object CMakeFiles/hello.dir/src/main.cpp.o[0m
[0.835s] [ 66%] [32mBuilding CXX object CMakeFiles/hello.dir/src/bot_sequence.cpp.o[0m
[4.205s] [100%] [32m[1mLinking CXX executable hello[0m
[4.384s] [100%] Built target hello
[4.420s] Invoked command in '/home/vboxuser/github/semester_1/programming/enpm702_group3/rwa4_3/rwa4_ws/build/group3_rwa4' returned '0': CMAKE_PREFIX_PATH=${CMAKE_PREFIX_PATH}:/home/vboxuser/ros2_ws2/install/turtlebot3_teleop:/home/vboxuser/ros2_ws2/install/turtlebot3_example:/opt/ros/humble /usr/bin/cmake --build /home/vboxuser/github/semester_1/programming/enpm702_group3/rwa4_3/rwa4_ws/build/group3_rwa4 -- -j4 -l4
[4.502s] Invoking command in '/home/vboxuser/github/semester_1/programming/enpm702_group3/rwa4_3/rwa4_ws/build/group3_rwa4': CMAKE_PREFIX_PATH=${CMAKE_PREFIX_PATH}:/home/vboxuser/ros2_ws2/install/turtlebot3_teleop:/home/vboxuser/ros2_ws2/install/turtlebot3_example:/opt/ros/humble /usr/bin/cmake --install /home/vboxuser/github/semester_1/programming/enpm702_group3/rwa4_3/rwa4_ws/build/group3_rwa4
[4.513s] -- Install configuration: ""
[4.514s] -- Installing: /home/vboxuser/github/semester_1/programming/enpm702_group3/rwa4_3/rwa4_ws/install/group3_rwa4/lib/group3_rwa4/hello
[4.514s] -- Set runtime path of "/home/vboxuser/github/semester_1/programming/enpm702_group3/rwa4_3/rwa4_ws/install/group3_rwa4/lib/group3_rwa4/hello" to ""
[4.515s] -- Up-to-date: /home/vboxuser/github/semester_1/programming/enpm702_group3/rwa4_3/rwa4_ws/install/group3_rwa4/share/ament_index/resource_index/package_run_dependencies/group3_rwa4
[4.515s] -- Installing: /home/vboxuser/github/semester_1/programming/enpm702_group3/rwa4_3/rwa4_ws/install/group3_rwa4/share/ament_index/resource_index/parent_prefix_path/group3_rwa4
[4.515s] -- Installing: /home/vboxuser/github/semester_1/programming/enpm702_group3/rwa4_3/rwa4_ws/install/group3_rwa4/share/group3_rwa4/environment/ament_prefix_path.sh
[4.515s] -- Installing: /home/vboxuser/github/semester_1/programming/enpm702_group3/rwa4_3/rwa4_ws/install/group3_rwa4/share/group3_rwa4/environment/ament_prefix_path.dsv
[4.517s] -- Installing: /home/vboxuser/github/semester_1/programming/enpm702_group3/rwa4_3/rwa4_ws/install/group3_rwa4/share/group3_rwa4/environment/path.sh
[4.518s] -- Installing: /home/vboxuser/github/semester_1/programming/enpm702_group3/rwa4_3/rwa4_ws/install/group3_rwa4/share/group3_rwa4/environment/path.dsv
[4.519s] -- Up-to-date: /home/vboxuser/github/semester_1/programming/enpm702_group3/rwa4_3/rwa4_ws/install/group3_rwa4/share/group3_rwa4/local_setup.bash
[4.519s] -- Up-to-date: /home/vboxuser/github/semester_1/programming/enpm702_group3/rwa4_3/rwa4_ws/install/group3_rwa4/share/group3_rwa4/local_setup.sh
[4.519s] -- Up-to-date: /home/vboxuser/github/semester_1/programming/enpm702_group3/rwa4_3/rwa4_ws/install/group3_rwa4/share/group3_rwa4/local_setup.zsh
[4.519s] -- Installing: /home/vboxuser/github/semester_1/programming/enpm702_group3/rwa4_3/rwa4_ws/install/group3_rwa4/share/group3_rwa4/local_setup.dsv
[4.519s] -- Installing: /home/vboxuser/github/semester_1/programming/enpm702_group3/rwa4_3/rwa4_ws/install/group3_rwa4/share/group3_rwa4/package.dsv
[4.519s] -- Up-to-date: /home/vboxuser/github/semester_1/programming/enpm702_group3/rwa4_3/rwa4_ws/install/group3_rwa4/share/ament_index/resource_index/packages/group3_rwa4
[4.519s] -- Up-to-date: /home/vboxuser/github/semester_1/programming/enpm702_group3/rwa4_3/rwa4_ws/install/group3_rwa4/share/group3_rwa4/cmake/group3_rwa4Config.cmake
[4.521s] -- Up-to-date: /home/vboxuser/github/semester_1/programming/enpm702_group3/rwa4_3/rwa4_ws/install/group3_rwa4/share/group3_rwa4/cmake/group3_rwa4Config-version.cmake
[4.521s] -- Up-to-date: /home/vboxuser/github/semester_1/programming/enpm702_group3/rwa4_3/rwa4_ws/install/group3_rwa4/share/group3_rwa4/package.xml
[4.522s] Invoked command in '/home/vboxuser/github/semester_1/programming/enpm702_group3/rwa4_3/rwa4_ws/build/group3_rwa4' returned '0': CMAKE_PREFIX_PATH=${CMAKE_PREFIX_PATH}:/home/vboxuser/ros2_ws2/install/turtlebot3_teleop:/home/vboxuser/ros2_ws2/install/turtlebot3_example:/opt/ros/humble /usr/bin/cmake --install /home/vboxuser/github/semester_1/programming/enpm702_group3/rwa4_3/rwa4_ws/build/group3_rwa4
